2026-06-17 12:25:33 [background-preinit] INFO  o.h.validator.internal.util.Version - HV000001: Hibernate Validator 8.0.1.Final
2026-06-17 12:25:33 [main] INFO  c.c.g.GrievanceServiceApplication - Starting GrievanceServiceApplication using Java 21.0.2 with PID 24084 (C:\Users\2506602\Downloads\civicdesk (1)\grievance-service\target\classes started by 2506602 in C:\Users\2506602\Downloads\civicdesk (1))
2026-06-17 12:25:33 [main] INFO  c.c.g.GrievanceServiceApplication - No active profile set, falling back to 1 default profile: "default"
2026-06-17 12:25:34 [main] INFO  o.s.d.r.c.RepositoryConfigurationDelegate - Bootstrapping Spring Data JPA repositories in DEFAULT mode.
2026-06-17 12:25:35 [main] INFO  o.s.d.r.c.RepositoryConfigurationDelegate - Finished Spring Data repository scanning in 88 ms. Found 2 JPA repository interfaces.
2026-06-17 12:25:35 [main] INFO  o.s.b.w.e.tomcat.TomcatWebServer - Tomcat initialized with port 8085 (http)
2026-06-17 12:25:35 [main] INFO  o.a.coyote.http11.Http11NioProtocol - Initializing ProtocolHandler ["http-nio-8085"]
2026-06-17 12:25:35 [main] INFO  o.a.catalina.core.StandardService - Starting service [Tomcat]
2026-06-17 12:25:36 [main] INFO  o.a.catalina.core.StandardEngine - Starting Servlet engine: [Apache Tomcat/10.1.20]
2026-06-17 12:25:36 [main] INFO  o.a.c.c.C.[Tomcat].[localhost].[/] - Initializing Spring embedded WebApplicationContext
2026-06-17 12:25:36 [main] INFO  o.s.b.w.s.c.ServletWebServerApplicationContext - Root WebApplicationContext: initialization completed in 2594 ms
2026-06-17 12:25:36 [main] INFO  o.h.jpa.internal.util.LogHelper - HHH000204: Processing PersistenceUnitInfo [name: default]
2026-06-17 12:25:36 [main] INFO  org.hibernate.Version - HHH000412: Hibernate ORM core version 6.4.4.Final
2026-06-17 12:25:36 [main] INFO  o.h.c.i.RegionFactoryInitiator - HHH000026: Second-level cache disabled
2026-06-17 12:25:36 [main] INFO  o.s.o.j.p.SpringPersistenceUnitInfo - No LoadTimeWeaver setup: ignoring JPA class transformer
2026-06-17 12:25:36 [main] INFO  com.zaxxer.hikari.HikariDataSource - HikariPool-1 - Starting...
2026-06-17 12:25:37 [main] INFO  com.zaxxer.hikari.pool.HikariPool - HikariPool-1 - Added connection com.mysql.cj.jdbc.ConnectionImpl@5a90fcaa
2026-06-17 12:25:37 [main] INFO  com.zaxxer.hikari.HikariDataSource - HikariPool-1 - Start completed.
2026-06-17 12:25:37 [main] WARN  org.hibernate.orm.deprecation - HHH90000025: MySQLDialect does not need to be specified explicitly using 'hibernate.dialect' (remove the property setting and it will be selected by default)
2026-06-17 12:25:38 [main] INFO  o.h.e.t.j.p.i.JtaPlatformInitiator - HHH000489: No JTA platform available (set 'hibernate.transaction.jta.platform' to enable JTA platform integration)
2026-06-17 12:25:39 [main] INFO  o.s.o.j.LocalContainerEntityManagerFactoryBean - Initialized JPA EntityManagerFactory for persistence unit 'default'
2026-06-17 12:25:39 [main] INFO  o.s.d.j.r.query.QueryEnhancerFactory - Hibernate is in classpath; If applicable, HQL parser will be used.
2026-06-17 12:25:40 [main] WARN  o.s.b.a.o.j.JpaBaseConfiguration$JpaWebConfiguration - spring.jpa.open-in-view is enabled by default. Therefore, database queries may be performed during view rendering. Explicitly configure spring.jpa.open-in-view to disable this warning
2026-06-17 12:25:40 [main] WARN  o.s.b.a.s.s.UserDetailsServiceAutoConfiguration - 

Using generated security password: 361e4db9-0a04-49ec-a56d-481d97647345

This generated password is for development use only. Your security configuration must be updated before running your application in production.

2026-06-17 12:25:41 [main] INFO  o.s.s.web.DefaultSecurityFilterChain - Will secure any request with [org.springframework.security.web.session.DisableEncodeUrlFilter@732ffb6a, org.springframework.security.web.context.request.async.WebAsyncManagerIntegrationFilter@5ed83e36, org.springframework.security.web.context.SecurityContextHolderFilter@674cd2da, org.springframework.security.web.header.HeaderWriterFilter@214738c1, org.springframework.web.filter.CorsFilter@2459715c, org.springframework.security.web.authentication.logout.LogoutFilter@65c040c9, com.civicdesk.grievance.security.JwtAuthFilter@1578b8ec, org.springframework.security.web.savedrequest.RequestCacheAwareFilter@6b28d4e4, org.springframework.security.web.servletapi.SecurityContextHolderAwareRequestFilter@41cfcbb5, org.springframework.security.web.authentication.AnonymousAuthenticationFilter@401e36ab, org.springframework.security.web.session.SessionManagementFilter@36573ec5, org.springframework.security.web.access.ExceptionTranslationFilter@3b0471a5, org.springframework.security.web.access.intercept.AuthorizationFilter@13d7d1a8]
2026-06-17 12:25:41 [main] INFO  o.a.coyote.http11.Http11NioProtocol - Starting ProtocolHandler ["http-nio-8085"]
2026-06-17 12:25:41 [main] INFO  o.s.b.w.e.tomcat.TomcatWebServer - Tomcat started on port 8085 (http) with context path ''
2026-06-17 12:25:41 [main] INFO  c.c.g.GrievanceServiceApplication - Started GrievanceServiceApplication in 9.246 seconds (process running for 9.923)
2026-06-17 12:53:20 [background-preinit] INFO  o.h.validator.internal.util.Version - HV000001: Hibernate Validator 8.0.1.Final
2026-06-17 12:53:20 [main] INFO  c.c.g.GrievanceServiceApplication - Starting GrievanceServiceApplication using Java 21.0.2 with PID 9084 (C:\Users\2506602\Downloads\civicdesk (1)\grievance-service\target\classes started by 2506602 in C:\Users\2506602\Downloads\civicdesk (1))
2026-06-17 12:53:20 [main] INFO  c.c.g.GrievanceServiceApplication - No active profile set, falling back to 1 default profile: "default"
2026-06-17 12:53:22 [main] INFO  o.s.d.r.c.RepositoryConfigurationDelegate - Bootstrapping Spring Data JPA repositories in DEFAULT mode.
2026-06-17 12:53:22 [main] INFO  o.s.d.r.c.RepositoryConfigurationDelegate - Finished Spring Data repository scanning in 55 ms. Found 2 JPA repository interfaces.
2026-06-17 12:53:22 [main] INFO  o.s.b.w.e.tomcat.TomcatWebServer - Tomcat initialized with port 8085 (http)
2026-06-17 12:53:22 [main] INFO  o.a.coyote.http11.Http11NioProtocol - Initializing ProtocolHandler ["http-nio-8085"]
2026-06-17 12:53:22 [main] INFO  o.a.catalina.core.StandardService - Starting service [Tomcat]
2026-06-17 12:53:22 [main] INFO  o.a.catalina.core.StandardEngine - Starting Servlet engine: [Apache Tomcat/10.1.20]
2026-06-17 12:53:23 [main] INFO  o.a.c.c.C.[Tomcat].[localhost].[/] - Initializing Spring embedded WebApplicationContext
2026-06-17 12:53:23 [main] INFO  o.s.b.w.s.c.ServletWebServerApplicationContext - Root WebApplicationContext: initialization completed in 2050 ms
2026-06-17 12:53:23 [main] INFO  o.h.jpa.internal.util.LogHelper - HHH000204: Processing PersistenceUnitInfo [name: default]
2026-06-17 12:53:23 [main] INFO  org.hibernate.Version - HHH000412: Hibernate ORM core version 6.4.4.Final
2026-06-17 12:53:23 [main] INFO  o.h.c.i.RegionFactoryInitiator - HHH000026: Second-level cache disabled
2026-06-17 12:53:23 [main] INFO  o.s.o.j.p.SpringPersistenceUnitInfo - No LoadTimeWeaver setup: ignoring JPA class transformer
2026-06-17 12:53:23 [main] INFO  com.zaxxer.hikari.HikariDataSource - HikariPool-1 - Starting...
2026-06-17 12:53:23 [main] INFO  com.zaxxer.hikari.pool.HikariPool - HikariPool-1 - Added connection com.mysql.cj.jdbc.ConnectionImpl@702f4124
2026-06-17 12:53:23 [main] INFO  com.zaxxer.hikari.HikariDataSource - HikariPool-1 - Start completed.
2026-06-17 12:53:23 [main] WARN  org.hibernate.orm.deprecation - HHH90000025: MySQLDialect does not need to be specified explicitly using 'hibernate.dialect' (remove the property setting and it will be selected by default)
2026-06-17 12:53:25 [main] INFO  o.h.e.t.j.p.i.JtaPlatformInitiator - HHH000489: No JTA platform available (set 'hibernate.transaction.jta.platform' to enable JTA platform integration)
2026-06-17 12:53:25 [main] INFO  o.s.o.j.LocalContainerEntityManagerFactoryBean - Initialized JPA EntityManagerFactory for persistence unit 'default'
2026-06-17 12:53:25 [main] INFO  o.s.d.j.r.query.QueryEnhancerFactory - Hibernate is in classpath; If applicable, HQL parser will be used.
2026-06-17 12:53:27 [main] WARN  o.s.b.a.o.j.JpaBaseConfiguration$JpaWebConfiguration - spring.jpa.open-in-view is enabled by default. Therefore, database queries may be performed during view rendering. Explicitly configure spring.jpa.open-in-view to disable this warning
2026-06-17 12:53:27 [main] WARN  o.s.b.a.s.s.UserDetailsServiceAutoConfiguration - 

Using generated security password: ec289943-978b-4d06-bfae-1d6a7ad02c7e

This generated password is for development use only. Your security configuration must be updated before running your application in production.

2026-06-17 12:53:27 [main] INFO  o.s.s.web.DefaultSecurityFilterChain - Will secure any request with [org.springframework.security.web.session.DisableEncodeUrlFilter@b38dc7d, org.springframework.security.web.context.request.async.WebAsyncManagerIntegrationFilter@746cb25d, org.springframework.security.web.context.SecurityContextHolderFilter@293ccbdd, org.springframework.security.web.header.HeaderWriterFilter@53d0cf4d, org.springframework.web.filter.CorsFilter@4b9187de, org.springframework.security.web.authentication.logout.LogoutFilter@3e37c38f, com.civicdesk.grievance.security.JwtAuthFilter@13d019a4, org.springframework.security.web.savedrequest.RequestCacheAwareFilter@474a63d9, org.springframework.security.web.servletapi.SecurityContextHolderAwareRequestFilter@1b8d0c21, org.springframework.security.web.authentication.AnonymousAuthenticationFilter@7c068c7b, org.springframework.security.web.session.SessionManagementFilter@77198cce, org.springframework.security.web.access.ExceptionTranslationFilter@401e36ab, org.springframework.security.web.access.intercept.AuthorizationFilter@5cf4c93]
2026-06-17 12:53:28 [main] INFO  o.a.coyote.http11.Http11NioProtocol - Starting ProtocolHandler ["http-nio-8085"]
2026-06-17 12:53:28 [main] WARN  o.s.b.w.s.c.AnnotationConfigServletWebServerApplicationContext - Exception encountered during context initialization - cancelling refresh attempt: org.springframework.context.ApplicationContextException: Failed to start bean 'webServerStartStop'
2026-06-17 12:53:28 [main] INFO  o.s.o.j.LocalContainerEntityManagerFactoryBean - Closing JPA EntityManagerFactory for persistence unit 'default'
2026-06-17 12:53:28 [main] INFO  com.zaxxer.hikari.HikariDataSource - HikariPool-1 - Shutdown initiated...
2026-06-17 12:53:28 [main] INFO  com.zaxxer.hikari.HikariDataSource - HikariPool-1 - Shutdown completed.
2026-06-17 12:53:28 [main] INFO  o.s.b.a.l.ConditionEvaluationReportLogger - 

Error starting ApplicationContext. To display the condition evaluation report re-run your application with 'debug' enabled.
2026-06-17 12:53:28 [main] ERROR o.s.b.d.LoggingFailureAnalysisReporter - 

***************************
APPLICATION FAILED TO START
***************************

Description:

Web server failed to start. Port 8085 was already in use.

Action:

Identify and stop the process that's listening on port 8085 or configure this application to listen on another port.

2026-06-17 13:21:55 [HikariPool-1 housekeeper] WARN  com.zaxxer.hikari.pool.HikariPool - HikariPool-1 - Thread starvation or clock leap detected (housekeeper delta=18m16s194ms258µs500ns).
2026-06-17 14:14:03 [background-preinit] INFO  o.h.validator.internal.util.Version - HV000001: Hibernate Validator 8.0.1.Final
2026-06-17 14:14:03 [main] INFO  c.c.g.GrievanceServiceApplication - Starting GrievanceServiceApplication using Java 21.0.2 with PID 21768 (C:\Users\2506602\Downloads\civicdesk (1)\grievance-service\target\classes started by 2506602 in C:\Users\2506602\Downloads\civicdesk (1))
2026-06-17 14:14:03 [main] INFO  c.c.g.GrievanceServiceApplication - No active profile set, falling back to 1 default profile: "default"
2026-06-17 14:14:05 [main] INFO  o.s.d.r.c.RepositoryConfigurationDelegate - Bootstrapping Spring Data JPA repositories in DEFAULT mode.
2026-06-17 14:14:05 [main] INFO  o.s.d.r.c.RepositoryConfigurationDelegate - Finished Spring Data repository scanning in 122 ms. Found 2 JPA repository interfaces.
2026-06-17 14:14:07 [main] INFO  o.s.b.w.e.tomcat.TomcatWebServer - Tomcat initialized with port 8085 (http)
2026-06-17 14:14:07 [main] INFO  o.a.coyote.http11.Http11NioProtocol - Initializing ProtocolHandler ["http-nio-8085"]
2026-06-17 14:14:07 [main] INFO  o.a.catalina.core.StandardService - Starting service [Tomcat]
2026-06-17 14:14:07 [main] INFO  o.a.catalina.core.StandardEngine - Starting Servlet engine: [Apache Tomcat/10.1.20]
2026-06-17 14:14:07 [main] INFO  o.a.c.c.C.[Tomcat].[localhost].[/] - Initializing Spring embedded WebApplicationContext
2026-06-17 14:14:07 [main] INFO  o.s.b.w.s.c.ServletWebServerApplicationContext - Root WebApplicationContext: initialization completed in 3683 ms
2026-06-17 14:14:07 [main] INFO  o.h.jpa.internal.util.LogHelper - HHH000204: Processing PersistenceUnitInfo [name: default]
2026-06-17 14:14:07 [main] INFO  org.hibernate.Version - HHH000412: Hibernate ORM core version 6.4.4.Final
2026-06-17 14:14:07 [main] INFO  o.h.c.i.RegionFactoryInitiator - HHH000026: Second-level cache disabled
2026-06-17 14:14:08 [main] INFO  o.s.o.j.p.SpringPersistenceUnitInfo - No LoadTimeWeaver setup: ignoring JPA class transformer
2026-06-17 14:14:08 [main] INFO  com.zaxxer.hikari.HikariDataSource - HikariPool-1 - Starting...
2026-06-17 14:14:09 [main] INFO  com.zaxxer.hikari.pool.HikariPool - HikariPool-1 - Added connection com.mysql.cj.jdbc.ConnectionImpl@702f4124
2026-06-17 14:14:09 [main] INFO  com.zaxxer.hikari.HikariDataSource - HikariPool-1 - Start completed.
2026-06-17 14:14:09 [main] WARN  org.hibernate.orm.deprecation - HHH90000025: MySQLDialect does not need to be specified explicitly using 'hibernate.dialect' (remove the property setting and it will be selected by default)
2026-06-17 14:14:12 [main] INFO  o.h.e.t.j.p.i.JtaPlatformInitiator - HHH000489: No JTA platform available (set 'hibernate.transaction.jta.platform' to enable JTA platform integration)
2026-06-17 14:14:12 [main] INFO  o.s.o.j.LocalContainerEntityManagerFactoryBean - Initialized JPA EntityManagerFactory for persistence unit 'default'
2026-06-17 14:14:13 [main] INFO  o.s.d.j.r.query.QueryEnhancerFactory - Hibernate is in classpath; If applicable, HQL parser will be used.
2026-06-17 14:14:15 [main] WARN  o.s.b.a.o.j.JpaBaseConfiguration$JpaWebConfiguration - spring.jpa.open-in-view is enabled by default. Therefore, database queries may be performed during view rendering. Explicitly configure spring.jpa.open-in-view to disable this warning
2026-06-17 14:14:15 [main] WARN  o.s.b.a.s.s.UserDetailsServiceAutoConfiguration - 

Using generated security password: eeef3aad-528d-4199-aaae-8c4328209a0b

This generated password is for development use only. Your security configuration must be updated before running your application in production.

2026-06-17 14:14:16 [main] INFO  o.s.s.web.DefaultSecurityFilterChain - Will secure any request with [org.springframework.security.web.session.DisableEncodeUrlFilter@67171221, org.springframework.security.web.context.request.async.WebAsyncManagerIntegrationFilter@2f3a3fec, org.springframework.security.web.context.SecurityContextHolderFilter@1026a011, org.springframework.security.web.header.HeaderWriterFilter@40f40221, org.springframework.web.filter.CorsFilter@1d7d2345, org.springframework.security.web.authentication.logout.LogoutFilter@19e552a3, com.civicdesk.grievance.security.JwtAuthFilter@172f4514, org.springframework.security.web.savedrequest.RequestCacheAwareFilter@353aadd7, org.springframework.security.web.servletapi.SecurityContextHolderAwareRequestFilter@39595a8, org.springframework.security.web.authentication.AnonymousAuthenticationFilter@43a8dd9b, org.springframework.security.web.session.SessionManagementFilter@1b8d0c21, org.springframework.security.web.access.ExceptionTranslationFilter@279b83ea, org.springframework.security.web.access.intercept.AuthorizationFilter@7c068c7b]
2026-06-17 14:14:17 [main] INFO  o.a.coyote.http11.Http11NioProtocol - Starting ProtocolHandler ["http-nio-8085"]
2026-06-17 14:14:17 [main] WARN  o.s.b.w.s.c.AnnotationConfigServletWebServerApplicationContext - Exception encountered during context initialization - cancelling refresh attempt: org.springframework.context.ApplicationContextException: Failed to start bean 'webServerStartStop'
2026-06-17 14:14:17 [main] INFO  o.s.o.j.LocalContainerEntityManagerFactoryBean - Closing JPA EntityManagerFactory for persistence unit 'default'
2026-06-17 14:14:17 [main] INFO  com.zaxxer.hikari.HikariDataSource - HikariPool-1 - Shutdown initiated...
2026-06-17 14:14:17 [main] INFO  com.zaxxer.hikari.HikariDataSource - HikariPool-1 - Shutdown completed.
2026-06-17 14:14:17 [main] INFO  o.s.b.a.l.ConditionEvaluationReportLogger - 

Error starting ApplicationContext. To display the condition evaluation report re-run your application with 'debug' enabled.
2026-06-17 14:14:17 [main] ERROR o.s.b.d.LoggingFailureAnalysisReporter - 

***************************
APPLICATION FAILED TO START
***************************

Description:

Web server failed to start. Port 8085 was already in use.

Action:

Identify and stop the process that's listening on port 8085 or configure this application to listen on another port.

2026-06-17 15:38:33 [SpringApplicationShutdownHook] INFO  o.s.o.j.LocalContainerEntityManagerFactoryBean - Closing JPA EntityManagerFactory for persistence unit 'default'
2026-06-17 15:38:33 [SpringApplicationShutdownHook] INFO  com.zaxxer.hikari.HikariDataSource - HikariPool-1 - Shutdown initiated...
2026-06-17 15:38:33 [SpringApplicationShutdownHook] INFO  com.zaxxer.hikari.HikariDataSource - HikariPool-1 - Shutdown completed.
2026-06-17 23:34:57 [background-preinit] INFO  o.h.validator.internal.util.Version - HV000001: Hibernate Validator 8.0.1.Final
2026-06-17 23:34:57 [main] INFO  c.c.g.GrievanceServiceApplication - Starting GrievanceServiceApplication using Java 21.0.2 with PID 32636 (C:\Users\2506602\Downloads\civicdesk (1)\grievance-service\target\classes started by 2506602 in C:\Users\2506602\Downloads\civicdesk (1))
2026-06-17 23:34:57 [main] INFO  c.c.g.GrievanceServiceApplication - No active profile set, falling back to 1 default profile: "default"
2026-06-17 23:34:59 [main] INFO  o.s.d.r.c.RepositoryConfigurationDelegate - Bootstrapping Spring Data JPA repositories in DEFAULT mode.
2026-06-17 23:34:59 [main] INFO  o.s.d.r.c.RepositoryConfigurationDelegate - Finished Spring Data repository scanning in 104 ms. Found 2 JPA repository interfaces.
2026-06-17 23:35:00 [main] INFO  o.s.b.w.e.tomcat.TomcatWebServer - Tomcat initialized with port 8085 (http)
2026-06-17 23:35:00 [main] INFO  o.a.coyote.http11.Http11NioProtocol - Initializing ProtocolHandler ["http-nio-8085"]
2026-06-17 23:35:00 [main] INFO  o.a.catalina.core.StandardService - Starting service [Tomcat]
2026-06-17 23:35:00 [main] INFO  o.a.catalina.core.StandardEngine - Starting Servlet engine: [Apache Tomcat/10.1.20]
2026-06-17 23:35:00 [main] INFO  o.a.c.c.C.[Tomcat].[localhost].[/] - Initializing Spring embedded WebApplicationContext
2026-06-17 23:35:00 [main] INFO  o.s.b.w.s.c.ServletWebServerApplicationContext - Root WebApplicationContext: initialization completed in 2924 ms
2026-06-17 23:35:00 [main] INFO  o.h.jpa.internal.util.LogHelper - HHH000204: Processing PersistenceUnitInfo [name: default]
2026-06-17 23:35:00 [main] INFO  org.hibernate.Version - HHH000412: Hibernate ORM core version 6.4.4.Final
2026-06-17 23:35:00 [main] INFO  o.h.c.i.RegionFactoryInitiator - HHH000026: Second-level cache disabled
2026-06-17 23:35:01 [main] INFO  o.s.o.j.p.SpringPersistenceUnitInfo - No LoadTimeWeaver setup: ignoring JPA class transformer
2026-06-17 23:35:01 [main] INFO  com.zaxxer.hikari.HikariDataSource - HikariPool-1 - Starting...
2026-06-17 23:35:01 [main] INFO  com.zaxxer.hikari.pool.HikariPool - HikariPool-1 - Added connection com.mysql.cj.jdbc.ConnectionImpl@1ad1be5d
2026-06-17 23:35:01 [main] INFO  com.zaxxer.hikari.HikariDataSource - HikariPool-1 - Start completed.
2026-06-17 23:35:01 [main] WARN  org.hibernate.orm.deprecation - HHH90000025: MySQLDialect does not need to be specified explicitly using 'hibernate.dialect' (remove the property setting and it will be selected by default)
2026-06-17 23:35:03 [main] INFO  o.h.e.t.j.p.i.JtaPlatformInitiator - HHH000489: No JTA platform available (set 'hibernate.transaction.jta.platform' to enable JTA platform integration)
2026-06-17 23:35:03 [main] INFO  o.s.o.j.LocalContainerEntityManagerFactoryBean - Initialized JPA EntityManagerFactory for persistence unit 'default'
2026-06-17 23:35:04 [main] INFO  o.s.d.j.r.query.QueryEnhancerFactory - Hibernate is in classpath; If applicable, HQL parser will be used.
2026-06-17 23:35:05 [main] WARN  o.s.b.a.o.j.JpaBaseConfiguration$JpaWebConfiguration - spring.jpa.open-in-view is enabled by default. Therefore, database queries may be performed during view rendering. Explicitly configure spring.jpa.open-in-view to disable this warning
2026-06-17 23:35:05 [main] WARN  o.s.b.a.s.s.UserDetailsServiceAutoConfiguration - 

Using generated security password: d45afbc8-d63d-4356-85fb-4637d166382b

This generated password is for development use only. Your security configuration must be updated before running your application in production.

2026-06-17 23:35:06 [main] INFO  o.s.s.web.DefaultSecurityFilterChain - Will secure any request with [org.springframework.security.web.session.DisableEncodeUrlFilter@5cf4c93, org.springframework.security.web.context.request.async.WebAsyncManagerIntegrationFilter@55cd41f7, org.springframework.security.web.context.SecurityContextHolderFilter@77198cce, org.springframework.security.web.header.HeaderWriterFilter@2459715c, org.springframework.web.filter.CorsFilter@2ff30a75, org.springframework.security.web.authentication.logout.LogoutFilter@74bca236, com.civicdesk.grievance.security.JwtAuthFilter@7df6d663, org.springframework.security.web.savedrequest.RequestCacheAwareFilter@383c94ed, org.springframework.security.web.servletapi.SecurityContextHolderAwareRequestFilter@293ccbdd, org.springframework.security.web.authentication.AnonymousAuthenticationFilter@b38dc7d, org.springframework.security.web.session.SessionManagementFilter@164dfad2, org.springframework.security.web.access.ExceptionTranslationFilter@732ffb6a, org.springframework.security.web.access.intercept.AuthorizationFilter@22a5f12]
2026-06-17 23:35:06 [main] INFO  o.a.coyote.http11.Http11NioProtocol - Starting ProtocolHandler ["http-nio-8085"]
2026-06-17 23:35:07 [main] INFO  o.s.b.w.e.tomcat.TomcatWebServer - Tomcat started on port 8085 (http) with context path ''
2026-06-17 23:35:07 [main] INFO  c.c.g.GrievanceServiceApplication - Started GrievanceServiceApplication in 10.54 seconds (process running for 11.307)
2026-06-17 23:49:44 [SpringApplicationShutdownHook] INFO  o.s.o.j.LocalContainerEntityManagerFactoryBean - Closing JPA EntityManagerFactory for persistence unit 'default'
2026-06-17 23:49:44 [SpringApplicationShutdownHook] INFO  com.zaxxer.hikari.HikariDataSource - HikariPool-1 - Shutdown initiated...
2026-06-17 23:49:44 [SpringApplicationShutdownHook] INFO  com.zaxxer.hikari.HikariDataSource - HikariPool-1 - Shutdown completed.
