2026-06-17 12:49:34.844 [background-preinit] INFO  [o.h.validator.internal.util.Version] - HV000001: Hibernate Validator 8.0.1.Final
2026-06-17 12:49:34.903 [main] INFO  [c.c.auth.AuthServiceApplication] - Starting AuthServiceApplication using Java 21.0.2 with PID 6712 (C:\Users\2506602\Downloads\civicdesk (1)\auth-service\target\classes started by 2506602 in C:\Users\2506602\Downloads\civicdesk (1))
2026-06-17 12:49:34.904 [main] DEBUG [c.c.auth.AuthServiceApplication] - Running with Spring Boot v3.2.5, Spring v6.1.6
2026-06-17 12:49:34.905 [main] INFO  [c.c.auth.AuthServiceApplication] - No active profile set, falling back to 1 default profile: "default"
2026-06-17 12:49:36.202 [main] INFO  [o.s.d.r.c.RepositoryConfigurationDelegate] - Bootstrapping Spring Data JPA repositories in DEFAULT mode.
2026-06-17 12:49:36.276 [main] INFO  [o.s.d.r.c.RepositoryConfigurationDelegate] - Finished Spring Data repository scanning in 67 ms. Found 2 JPA repository interfaces.
2026-06-17 12:49:36.868 [main] INFO  [o.s.b.w.e.tomcat.TomcatWebServer] - Tomcat initialized with port 8081 (http)
2026-06-17 12:49:36.881 [main] INFO  [o.a.coyote.http11.Http11NioProtocol] - Initializing ProtocolHandler ["http-nio-8081"]
2026-06-17 12:49:36.885 [main] INFO  [o.a.catalina.core.StandardService] - Starting service [Tomcat]
2026-06-17 12:49:36.885 [main] INFO  [o.a.catalina.core.StandardEngine] - Starting Servlet engine: [Apache Tomcat/10.1.20]
2026-06-17 12:49:36.970 [main] INFO  [o.a.c.c.C.[Tomcat].[localhost].[/]] - Initializing Spring embedded WebApplicationContext
2026-06-17 12:49:36.971 [main] INFO  [o.s.b.w.s.c.ServletWebServerApplicationContext] - Root WebApplicationContext: initialization completed in 1967 ms
2026-06-17 12:49:37.144 [main] INFO  [o.h.jpa.internal.util.LogHelper] - HHH000204: Processing PersistenceUnitInfo [name: default]
2026-06-17 12:49:37.224 [main] INFO  [org.hibernate.Version] - HHH000412: Hibernate ORM core version 6.4.4.Final
2026-06-17 12:49:37.268 [main] INFO  [o.h.c.i.RegionFactoryInitiator] - HHH000026: Second-level cache disabled
2026-06-17 12:49:37.595 [main] INFO  [o.s.o.j.p.SpringPersistenceUnitInfo] - No LoadTimeWeaver setup: ignoring JPA class transformer
2026-06-17 12:49:37.630 [main] INFO  [com.zaxxer.hikari.HikariDataSource] - HikariPool-1 - Starting...
2026-06-17 12:49:37.829 [main] INFO  [com.zaxxer.hikari.pool.HikariPool] - HikariPool-1 - Added connection com.mysql.cj.jdbc.ConnectionImpl@1857fe6c
2026-06-17 12:49:37.832 [main] INFO  [com.zaxxer.hikari.HikariDataSource] - HikariPool-1 - Start completed.
2026-06-17 12:49:37.914 [main] WARN  [org.hibernate.orm.deprecation] - HHH90000025: MySQLDialect does not need to be specified explicitly using 'hibernate.dialect' (remove the property setting and it will be selected by default)
2026-06-17 12:49:39.205 [main] INFO  [o.h.e.t.j.p.i.JtaPlatformInitiator] - HHH000489: No JTA platform available (set 'hibernate.transaction.jta.platform' to enable JTA platform integration)
2026-06-17 12:49:39.398 [main] INFO  [o.s.o.j.LocalContainerEntityManagerFactoryBean] - Initialized JPA EntityManagerFactory for persistence unit 'default'
2026-06-17 12:49:39.752 [main] DEBUG [c.c.auth.security.JwtAuthFilter] - Filter 'jwtAuthFilter' configured for use
2026-06-17 12:49:40.012 [main] WARN  [o.s.b.a.o.j.JpaBaseConfiguration$JpaWebConfiguration] - spring.jpa.open-in-view is enabled by default. Therefore, database queries may be performed during view rendering. Explicitly configure spring.jpa.open-in-view to disable this warning
2026-06-17 12:49:40.310 [main] INFO  [o.s.s.web.DefaultSecurityFilterChain] - Will secure any request with [org.springframework.security.web.session.DisableEncodeUrlFilter@4e23ddf0, org.springframework.security.web.context.request.async.WebAsyncManagerIntegrationFilter@4e00723b, org.springframework.security.web.context.SecurityContextHolderFilter@123d666b, org.springframework.security.web.header.HeaderWriterFilter@397f9672, org.springframework.web.filter.CorsFilter@7e305953, org.springframework.security.web.authentication.logout.LogoutFilter@f3c27e9, com.civicdesk.auth.security.JwtAuthFilter@7657d29f, org.springframework.security.web.savedrequest.RequestCacheAwareFilter@7e44f989, org.springframework.security.web.servletapi.SecurityContextHolderAwareRequestFilter@2d5b549b, org.springframework.security.web.authentication.AnonymousAuthenticationFilter@59d7d574, org.springframework.security.web.session.SessionManagementFilter@7bfedfb7, org.springframework.security.web.access.ExceptionTranslationFilter@464017f5, org.springframework.security.web.access.intercept.AuthorizationFilter@5a0b550a]
2026-06-17 12:49:40.653 [main] INFO  [o.a.coyote.http11.Http11NioProtocol] - Starting ProtocolHandler ["http-nio-8081"]
2026-06-17 12:49:40.673 [main] INFO  [o.s.b.w.e.tomcat.TomcatWebServer] - Tomcat started on port 8081 (http) with context path ''
2026-06-17 12:49:40.681 [main] INFO  [c.c.auth.AuthServiceApplication] - Started AuthServiceApplication in 6.523 seconds (process running for 7.13)
2026-06-17 12:49:40.683 [main] INFO  [c.c.auth.AuthServiceApplication] - ===========================================
2026-06-17 12:49:40.684 [main] INFO  [c.c.auth.AuthServiceApplication] -   CivicDesk Auth Service — STARTED
2026-06-17 12:49:40.684 [main] INFO  [c.c.auth.AuthServiceApplication] -   Swagger UI: http://localhost:8081/swagger-ui.html
2026-06-17 12:49:40.684 [main] INFO  [c.c.auth.AuthServiceApplication] - ===========================================
2026-06-17 12:50:08.585 [http-nio-8081-exec-1] INFO  [o.a.c.c.C.[Tomcat].[localhost].[/]] - Initializing Spring DispatcherServlet 'dispatcherServlet'
2026-06-17 12:50:08.586 [http-nio-8081-exec-1] INFO  [o.s.web.servlet.DispatcherServlet] - Initializing Servlet 'dispatcherServlet'
2026-06-17 12:50:08.587 [http-nio-8081-exec-1] INFO  [o.s.web.servlet.DispatcherServlet] - Completed initialization in 0 ms
2026-06-17 12:50:09.840 [http-nio-8081-exec-1] INFO  [c.civicdesk.auth.service.AuthService] - Citizen registered: amirtha@civicdesk.com
2026-06-17 12:50:09.855 [http-nio-8081-exec-1] INFO  [c.c.auth.service.AuditLogService] - AUDIT | userId=1 | action=CITIZEN_REGISTERED | module=AUTH | ip=0:0:0:0:0:0:0:1
2026-06-17 12:52:46.682 [SpringApplicationShutdownHook] INFO  [o.s.o.j.LocalContainerEntityManagerFactoryBean] - Closing JPA EntityManagerFactory for persistence unit 'default'
2026-06-17 12:52:46.685 [SpringApplicationShutdownHook] INFO  [com.zaxxer.hikari.HikariDataSource] - HikariPool-1 - Shutdown initiated...
2026-06-17 12:52:46.693 [SpringApplicationShutdownHook] INFO  [com.zaxxer.hikari.HikariDataSource] - HikariPool-1 - Shutdown completed.
2026-06-17 12:52:50.448 [background-preinit] INFO  [o.h.validator.internal.util.Version] - HV000001: Hibernate Validator 8.0.1.Final
2026-06-17 12:52:50.521 [main] INFO  [c.c.auth.AuthServiceApplication] - Starting AuthServiceApplication using Java 21.0.2 with PID 21012 (C:\Users\2506602\Downloads\civicdesk (1)\auth-service\target\classes started by 2506602 in C:\Users\2506602\Downloads\civicdesk (1))
2026-06-17 12:52:50.522 [main] DEBUG [c.c.auth.AuthServiceApplication] - Running with Spring Boot v3.2.5, Spring v6.1.6
2026-06-17 12:52:50.523 [main] INFO  [c.c.auth.AuthServiceApplication] - No active profile set, falling back to 1 default profile: "default"
2026-06-17 12:52:51.914 [main] INFO  [o.s.d.r.c.RepositoryConfigurationDelegate] - Bootstrapping Spring Data JPA repositories in DEFAULT mode.
2026-06-17 12:52:52.008 [main] INFO  [o.s.d.r.c.RepositoryConfigurationDelegate] - Finished Spring Data repository scanning in 86 ms. Found 2 JPA repository interfaces.
2026-06-17 12:52:52.633 [main] INFO  [o.s.b.w.e.tomcat.TomcatWebServer] - Tomcat initialized with port 8081 (http)
2026-06-17 12:52:52.645 [main] INFO  [o.a.coyote.http11.Http11NioProtocol] - Initializing ProtocolHandler ["http-nio-8081"]
2026-06-17 12:52:52.648 [main] INFO  [o.a.catalina.core.StandardService] - Starting service [Tomcat]
2026-06-17 12:52:52.648 [main] INFO  [o.a.catalina.core.StandardEngine] - Starting Servlet engine: [Apache Tomcat/10.1.20]
2026-06-17 12:52:52.738 [main] INFO  [o.a.c.c.C.[Tomcat].[localhost].[/]] - Initializing Spring embedded WebApplicationContext
2026-06-17 12:52:52.739 [main] INFO  [o.s.b.w.s.c.ServletWebServerApplicationContext] - Root WebApplicationContext: initialization completed in 2102 ms
2026-06-17 12:52:52.876 [main] INFO  [o.h.jpa.internal.util.LogHelper] - HHH000204: Processing PersistenceUnitInfo [name: default]
2026-06-17 12:52:52.939 [main] INFO  [org.hibernate.Version] - HHH000412: Hibernate ORM core version 6.4.4.Final
2026-06-17 12:52:52.984 [main] INFO  [o.h.c.i.RegionFactoryInitiator] - HHH000026: Second-level cache disabled
2026-06-17 12:52:53.303 [main] INFO  [o.s.o.j.p.SpringPersistenceUnitInfo] - No LoadTimeWeaver setup: ignoring JPA class transformer
2026-06-17 12:52:53.359 [main] INFO  [com.zaxxer.hikari.HikariDataSource] - HikariPool-1 - Starting...
2026-06-17 12:52:53.707 [main] INFO  [com.zaxxer.hikari.pool.HikariPool] - HikariPool-1 - Added connection com.mysql.cj.jdbc.ConnectionImpl@1857fe6c
2026-06-17 12:52:53.711 [main] INFO  [com.zaxxer.hikari.HikariDataSource] - HikariPool-1 - Start completed.
2026-06-17 12:52:53.803 [main] WARN  [org.hibernate.orm.deprecation] - HHH90000025: MySQLDialect does not need to be specified explicitly using 'hibernate.dialect' (remove the property setting and it will be selected by default)
2026-06-17 12:52:55.184 [main] INFO  [o.h.e.t.j.p.i.JtaPlatformInitiator] - HHH000489: No JTA platform available (set 'hibernate.transaction.jta.platform' to enable JTA platform integration)
2026-06-17 12:52:55.253 [main] INFO  [o.s.o.j.LocalContainerEntityManagerFactoryBean] - Initialized JPA EntityManagerFactory for persistence unit 'default'
2026-06-17 12:52:55.813 [main] DEBUG [c.c.auth.security.JwtAuthFilter] - Filter 'jwtAuthFilter' configured for use
2026-06-17 12:52:56.248 [main] WARN  [o.s.b.a.o.j.JpaBaseConfiguration$JpaWebConfiguration] - spring.jpa.open-in-view is enabled by default. Therefore, database queries may be performed during view rendering. Explicitly configure spring.jpa.open-in-view to disable this warning
2026-06-17 12:52:56.675 [main] INFO  [o.s.s.web.DefaultSecurityFilterChain] - Will secure any request with [org.springframework.security.web.session.DisableEncodeUrlFilter@1acd2a14, org.springframework.security.web.context.request.async.WebAsyncManagerIntegrationFilter@5432be12, org.springframework.security.web.context.SecurityContextHolderFilter@770c3ca2, org.springframework.security.web.header.HeaderWriterFilter@3b6c55b6, org.springframework.web.filter.CorsFilter@2ee5fe1e, org.springframework.security.web.authentication.logout.LogoutFilter@4c231f62, com.civicdesk.auth.security.JwtAuthFilter@345d641e, org.springframework.security.web.savedrequest.RequestCacheAwareFilter@711261c7, org.springframework.security.web.servletapi.SecurityContextHolderAwareRequestFilter@73eaae1e, org.springframework.security.web.authentication.AnonymousAuthenticationFilter@2b30b25f, org.springframework.security.web.session.SessionManagementFilter@1e6f7c25, org.springframework.security.web.access.ExceptionTranslationFilter@1de6f29d, org.springframework.security.web.access.intercept.AuthorizationFilter@7d466ef9]
2026-06-17 12:52:57.071 [main] INFO  [o.a.coyote.http11.Http11NioProtocol] - Starting ProtocolHandler ["http-nio-8081"]
2026-06-17 12:52:57.095 [main] INFO  [o.s.b.w.e.tomcat.TomcatWebServer] - Tomcat started on port 8081 (http) with context path ''
2026-06-17 12:52:57.104 [main] INFO  [c.c.auth.AuthServiceApplication] - Started AuthServiceApplication in 7.501 seconds (process running for 8.166)
2026-06-17 12:52:57.108 [main] INFO  [c.c.auth.AuthServiceApplication] - ===========================================
2026-06-17 12:52:57.108 [main] INFO  [c.c.auth.AuthServiceApplication] -   CivicDesk Auth Service — STARTED
2026-06-17 12:52:57.108 [main] INFO  [c.c.auth.AuthServiceApplication] -   Swagger UI: http://localhost:8081/swagger-ui.html
2026-06-17 12:52:57.108 [main] INFO  [c.c.auth.AuthServiceApplication] - ===========================================
2026-06-17 13:21:41.244 [HikariPool-1 housekeeper] WARN  [com.zaxxer.hikari.pool.HikariPool] - HikariPool-1 - Thread starvation or clock leap detected (housekeeper delta=18m16s202ms305µs500ns).
2026-06-17 13:30:52.137 [http-nio-8081-exec-1] INFO  [o.a.c.c.C.[Tomcat].[localhost].[/]] - Initializing Spring DispatcherServlet 'dispatcherServlet'
2026-06-17 13:30:52.138 [http-nio-8081-exec-1] INFO  [o.s.web.servlet.DispatcherServlet] - Initializing Servlet 'dispatcherServlet'
2026-06-17 13:30:52.143 [http-nio-8081-exec-1] INFO  [o.s.web.servlet.DispatcherServlet] - Completed initialization in 4 ms
2026-06-17 13:30:53.371 [http-nio-8081-exec-1] ERROR [c.c.a.e.GlobalExceptionHandler] - Bad request: Email is already registered: amirtha@civicdesk.com
2026-06-17 13:31:38.470 [http-nio-8081-exec-5] ERROR [c.c.a.e.GlobalExceptionHandler] - Bad request: Email is already registered: amirtha@civicdesk.com
2026-06-17 13:31:49.394 [http-nio-8081-exec-6] INFO  [c.civicdesk.auth.service.AuthService] - Citizen registered: amirtha1@civicdesk.com
2026-06-17 13:31:49.401 [http-nio-8081-exec-6] INFO  [c.c.auth.service.AuditLogService] - AUDIT | userId=2 | action=CITIZEN_REGISTERED | module=AUTH | ip=0:0:0:0:0:0:0:1
2026-06-17 13:32:49.331 [http-nio-8081-exec-4] INFO  [c.civicdesk.auth.service.AuthService] - Citizen registered: amirtha2@civicdesk.com
2026-06-17 13:32:49.337 [http-nio-8081-exec-4] INFO  [c.c.auth.service.AuditLogService] - AUDIT | userId=3 | action=CITIZEN_REGISTERED | module=AUTH | ip=0:0:0:0:0:0:0:1
2026-06-17 13:34:00.859 [http-nio-8081-exec-2] ERROR [c.c.a.e.GlobalExceptionHandler] - Bad request: Email is already registered: amirtha2@civicdesk.com
2026-06-17 13:34:06.483 [http-nio-8081-exec-1] INFO  [c.civicdesk.auth.service.AuthService] - Citizen registered: amirtha32@civicdesk.com
2026-06-17 13:34:06.487 [http-nio-8081-exec-1] INFO  [c.c.auth.service.AuditLogService] - AUDIT | userId=4 | action=CITIZEN_REGISTERED | module=AUTH | ip=0:0:0:0:0:0:0:1
2026-06-17 13:34:49.296 [http-nio-8081-exec-8] INFO  [c.civicdesk.auth.service.AuthService] - User logged in: amirtha32@civicdesk.com | role: ROLE_CITIZEN
2026-06-17 13:34:49.313 [http-nio-8081-exec-8] INFO  [c.c.auth.service.AuditLogService] - AUDIT | userId=4 | action=LOGIN | module=AUTH | ip=0:0:0:0:0:0:0:1
2026-06-17 13:35:11.012 [http-nio-8081-exec-7] DEBUG [c.c.auth.security.JwtAuthFilter] - Authenticated user: amirtha32@civicdesk.com
2026-06-17 14:12:02.515 [SpringApplicationShutdownHook] INFO  [o.s.o.j.LocalContainerEntityManagerFactoryBean] - Closing JPA EntityManagerFactory for persistence unit 'default'
2026-06-17 14:12:02.558 [SpringApplicationShutdownHook] INFO  [com.zaxxer.hikari.HikariDataSource] - HikariPool-1 - Shutdown initiated...
2026-06-17 14:12:02.570 [SpringApplicationShutdownHook] INFO  [com.zaxxer.hikari.HikariDataSource] - HikariPool-1 - Shutdown completed.
2026-06-17 14:12:33.676 [background-preinit] INFO  [o.h.validator.internal.util.Version] - HV000001: Hibernate Validator 8.0.1.Final
2026-06-17 14:12:33.788 [main] INFO  [c.c.auth.AuthServiceApplication] - Starting AuthServiceApplication using Java 21.0.2 with PID 15180 (C:\Users\2506602\Downloads\civicdesk (1)\auth-service\target\classes started by 2506602 in C:\Users\2506602\Downloads\civicdesk (1))
2026-06-17 14:12:33.790 [main] DEBUG [c.c.auth.AuthServiceApplication] - Running with Spring Boot v3.2.5, Spring v6.1.6
2026-06-17 14:12:33.792 [main] INFO  [c.c.auth.AuthServiceApplication] - No active profile set, falling back to 1 default profile: "default"
2026-06-17 14:12:36.072 [main] INFO  [o.s.d.r.c.RepositoryConfigurationDelegate] - Bootstrapping Spring Data JPA repositories in DEFAULT mode.
2026-06-17 14:12:36.224 [main] INFO  [o.s.d.r.c.RepositoryConfigurationDelegate] - Finished Spring Data repository scanning in 138 ms. Found 2 JPA repository interfaces.
2026-06-17 14:12:37.472 [main] INFO  [o.s.b.w.e.tomcat.TomcatWebServer] - Tomcat initialized with port 8081 (http)
2026-06-17 14:12:37.493 [main] INFO  [o.a.coyote.http11.Http11NioProtocol] - Initializing ProtocolHandler ["http-nio-8081"]
2026-06-17 14:12:37.498 [main] INFO  [o.a.catalina.core.StandardService] - Starting service [Tomcat]
2026-06-17 14:12:37.500 [main] INFO  [o.a.catalina.core.StandardEngine] - Starting Servlet engine: [Apache Tomcat/10.1.20]
2026-06-17 14:12:37.639 [main] INFO  [o.a.c.c.C.[Tomcat].[localhost].[/]] - Initializing Spring embedded WebApplicationContext
2026-06-17 14:12:37.640 [main] INFO  [o.s.b.w.s.c.ServletWebServerApplicationContext] - Root WebApplicationContext: initialization completed in 3723 ms
2026-06-17 14:12:37.872 [main] INFO  [o.h.jpa.internal.util.LogHelper] - HHH000204: Processing PersistenceUnitInfo [name: default]
2026-06-17 14:12:37.965 [main] INFO  [org.hibernate.Version] - HHH000412: Hibernate ORM core version 6.4.4.Final
2026-06-17 14:12:38.024 [main] INFO  [o.h.c.i.RegionFactoryInitiator] - HHH000026: Second-level cache disabled
2026-06-17 14:12:38.602 [main] INFO  [o.s.o.j.p.SpringPersistenceUnitInfo] - No LoadTimeWeaver setup: ignoring JPA class transformer
2026-06-17 14:12:38.678 [main] INFO  [com.zaxxer.hikari.HikariDataSource] - HikariPool-1 - Starting...
2026-06-17 14:12:39.103 [main] INFO  [com.zaxxer.hikari.pool.HikariPool] - HikariPool-1 - Added connection com.mysql.cj.jdbc.ConnectionImpl@359e27d2
2026-06-17 14:12:39.108 [main] INFO  [com.zaxxer.hikari.HikariDataSource] - HikariPool-1 - Start completed.
2026-06-17 14:12:39.275 [main] WARN  [org.hibernate.orm.deprecation] - HHH90000025: MySQLDialect does not need to be specified explicitly using 'hibernate.dialect' (remove the property setting and it will be selected by default)
2026-06-17 14:12:41.685 [main] INFO  [o.h.e.t.j.p.i.JtaPlatformInitiator] - HHH000489: No JTA platform available (set 'hibernate.transaction.jta.platform' to enable JTA platform integration)
2026-06-17 14:12:41.867 [main] INFO  [o.s.o.j.LocalContainerEntityManagerFactoryBean] - Initialized JPA EntityManagerFactory for persistence unit 'default'
2026-06-17 14:12:42.801 [main] DEBUG [c.c.auth.security.JwtAuthFilter] - Filter 'jwtAuthFilter' configured for use
2026-06-17 14:12:43.383 [main] WARN  [o.s.b.a.o.j.JpaBaseConfiguration$JpaWebConfiguration] - spring.jpa.open-in-view is enabled by default. Therefore, database queries may be performed during view rendering. Explicitly configure spring.jpa.open-in-view to disable this warning
2026-06-17 14:12:44.133 [main] INFO  [o.s.s.web.DefaultSecurityFilterChain] - Will secure any request with [org.springframework.security.web.session.DisableEncodeUrlFilter@1f3310fc, org.springframework.security.web.context.request.async.WebAsyncManagerIntegrationFilter@7e44f989, org.springframework.security.web.context.SecurityContextHolderFilter@642334d6, org.springframework.security.web.header.HeaderWriterFilter@5ce1ec7, org.springframework.web.filter.CorsFilter@2d5b549b, org.springframework.security.web.authentication.logout.LogoutFilter@72e4ffa2, com.civicdesk.auth.security.JwtAuthFilter@74d3b331, org.springframework.security.web.savedrequest.RequestCacheAwareFilter@7c55e559, org.springframework.security.web.servletapi.SecurityContextHolderAwareRequestFilter@420068a, org.springframework.security.web.authentication.AnonymousAuthenticationFilter@542c6165, org.springframework.security.web.session.SessionManagementFilter@549be307, org.springframework.security.web.access.ExceptionTranslationFilter@276eafad, org.springframework.security.web.access.intercept.AuthorizationFilter@6d3194ff]
2026-06-17 14:12:44.945 [main] INFO  [o.a.coyote.http11.Http11NioProtocol] - Starting ProtocolHandler ["http-nio-8081"]
2026-06-17 14:12:45.007 [main] INFO  [o.s.b.w.e.tomcat.TomcatWebServer] - Tomcat started on port 8081 (http) with context path ''
2026-06-17 14:12:45.030 [main] INFO  [c.c.auth.AuthServiceApplication] - Started AuthServiceApplication in 12.467 seconds (process running for 13.477)
2026-06-17 14:12:45.038 [main] INFO  [c.c.auth.AuthServiceApplication] - ===========================================
2026-06-17 14:12:45.039 [main] INFO  [c.c.auth.AuthServiceApplication] -   CivicDesk Auth Service — STARTED
2026-06-17 14:12:45.040 [main] INFO  [c.c.auth.AuthServiceApplication] -   Swagger UI: http://localhost:8081/swagger-ui.html
2026-06-17 14:12:45.040 [main] INFO  [c.c.auth.AuthServiceApplication] - ===========================================
2026-06-17 14:20:38.002 [http-nio-8081-exec-1] INFO  [o.a.c.c.C.[Tomcat].[localhost].[/]] - Initializing Spring DispatcherServlet 'dispatcherServlet'
2026-06-17 14:20:38.003 [http-nio-8081-exec-1] INFO  [o.s.web.servlet.DispatcherServlet] - Initializing Servlet 'dispatcherServlet'
2026-06-17 14:20:38.009 [http-nio-8081-exec-1] INFO  [o.s.web.servlet.DispatcherServlet] - Completed initialization in 4 ms
2026-06-17 14:38:19.142 [http-nio-8081-exec-3] INFO  [c.civicdesk.auth.service.AuthService] - Citizen registered: john.doe@example.com
2026-06-17 14:38:19.155 [http-nio-8081-exec-3] INFO  [c.c.auth.service.AuditLogService] - AUDIT | userId=5 | action=CITIZEN_REGISTERED | module=AUTH | ip=0:0:0:0:0:0:0:1
2026-06-17 14:38:52.006 [http-nio-8081-exec-4] INFO  [c.civicdesk.auth.service.AuthService] - User logged in: john.doe@example.com | role: ROLE_CITIZEN
2026-06-17 14:38:52.026 [http-nio-8081-exec-4] INFO  [c.c.auth.service.AuditLogService] - AUDIT | userId=5 | action=LOGIN | module=AUTH | ip=0:0:0:0:0:0:0:1
2026-06-17 14:39:27.692 [http-nio-8081-exec-5] DEBUG [c.c.auth.security.JwtAuthFilter] - Authenticated user: john.doe@example.com
2026-06-17 14:39:41.684 [http-nio-8081-exec-6] DEBUG [c.c.auth.security.JwtAuthFilter] - Authenticated user: john.doe@example.com
2026-06-17 14:39:41.768 [http-nio-8081-exec-6] WARN  [c.c.a.e.GlobalExceptionHandler] - Access denied: Access Denied
2026-06-17 14:46:50.062 [http-nio-8081-exec-8] ERROR [c.c.a.e.GlobalExceptionHandler] - Bad request: Email is already registered: john.doe@example.com
2026-06-17 14:47:04.740 [http-nio-8081-exec-9] INFO  [c.civicdesk.auth.service.AuthService] - User logged in: john.doe@example.com | role: ROLE_CITIZEN
2026-06-17 14:47:04.779 [http-nio-8081-exec-9] INFO  [c.c.auth.service.AuditLogService] - AUDIT | userId=5 | action=LOGIN | module=AUTH | ip=0:0:0:0:0:0:0:1
2026-06-17 14:53:15.784 [http-nio-8081-exec-1] ERROR [c.c.a.e.GlobalExceptionHandler] - Bad request: Email is already registered: john.doe@example.com
2026-06-17 14:54:03.618 [http-nio-8081-exec-2] INFO  [c.civicdesk.auth.service.AuthService] - User logged in: john.doe@example.com | role: ROLE_CITIZEN
2026-06-17 14:54:03.649 [http-nio-8081-exec-2] INFO  [c.c.auth.service.AuditLogService] - AUDIT | userId=5 | action=LOGIN | module=AUTH | ip=0:0:0:0:0:0:0:1
2026-06-17 15:39:20.189 [SpringApplicationShutdownHook] INFO  [o.s.o.j.LocalContainerEntityManagerFactoryBean] - Closing JPA EntityManagerFactory for persistence unit 'default'
2026-06-17 15:39:20.440 [SpringApplicationShutdownHook] INFO  [com.zaxxer.hikari.HikariDataSource] - HikariPool-1 - Shutdown initiated...
2026-06-17 15:39:20.523 [SpringApplicationShutdownHook] INFO  [com.zaxxer.hikari.HikariDataSource] - HikariPool-1 - Shutdown completed.
2026-06-17 23:34:32.455 [background-preinit] INFO  [o.h.validator.internal.util.Version] - HV000001: Hibernate Validator 8.0.1.Final
2026-06-17 23:34:32.558 [main] INFO  [c.c.auth.AuthServiceApplication] - Starting AuthServiceApplication using Java 21.0.2 with PID 35708 (C:\Users\2506602\Downloads\civicdesk (1)\auth-service\target\classes started by 2506602 in C:\Users\2506602\Downloads\civicdesk (1))
2026-06-17 23:34:32.562 [main] DEBUG [c.c.auth.AuthServiceApplication] - Running with Spring Boot v3.2.5, Spring v6.1.6
2026-06-17 23:34:32.564 [main] INFO  [c.c.auth.AuthServiceApplication] - No active profile set, falling back to 1 default profile: "default"
2026-06-17 23:34:34.446 [main] INFO  [o.s.d.r.c.RepositoryConfigurationDelegate] - Bootstrapping Spring Data JPA repositories in DEFAULT mode.
2026-06-17 23:34:34.587 [main] INFO  [o.s.d.r.c.RepositoryConfigurationDelegate] - Finished Spring Data repository scanning in 117 ms. Found 2 JPA repository interfaces.
2026-06-17 23:34:35.738 [main] INFO  [o.s.b.w.e.tomcat.TomcatWebServer] - Tomcat initialized with port 8081 (http)
2026-06-17 23:34:35.767 [main] INFO  [o.a.coyote.http11.Http11NioProtocol] - Initializing ProtocolHandler ["http-nio-8081"]
2026-06-17 23:34:35.773 [main] INFO  [o.a.catalina.core.StandardService] - Starting service [Tomcat]
2026-06-17 23:34:35.773 [main] INFO  [o.a.catalina.core.StandardEngine] - Starting Servlet engine: [Apache Tomcat/10.1.20]
2026-06-17 23:34:35.994 [main] INFO  [o.a.c.c.C.[Tomcat].[localhost].[/]] - Initializing Spring embedded WebApplicationContext
2026-06-17 23:34:35.994 [main] INFO  [o.s.b.w.s.c.ServletWebServerApplicationContext] - Root WebApplicationContext: initialization completed in 3289 ms
2026-06-17 23:34:36.299 [main] INFO  [o.h.jpa.internal.util.LogHelper] - HHH000204: Processing PersistenceUnitInfo [name: default]
2026-06-17 23:34:36.387 [main] INFO  [org.hibernate.Version] - HHH000412: Hibernate ORM core version 6.4.4.Final
2026-06-17 23:34:36.469 [main] INFO  [o.h.c.i.RegionFactoryInitiator] - HHH000026: Second-level cache disabled
2026-06-17 23:34:36.978 [main] INFO  [o.s.o.j.p.SpringPersistenceUnitInfo] - No LoadTimeWeaver setup: ignoring JPA class transformer
2026-06-17 23:34:37.030 [main] INFO  [com.zaxxer.hikari.HikariDataSource] - HikariPool-1 - Starting...
2026-06-17 23:34:37.338 [main] INFO  [com.zaxxer.hikari.pool.HikariPool] - HikariPool-1 - Added connection com.mysql.cj.jdbc.ConnectionImpl@61554b6b
2026-06-17 23:34:37.338 [main] INFO  [com.zaxxer.hikari.HikariDataSource] - HikariPool-1 - Start completed.
2026-06-17 23:34:37.478 [main] WARN  [org.hibernate.orm.deprecation] - HHH90000025: MySQLDialect does not need to be specified explicitly using 'hibernate.dialect' (remove the property setting and it will be selected by default)
2026-06-17 23:34:39.365 [main] INFO  [o.h.e.t.j.p.i.JtaPlatformInitiator] - HHH000489: No JTA platform available (set 'hibernate.transaction.jta.platform' to enable JTA platform integration)
2026-06-17 23:34:39.548 [main] INFO  [o.s.o.j.LocalContainerEntityManagerFactoryBean] - Initialized JPA EntityManagerFactory for persistence unit 'default'
2026-06-17 23:34:40.288 [main] DEBUG [c.c.auth.security.JwtAuthFilter] - Filter 'jwtAuthFilter' configured for use
2026-06-17 23:34:41.029 [main] WARN  [o.s.b.a.o.j.JpaBaseConfiguration$JpaWebConfiguration] - spring.jpa.open-in-view is enabled by default. Therefore, database queries may be performed during view rendering. Explicitly configure spring.jpa.open-in-view to disable this warning
2026-06-17 23:34:41.861 [main] INFO  [o.s.s.web.DefaultSecurityFilterChain] - Will secure any request with [org.springframework.security.web.session.DisableEncodeUrlFilter@3df7e309, org.springframework.security.web.context.request.async.WebAsyncManagerIntegrationFilter@55f4ec04, org.springframework.security.web.context.SecurityContextHolderFilter@464017f5, org.springframework.security.web.header.HeaderWriterFilter@481eb705, org.springframework.web.filter.CorsFilter@f3c27e9, org.springframework.security.web.authentication.logout.LogoutFilter@195d4780, com.civicdesk.auth.security.JwtAuthFilter@34376069, org.springframework.security.web.savedrequest.RequestCacheAwareFilter@397f9672, org.springframework.security.web.servletapi.SecurityContextHolderAwareRequestFilter@72e4ffa2, org.springframework.security.web.authentication.AnonymousAuthenticationFilter@1fd4850b, org.springframework.security.web.session.SessionManagementFilter@3b48361e, org.springframework.security.web.access.ExceptionTranslationFilter@73eaae1e, org.springframework.security.web.access.intercept.AuthorizationFilter@63f16350]
2026-06-17 23:34:42.665 [main] INFO  [o.a.coyote.http11.Http11NioProtocol] - Starting ProtocolHandler ["http-nio-8081"]
2026-06-17 23:34:42.722 [main] INFO  [o.s.b.w.e.tomcat.TomcatWebServer] - Tomcat started on port 8081 (http) with context path ''
2026-06-17 23:34:42.749 [main] INFO  [c.c.auth.AuthServiceApplication] - Started AuthServiceApplication in 11.192 seconds (process running for 12.004)
2026-06-17 23:34:43.627 [main] INFO  [c.civicdesk.auth.config.DataSeeder] - Seeded default admin account: admin@civicdesk.gov
2026-06-17 23:34:43.629 [main] INFO  [c.c.auth.AuthServiceApplication] - ===========================================
2026-06-17 23:34:43.631 [main] INFO  [c.c.auth.AuthServiceApplication] -   CivicDesk Auth Service — STARTED
2026-06-17 23:34:43.631 [main] INFO  [c.c.auth.AuthServiceApplication] -   Swagger UI: http://localhost:8081/swagger-ui.html
2026-06-17 23:34:43.631 [main] INFO  [c.c.auth.AuthServiceApplication] - ===========================================
2026-06-17 23:41:58.785 [http-nio-8081-exec-1] INFO  [o.a.c.c.C.[Tomcat].[localhost].[/]] - Initializing Spring DispatcherServlet 'dispatcherServlet'
2026-06-17 23:41:58.785 [http-nio-8081-exec-1] INFO  [o.s.web.servlet.DispatcherServlet] - Initializing Servlet 'dispatcherServlet'
2026-06-17 23:41:58.785 [http-nio-8081-exec-1] INFO  [o.s.web.servlet.DispatcherServlet] - Completed initialization in 0 ms
2026-06-17 23:41:59.565 [http-nio-8081-exec-1] ERROR [c.c.a.e.GlobalExceptionHandler] - Bad request: Email is already registered: john.doe@example.com
2026-06-17 23:42:25.029 [http-nio-8081-exec-2] INFO  [c.civicdesk.auth.service.AuthService] - Citizen registered: john.doe1@example.com
2026-06-17 23:42:25.043 [http-nio-8081-exec-2] INFO  [c.c.auth.service.AuditLogService] - AUDIT | userId=7 | action=CITIZEN_REGISTERED | module=AUTH | ip=0:0:0:0:0:0:0:1
2026-06-17 23:42:44.260 [http-nio-8081-exec-3] INFO  [c.civicdesk.auth.service.AuthService] - User logged in: john.doe@example.com | role: ROLE_CITIZEN
2026-06-17 23:42:44.285 [http-nio-8081-exec-3] INFO  [c.c.auth.service.AuditLogService] - AUDIT | userId=5 | action=LOGIN | module=AUTH | ip=0:0:0:0:0:0:0:1
2026-06-17 23:43:03.047 [http-nio-8081-exec-4] INFO  [c.civicdesk.auth.service.AuthService] - User logged in: admin@civicdesk.gov | role: ROLE_ADMIN
2026-06-17 23:43:03.063 [http-nio-8081-exec-4] INFO  [c.c.auth.service.AuditLogService] - AUDIT | userId=6 | action=LOGIN | module=AUTH | ip=0:0:0:0:0:0:0:1
2026-06-17 23:43:37.195 [http-nio-8081-exec-5] DEBUG [c.c.auth.security.JwtAuthFilter] - Authenticated user: admin@civicdesk.gov
2026-06-17 23:44:05.302 [http-nio-8081-exec-6] DEBUG [c.c.auth.security.JwtAuthFilter] - Authenticated user: admin@civicdesk.gov
2026-06-17 23:44:05.337 [http-nio-8081-exec-6] WARN  [c.c.a.e.GlobalExceptionHandler] - Message not readable: JSON parse error: Cannot deserialize value of type `com.civicdesk.auth.enums.Role` from String "DEPT_SUPERVISOR": not one of the values accepted for Enum class: [ROLE_COMPLIANCE, ROLE_PWE, ROLE_ADMIN, ROLE_FIELD_OFFICER, ROLE_DEPT_SUPERVISOR, ROLE_CITIZEN]
2026-06-17 23:44:27.854 [http-nio-8081-exec-7] DEBUG [c.c.auth.security.JwtAuthFilter] - Authenticated user: admin@civicdesk.gov
2026-06-17 23:44:28.192 [http-nio-8081-exec-7] INFO  [c.civicdesk.auth.service.AuthService] - Staff created: jane.smith@civicdesk.gov with role: ROLE_DEPT_SUPERVISOR
2026-06-17 23:44:28.205 [http-nio-8081-exec-7] INFO  [c.c.auth.service.AuditLogService] - AUDIT | userId=6 | action=STAFF_CREATED: jane.smith@civicdesk.gov | module=AUTH | ip=0:0:0:0:0:0:0:1
2026-06-17 23:49:44.130 [SpringApplicationShutdownHook] INFO  [o.s.o.j.LocalContainerEntityManagerFactoryBean] - Closing JPA EntityManagerFactory for persistence unit 'default'
2026-06-17 23:49:44.140 [SpringApplicationShutdownHook] INFO  [com.zaxxer.hikari.HikariDataSource] - HikariPool-1 - Shutdown initiated...
2026-06-17 23:49:44.155 [SpringApplicationShutdownHook] INFO  [com.zaxxer.hikari.HikariDataSource] - HikariPool-1 - Shutdown completed.
