2026-06-18 08:56:50.786 [background-preinit] INFO  [o.h.validator.internal.util.Version] - HV000001: Hibernate Validator 8.0.1.Final
2026-06-18 08:56:50.915 [main] INFO  [c.c.auth.AuthServiceApplication] - Starting AuthServiceApplication using Java 21.0.2 with PID 32116 (C:\Users\2506602\Downloads\civicdesk (1)\auth-service\target\classes started by 2506602 in C:\Users\2506602\Downloads\civicdesk (1))
2026-06-18 08:56:50.915 [main] DEBUG [c.c.auth.AuthServiceApplication] - Running with Spring Boot v3.2.5, Spring v6.1.6
2026-06-18 08:56:50.915 [main] INFO  [c.c.auth.AuthServiceApplication] - No active profile set, falling back to 1 default profile: "default"
2026-06-18 08:56:53.750 [main] INFO  [o.s.d.r.c.RepositoryConfigurationDelegate] - Bootstrapping Spring Data JPA repositories in DEFAULT mode.
2026-06-18 08:56:53.991 [main] INFO  [o.s.d.r.c.RepositoryConfigurationDelegate] - Finished Spring Data repository scanning in 219 ms. Found 2 JPA repository interfaces.
2026-06-18 08:56:55.367 [main] INFO  [o.s.b.w.e.tomcat.TomcatWebServer] - Tomcat initialized with port 8081 (http)
2026-06-18 08:56:55.388 [main] INFO  [o.a.coyote.http11.Http11NioProtocol] - Initializing ProtocolHandler ["http-nio-8081"]
2026-06-18 08:56:55.392 [main] INFO  [o.a.catalina.core.StandardService] - Starting service [Tomcat]
2026-06-18 08:56:55.392 [main] INFO  [o.a.catalina.core.StandardEngine] - Starting Servlet engine: [Apache Tomcat/10.1.20]
2026-06-18 08:56:55.557 [main] INFO  [o.a.c.c.C.[Tomcat].[localhost].[/]] - Initializing Spring embedded WebApplicationContext
2026-06-18 08:56:55.586 [main] INFO  [o.s.b.w.s.c.ServletWebServerApplicationContext] - Root WebApplicationContext: initialization completed in 4453 ms
2026-06-18 08:56:55.944 [main] INFO  [o.h.jpa.internal.util.LogHelper] - HHH000204: Processing PersistenceUnitInfo [name: default]
2026-06-18 08:56:56.054 [main] INFO  [org.hibernate.Version] - HHH000412: Hibernate ORM core version 6.4.4.Final
2026-06-18 08:56:56.117 [main] INFO  [o.h.c.i.RegionFactoryInitiator] - HHH000026: Second-level cache disabled
2026-06-18 08:56:56.656 [main] INFO  [o.s.o.j.p.SpringPersistenceUnitInfo] - No LoadTimeWeaver setup: ignoring JPA class transformer
2026-06-18 08:56:56.717 [main] INFO  [com.zaxxer.hikari.HikariDataSource] - HikariPool-1 - Starting...
2026-06-18 08:56:57.006 [main] INFO  [com.zaxxer.hikari.pool.HikariPool] - HikariPool-1 - Added connection com.mysql.cj.jdbc.ConnectionImpl@214fba74
2026-06-18 08:56:57.011 [main] INFO  [com.zaxxer.hikari.HikariDataSource] - HikariPool-1 - Start completed.
2026-06-18 08:56:57.099 [main] WARN  [org.hibernate.orm.deprecation] - HHH90000025: MySQLDialect does not need to be specified explicitly using 'hibernate.dialect' (remove the property setting and it will be selected by default)
2026-06-18 08:56:59.775 [main] INFO  [o.h.e.t.j.p.i.JtaPlatformInitiator] - HHH000489: No JTA platform available (set 'hibernate.transaction.jta.platform' to enable JTA platform integration)
2026-06-18 08:56:59.904 [main] INFO  [o.s.o.j.LocalContainerEntityManagerFactoryBean] - Initialized JPA EntityManagerFactory for persistence unit 'default'
2026-06-18 08:57:00.724 [main] DEBUG [c.c.auth.security.JwtAuthFilter] - Filter 'jwtAuthFilter' configured for use
2026-06-18 08:57:01.487 [main] WARN  [o.s.b.a.o.j.JpaBaseConfiguration$JpaWebConfiguration] - spring.jpa.open-in-view is enabled by default. Therefore, database queries may be performed during view rendering. Explicitly configure spring.jpa.open-in-view to disable this warning
2026-06-18 08:57:02.324 [main] INFO  [o.s.s.web.DefaultSecurityFilterChain] - Will secure any request with [org.springframework.security.web.session.DisableEncodeUrlFilter@542c6165, org.springframework.security.web.context.request.async.WebAsyncManagerIntegrationFilter@539f2fec, org.springframework.security.web.context.SecurityContextHolderFilter@420068a, org.springframework.security.web.header.HeaderWriterFilter@7c4697fc, org.springframework.web.filter.CorsFilter@a4e1ca7, org.springframework.security.web.authentication.logout.LogoutFilter@5cb4ba80, com.civicdesk.auth.security.JwtAuthFilter@74d3b331, org.springframework.security.web.savedrequest.RequestCacheAwareFilter@4d4337f9, org.springframework.security.web.servletapi.SecurityContextHolderAwareRequestFilter@1e6f7c25, org.springframework.security.web.authentication.AnonymousAuthenticationFilter@7d466ef9, org.springframework.security.web.session.SessionManagementFilter@642334d6, org.springframework.security.web.access.ExceptionTranslationFilter@627cb3ed, org.springframework.security.web.access.intercept.AuthorizationFilter@1f3310fc]
2026-06-18 08:57:02.879 [main] INFO  [o.a.coyote.http11.Http11NioProtocol] - Starting ProtocolHandler ["http-nio-8081"]
2026-06-18 08:57:02.930 [main] INFO  [o.s.b.w.e.tomcat.TomcatWebServer] - Tomcat started on port 8081 (http) with context path ''
2026-06-18 08:57:02.944 [main] INFO  [c.c.auth.AuthServiceApplication] - Started AuthServiceApplication in 13.315 seconds (process running for 14.276)
2026-06-18 08:57:03.243 [main] INFO  [c.civicdesk.auth.config.DataSeeder] - Admin account 'admin@civicdesk.gov' already exists — skipping seed.
2026-06-18 08:57:03.245 [main] INFO  [c.c.auth.AuthServiceApplication] - ===========================================
2026-06-18 08:57:03.245 [main] INFO  [c.c.auth.AuthServiceApplication] -   CivicDesk Auth Service — STARTED
2026-06-18 08:57:03.245 [main] INFO  [c.c.auth.AuthServiceApplication] -   Swagger UI: http://localhost:8081/swagger-ui.html
2026-06-18 08:57:03.246 [main] INFO  [c.c.auth.AuthServiceApplication] - ===========================================
2026-06-18 09:19:12.889 [http-nio-8081-exec-1] INFO  [o.a.c.c.C.[Tomcat].[localhost].[/]] - Initializing Spring DispatcherServlet 'dispatcherServlet'
2026-06-18 09:19:12.906 [http-nio-8081-exec-1] INFO  [o.s.web.servlet.DispatcherServlet] - Initializing Servlet 'dispatcherServlet'
2026-06-18 09:19:13.105 [http-nio-8081-exec-1] INFO  [o.s.web.servlet.DispatcherServlet] - Completed initialization in 199 ms
2026-06-18 09:19:15.052 [http-nio-8081-exec-1] INFO  [c.civicdesk.auth.service.AuthService] - Citizen registered: citizen@test.com
2026-06-18 09:19:15.069 [http-nio-8081-exec-1] INFO  [c.c.auth.service.AuditLogService] - AUDIT | userId=9 | action=CITIZEN_REGISTERED | module=AUTH | ip=0:0:0:0:0:0:0:1
2026-06-18 09:33:27.811 [http-nio-8081-exec-3] ERROR [c.c.a.e.GlobalExceptionHandler] - Bad request: Email is already registered: citizen@test.com
2026-06-18 09:34:10.247 [SpringApplicationShutdownHook] INFO  [o.s.o.j.LocalContainerEntityManagerFactoryBean] - Closing JPA EntityManagerFactory for persistence unit 'default'
2026-06-18 09:34:10.323 [SpringApplicationShutdownHook] INFO  [com.zaxxer.hikari.HikariDataSource] - HikariPool-1 - Shutdown initiated...
2026-06-18 09:34:10.382 [SpringApplicationShutdownHook] INFO  [com.zaxxer.hikari.HikariDataSource] - HikariPool-1 - Shutdown completed.
2026-06-18 09:36:44.616 [background-preinit] INFO  [o.h.validator.internal.util.Version] - HV000001: Hibernate Validator 8.0.1.Final
2026-06-18 09:36:44.739 [main] INFO  [c.c.auth.AuthServiceApplication] - Starting AuthServiceApplication using Java 21.0.2 with PID 28680 (C:\Users\2506602\Downloads\civicdesk (1)\auth-service\target\classes started by 2506602 in C:\Users\2506602\Downloads\civicdesk (1))
2026-06-18 09:36:44.739 [main] DEBUG [c.c.auth.AuthServiceApplication] - Running with Spring Boot v3.2.5, Spring v6.1.6
2026-06-18 09:36:44.739 [main] INFO  [c.c.auth.AuthServiceApplication] - No active profile set, falling back to 1 default profile: "default"
2026-06-18 09:36:46.989 [main] INFO  [o.s.d.r.c.RepositoryConfigurationDelegate] - Bootstrapping Spring Data JPA repositories in DEFAULT mode.
2026-06-18 09:36:47.198 [main] INFO  [o.s.d.r.c.RepositoryConfigurationDelegate] - Finished Spring Data repository scanning in 177 ms. Found 2 JPA repository interfaces.
2026-06-18 09:36:48.488 [main] INFO  [o.s.b.w.e.tomcat.TomcatWebServer] - Tomcat initialized with port 8081 (http)
2026-06-18 09:36:48.506 [main] INFO  [o.a.coyote.http11.Http11NioProtocol] - Initializing ProtocolHandler ["http-nio-8081"]
2026-06-18 09:36:48.514 [main] INFO  [o.a.catalina.core.StandardService] - Starting service [Tomcat]
2026-06-18 09:36:48.516 [main] INFO  [o.a.catalina.core.StandardEngine] - Starting Servlet engine: [Apache Tomcat/10.1.20]
2026-06-18 09:36:48.712 [main] INFO  [o.a.c.c.C.[Tomcat].[localhost].[/]] - Initializing Spring embedded WebApplicationContext
2026-06-18 09:36:48.715 [main] INFO  [o.s.b.w.s.c.ServletWebServerApplicationContext] - Root WebApplicationContext: initialization completed in 3842 ms
2026-06-18 09:36:49.067 [main] INFO  [o.h.jpa.internal.util.LogHelper] - HHH000204: Processing PersistenceUnitInfo [name: default]
2026-06-18 09:36:49.178 [main] INFO  [org.hibernate.Version] - HHH000412: Hibernate ORM core version 6.4.4.Final
2026-06-18 09:36:49.248 [main] INFO  [o.h.c.i.RegionFactoryInitiator] - HHH000026: Second-level cache disabled
2026-06-18 09:36:49.813 [main] INFO  [o.s.o.j.p.SpringPersistenceUnitInfo] - No LoadTimeWeaver setup: ignoring JPA class transformer
2026-06-18 09:36:49.876 [main] INFO  [com.zaxxer.hikari.HikariDataSource] - HikariPool-1 - Starting...
2026-06-18 09:36:50.188 [main] INFO  [com.zaxxer.hikari.pool.HikariPool] - HikariPool-1 - Added connection com.mysql.cj.jdbc.ConnectionImpl@61c87f1b
2026-06-18 09:36:50.197 [main] INFO  [com.zaxxer.hikari.HikariDataSource] - HikariPool-1 - Start completed.
2026-06-18 09:36:50.292 [main] WARN  [org.hibernate.orm.deprecation] - HHH90000025: MySQLDialect does not need to be specified explicitly using 'hibernate.dialect' (remove the property setting and it will be selected by default)
2026-06-18 09:36:52.427 [main] INFO  [o.h.e.t.j.p.i.JtaPlatformInitiator] - HHH000489: No JTA platform available (set 'hibernate.transaction.jta.platform' to enable JTA platform integration)
2026-06-18 09:36:52.554 [main] INFO  [o.s.o.j.LocalContainerEntityManagerFactoryBean] - Initialized JPA EntityManagerFactory for persistence unit 'default'
2026-06-18 09:36:53.150 [main] DEBUG [c.c.auth.security.JwtAuthFilter] - Filter 'jwtAuthFilter' configured for use
2026-06-18 09:36:53.576 [main] WARN  [o.s.b.a.o.j.JpaBaseConfiguration$JpaWebConfiguration] - spring.jpa.open-in-view is enabled by default. Therefore, database queries may be performed during view rendering. Explicitly configure spring.jpa.open-in-view to disable this warning
2026-06-18 09:36:54.086 [main] INFO  [o.s.s.web.DefaultSecurityFilterChain] - Will secure any request with [org.springframework.security.web.session.DisableEncodeUrlFilter@a4e1ca7, org.springframework.security.web.context.request.async.WebAsyncManagerIntegrationFilter@7d466ef9, org.springframework.security.web.context.SecurityContextHolderFilter@4d4337f9, org.springframework.security.web.header.HeaderWriterFilter@e6fbf82, org.springframework.web.filter.CorsFilter@4a561f7d, org.springframework.security.web.authentication.logout.LogoutFilter@507187c1, com.civicdesk.auth.security.JwtAuthFilter@6705fb02, org.springframework.security.web.savedrequest.RequestCacheAwareFilter@1a7f2d34, org.springframework.security.web.servletapi.SecurityContextHolderAwareRequestFilter@23243bc0, org.springframework.security.web.authentication.AnonymousAuthenticationFilter@601ca994, org.springframework.security.web.session.SessionManagementFilter@7c55e559, org.springframework.security.web.access.ExceptionTranslationFilter@7c4697fc, org.springframework.security.web.access.intercept.AuthorizationFilter@2d5b549b]
2026-06-18 09:36:54.616 [main] INFO  [o.a.coyote.http11.Http11NioProtocol] - Starting ProtocolHandler ["http-nio-8081"]
2026-06-18 09:36:54.662 [main] INFO  [o.s.b.w.e.tomcat.TomcatWebServer] - Tomcat started on port 8081 (http) with context path ''
2026-06-18 09:36:54.662 [main] INFO  [c.c.auth.AuthServiceApplication] - Started AuthServiceApplication in 11.058 seconds (process running for 11.839)
2026-06-18 09:36:54.985 [main] INFO  [c.civicdesk.auth.config.DataSeeder] - Admin account 'admin@civicdesk.gov' already exists — skipping seed.
2026-06-18 09:36:54.989 [main] INFO  [c.c.auth.AuthServiceApplication] - ===========================================
2026-06-18 09:36:54.989 [main] INFO  [c.c.auth.AuthServiceApplication] -   CivicDesk Auth Service — STARTED
2026-06-18 09:36:54.989 [main] INFO  [c.c.auth.AuthServiceApplication] -   Swagger UI: http://localhost:8081/swagger-ui.html
2026-06-18 09:36:54.989 [main] INFO  [c.c.auth.AuthServiceApplication] - ===========================================
2026-06-18 10:10:16.786 [SpringApplicationShutdownHook] INFO  [o.s.o.j.LocalContainerEntityManagerFactoryBean] - Closing JPA EntityManagerFactory for persistence unit 'default'
2026-06-18 10:10:16.862 [SpringApplicationShutdownHook] INFO  [com.zaxxer.hikari.HikariDataSource] - HikariPool-1 - Shutdown initiated...
2026-06-18 10:10:16.889 [SpringApplicationShutdownHook] INFO  [com.zaxxer.hikari.HikariDataSource] - HikariPool-1 - Shutdown completed.
2026-06-18 10:10:41.294 [background-preinit] INFO  [o.h.validator.internal.util.Version] - HV000001: Hibernate Validator 8.0.1.Final
2026-06-18 10:10:41.412 [main] INFO  [c.c.auth.AuthServiceApplication] - Starting AuthServiceApplication using Java 21.0.2 with PID 25944 (C:\Users\2506602\Downloads\civicdesk (1)\auth-service\target\classes started by 2506602 in C:\Users\2506602\Downloads\civicdesk (1))
2026-06-18 10:10:41.412 [main] DEBUG [c.c.auth.AuthServiceApplication] - Running with Spring Boot v3.2.5, Spring v6.1.6
2026-06-18 10:10:41.412 [main] INFO  [c.c.auth.AuthServiceApplication] - No active profile set, falling back to 1 default profile: "default"
2026-06-18 10:10:44.119 [main] INFO  [o.s.d.r.c.RepositoryConfigurationDelegate] - Bootstrapping Spring Data JPA repositories in DEFAULT mode.
2026-06-18 10:10:44.341 [main] INFO  [o.s.d.r.c.RepositoryConfigurationDelegate] - Finished Spring Data repository scanning in 196 ms. Found 2 JPA repository interfaces.
2026-06-18 10:10:46.303 [main] INFO  [o.s.b.w.e.tomcat.TomcatWebServer] - Tomcat initialized with port 8081 (http)
2026-06-18 10:10:46.327 [main] INFO  [o.a.coyote.http11.Http11NioProtocol] - Initializing ProtocolHandler ["http-nio-8081"]
2026-06-18 10:10:46.332 [main] INFO  [o.a.catalina.core.StandardService] - Starting service [Tomcat]
2026-06-18 10:10:46.334 [main] INFO  [o.a.catalina.core.StandardEngine] - Starting Servlet engine: [Apache Tomcat/10.1.20]
2026-06-18 10:10:46.516 [main] INFO  [o.a.c.c.C.[Tomcat].[localhost].[/]] - Initializing Spring embedded WebApplicationContext
2026-06-18 10:10:46.521 [main] INFO  [o.s.b.w.s.c.ServletWebServerApplicationContext] - Root WebApplicationContext: initialization completed in 4965 ms
2026-06-18 10:10:46.900 [main] INFO  [o.h.jpa.internal.util.LogHelper] - HHH000204: Processing PersistenceUnitInfo [name: default]
2026-06-18 10:10:47.103 [main] INFO  [org.hibernate.Version] - HHH000412: Hibernate ORM core version 6.4.4.Final
2026-06-18 10:10:47.212 [main] INFO  [o.h.c.i.RegionFactoryInitiator] - HHH000026: Second-level cache disabled
2026-06-18 10:10:47.964 [main] INFO  [o.s.o.j.p.SpringPersistenceUnitInfo] - No LoadTimeWeaver setup: ignoring JPA class transformer
2026-06-18 10:10:48.066 [main] INFO  [com.zaxxer.hikari.HikariDataSource] - HikariPool-1 - Starting...
2026-06-18 10:10:48.520 [main] INFO  [com.zaxxer.hikari.pool.HikariPool] - HikariPool-1 - Added connection com.mysql.cj.jdbc.ConnectionImpl@78bad03b
2026-06-18 10:10:48.522 [main] INFO  [com.zaxxer.hikari.HikariDataSource] - HikariPool-1 - Start completed.
2026-06-18 10:10:48.637 [main] WARN  [org.hibernate.orm.deprecation] - HHH90000025: MySQLDialect does not need to be specified explicitly using 'hibernate.dialect' (remove the property setting and it will be selected by default)
2026-06-18 10:10:50.869 [main] INFO  [o.h.e.t.j.p.i.JtaPlatformInitiator] - HHH000489: No JTA platform available (set 'hibernate.transaction.jta.platform' to enable JTA platform integration)
2026-06-18 10:10:51.074 [main] INFO  [o.s.o.j.LocalContainerEntityManagerFactoryBean] - Initialized JPA EntityManagerFactory for persistence unit 'default'
2026-06-18 10:10:52.219 [main] DEBUG [c.c.auth.security.JwtAuthFilter] - Filter 'jwtAuthFilter' configured for use
2026-06-18 10:10:53.032 [main] WARN  [o.s.b.a.o.j.JpaBaseConfiguration$JpaWebConfiguration] - spring.jpa.open-in-view is enabled by default. Therefore, database queries may be performed during view rendering. Explicitly configure spring.jpa.open-in-view to disable this warning
2026-06-18 10:10:54.122 [main] INFO  [o.s.s.web.DefaultSecurityFilterChain] - Will secure any request with [org.springframework.security.web.session.DisableEncodeUrlFilter@1acd2a14, org.springframework.security.web.context.request.async.WebAsyncManagerIntegrationFilter@5432be12, org.springframework.security.web.context.SecurityContextHolderFilter@770c3ca2, org.springframework.security.web.header.HeaderWriterFilter@3b6c55b6, org.springframework.web.filter.CorsFilter@2ee5fe1e, org.springframework.security.web.authentication.logout.LogoutFilter@4c231f62, com.civicdesk.auth.security.JwtAuthFilter@2f3d5cd, org.springframework.security.web.savedrequest.RequestCacheAwareFilter@711261c7, org.springframework.security.web.servletapi.SecurityContextHolderAwareRequestFilter@73eaae1e, org.springframework.security.web.authentication.AnonymousAuthenticationFilter@2b30b25f, org.springframework.security.web.session.SessionManagementFilter@1e6f7c25, org.springframework.security.web.access.ExceptionTranslationFilter@1de6f29d, org.springframework.security.web.access.intercept.AuthorizationFilter@7d466ef9]
2026-06-18 10:10:54.950 [main] INFO  [o.a.coyote.http11.Http11NioProtocol] - Starting ProtocolHandler ["http-nio-8081"]
2026-06-18 10:10:55.009 [main] INFO  [o.s.b.w.e.tomcat.TomcatWebServer] - Tomcat started on port 8081 (http) with context path ''
2026-06-18 10:10:55.039 [main] INFO  [c.c.auth.AuthServiceApplication] - Started AuthServiceApplication in 15.051 seconds (process running for 15.986)
2026-06-18 10:10:55.487 [main] INFO  [c.civicdesk.auth.config.DataSeeder] - Admin account 'admin@civicdesk.gov' already exists — skipping seed.
2026-06-18 10:10:55.489 [main] INFO  [c.c.auth.AuthServiceApplication] - ===========================================
2026-06-18 10:10:55.489 [main] INFO  [c.c.auth.AuthServiceApplication] -   CivicDesk Auth Service — STARTED
2026-06-18 10:10:55.489 [main] INFO  [c.c.auth.AuthServiceApplication] -   Swagger UI: http://localhost:8081/swagger-ui.html
2026-06-18 10:10:55.490 [main] INFO  [c.c.auth.AuthServiceApplication] - ===========================================
2026-06-18 10:29:12.373 [http-nio-8081-exec-4] INFO  [o.a.c.c.C.[Tomcat].[localhost].[/]] - Initializing Spring DispatcherServlet 'dispatcherServlet'
2026-06-18 10:29:12.392 [http-nio-8081-exec-4] INFO  [o.s.web.servlet.DispatcherServlet] - Initializing Servlet 'dispatcherServlet'
2026-06-18 10:29:12.559 [http-nio-8081-exec-4] INFO  [o.s.web.servlet.DispatcherServlet] - Completed initialization in 164 ms
2026-06-18 10:29:15.428 [http-nio-8081-exec-4] INFO  [c.civicdesk.auth.service.AuthService] - User logged in: admin@civicdesk.gov | role: ROLE_ADMIN
2026-06-18 10:29:15.768 [http-nio-8081-exec-4] INFO  [c.c.auth.service.AuditLogService] - AUDIT | userId=6 | action=LOGIN | module=AUTH | ip=0:0:0:0:0:0:0:1
2026-06-18 10:34:22.399 [http-nio-8081-exec-1] DEBUG [c.c.auth.security.JwtAuthFilter] - Authenticated user: admin@civicdesk.gov
2026-06-18 10:34:41.755 [http-nio-8081-exec-3] DEBUG [c.c.auth.security.JwtAuthFilter] - Authenticated user: admin@civicdesk.gov
2026-06-18 10:47:16.990 [HikariPool-1 housekeeper] WARN  [com.zaxxer.hikari.pool.HikariPool] - HikariPool-1 - Thread starvation or clock leap detected (housekeeper delta=1m22s499ms569µs200ns).
2026-06-18 11:30:43.089 [SpringApplicationShutdownHook] INFO  [o.s.o.j.LocalContainerEntityManagerFactoryBean] - Closing JPA EntityManagerFactory for persistence unit 'default'
2026-06-18 11:30:43.478 [SpringApplicationShutdownHook] INFO  [com.zaxxer.hikari.HikariDataSource] - HikariPool-1 - Shutdown initiated...
2026-06-18 11:30:43.563 [SpringApplicationShutdownHook] INFO  [com.zaxxer.hikari.HikariDataSource] - HikariPool-1 - Shutdown completed.
2026-06-18 11:34:00.325 [background-preinit] INFO  [o.h.validator.internal.util.Version] - HV000001: Hibernate Validator 8.0.1.Final
2026-06-18 11:34:00.434 [main] INFO  [c.c.auth.AuthServiceApplication] - Starting AuthServiceApplication using Java 21.0.2 with PID 5044 (C:\Users\2506602\Downloads\civicdesk (1)\auth-service\target\classes started by 2506602 in C:\Users\2506602\Downloads\civicdesk (1))
2026-06-18 11:34:00.436 [main] DEBUG [c.c.auth.AuthServiceApplication] - Running with Spring Boot v3.2.5, Spring v6.1.6
2026-06-18 11:34:00.437 [main] INFO  [c.c.auth.AuthServiceApplication] - No active profile set, falling back to 1 default profile: "default"
2026-06-18 11:34:02.335 [main] INFO  [o.s.d.r.c.RepositoryConfigurationDelegate] - Bootstrapping Spring Data JPA repositories in DEFAULT mode.
2026-06-18 11:34:02.541 [main] INFO  [o.s.d.r.c.RepositoryConfigurationDelegate] - Finished Spring Data repository scanning in 189 ms. Found 3 JPA repository interfaces.
2026-06-18 11:34:03.784 [main] INFO  [o.s.b.w.e.tomcat.TomcatWebServer] - Tomcat initialized with port 8081 (http)
2026-06-18 11:34:03.811 [main] INFO  [o.a.coyote.http11.Http11NioProtocol] - Initializing ProtocolHandler ["http-nio-8081"]
2026-06-18 11:34:03.815 [main] INFO  [o.a.catalina.core.StandardService] - Starting service [Tomcat]
2026-06-18 11:34:03.815 [main] INFO  [o.a.catalina.core.StandardEngine] - Starting Servlet engine: [Apache Tomcat/10.1.20]
2026-06-18 11:34:04.052 [main] INFO  [o.a.c.c.C.[.[localhost].[/civicDesk]] - Initializing Spring embedded WebApplicationContext
2026-06-18 11:34:04.056 [main] INFO  [o.s.b.w.s.c.ServletWebServerApplicationContext] - Root WebApplicationContext: initialization completed in 3483 ms
2026-06-18 11:34:04.185 [main] DEBUG [c.c.auth.security.JwtAuthFilter] - Filter 'jwtAuthFilter' configured for use
2026-06-18 11:34:04.374 [main] INFO  [o.h.jpa.internal.util.LogHelper] - HHH000204: Processing PersistenceUnitInfo [name: default]
2026-06-18 11:34:04.497 [main] INFO  [org.hibernate.Version] - HHH000412: Hibernate ORM core version 6.4.4.Final
2026-06-18 11:34:04.561 [main] INFO  [o.h.c.i.RegionFactoryInitiator] - HHH000026: Second-level cache disabled
2026-06-18 11:34:05.161 [main] INFO  [o.s.o.j.p.SpringPersistenceUnitInfo] - No LoadTimeWeaver setup: ignoring JPA class transformer
2026-06-18 11:34:05.233 [main] INFO  [com.zaxxer.hikari.HikariDataSource] - HikariPool-1 - Starting...
2026-06-18 11:34:05.584 [main] INFO  [com.zaxxer.hikari.pool.HikariPool] - HikariPool-1 - Added connection com.mysql.cj.jdbc.ConnectionImpl@63e70bf9
2026-06-18 11:34:05.587 [main] INFO  [com.zaxxer.hikari.HikariDataSource] - HikariPool-1 - Start completed.
2026-06-18 11:34:05.688 [main] WARN  [org.hibernate.orm.deprecation] - HHH90000025: MySQLDialect does not need to be specified explicitly using 'hibernate.dialect' (remove the property setting and it will be selected by default)
2026-06-18 11:34:07.623 [main] INFO  [o.h.e.t.j.p.i.JtaPlatformInitiator] - HHH000489: No JTA platform available (set 'hibernate.transaction.jta.platform' to enable JTA platform integration)
2026-06-18 11:34:09.657 [main] INFO  [o.s.o.j.LocalContainerEntityManagerFactoryBean] - Initialized JPA EntityManagerFactory for persistence unit 'default'
2026-06-18 11:34:10.780 [main] WARN  [o.s.b.a.o.j.JpaBaseConfiguration$JpaWebConfiguration] - spring.jpa.open-in-view is enabled by default. Therefore, database queries may be performed during view rendering. Explicitly configure spring.jpa.open-in-view to disable this warning
2026-06-18 11:34:10.829 [main] WARN  [o.s.b.a.s.s.UserDetailsServiceAutoConfiguration] - 

Using generated security password: 4f3a563b-dabf-463a-9fbc-566895e3c9b4

This generated password is for development use only. Your security configuration must be updated before running your application in production.

2026-06-18 11:34:11.355 [main] INFO  [o.s.s.web.DefaultSecurityFilterChain] - Will secure any request with [org.springframework.security.web.session.DisableEncodeUrlFilter@d082916, org.springframework.security.web.context.request.async.WebAsyncManagerIntegrationFilter@67201002, org.springframework.security.web.context.SecurityContextHolderFilter@7db63a01, org.springframework.security.web.header.HeaderWriterFilter@1b89debc, org.springframework.web.filter.CorsFilter@6ddc9001, org.springframework.security.web.authentication.logout.LogoutFilter@8aa3013, com.civicdesk.auth.security.JwtAuthFilter@63fd4dda, org.springframework.security.web.savedrequest.RequestCacheAwareFilter@3aac31b7, org.springframework.security.web.servletapi.SecurityContextHolderAwareRequestFilter@57def953, org.springframework.security.web.authentication.AnonymousAuthenticationFilter@1f39b3ba, org.springframework.security.web.session.SessionManagementFilter@7a90f33d, org.springframework.security.web.access.ExceptionTranslationFilter@342a5b57, org.springframework.security.web.access.intercept.AuthorizationFilter@4ed492df]
2026-06-18 11:34:11.913 [main] INFO  [o.a.coyote.http11.Http11NioProtocol] - Starting ProtocolHandler ["http-nio-8081"]
2026-06-18 11:34:11.963 [main] INFO  [o.s.b.w.e.tomcat.TomcatWebServer] - Tomcat started on port 8081 (http) with context path '/civicDesk'
2026-06-18 11:34:11.990 [main] INFO  [c.c.auth.AuthServiceApplication] - Started AuthServiceApplication in 12.677 seconds (process running for 13.477)
2026-06-18 11:34:12.547 [main] INFO  [c.civicdesk.auth.config.DataSeeder] - Seeded department 'Infrastructure' as 'DPT01'.
2026-06-18 11:34:12.576 [main] INFO  [c.civicdesk.auth.config.DataSeeder] - Seeded department 'Public Health' as 'DPT02'.
2026-06-18 11:34:12.601 [main] INFO  [c.civicdesk.auth.config.DataSeeder] - Seeded department 'Licensing & Compliance' as 'DPT03'.
2026-06-18 11:34:12.632 [main] INFO  [c.civicdesk.auth.config.DataSeeder] - Seeded department 'Citizen Services' as 'DPT04'.
2026-06-18 11:34:12.690 [main] INFO  [c.civicdesk.auth.config.DataSeeder] - Seeded department 'Administration' as 'DPT05'.
2026-06-18 11:34:12.721 [main] INFO  [c.civicdesk.auth.config.DataSeeder] - Seeded department 'Compliance & Audit' as 'DPT06'.
2026-06-18 11:34:12.730 [main] INFO  [c.civicdesk.auth.config.DataSeeder] - Default ADM 'admin@civicdesk.gov' already present — skipping seed.
2026-06-18 11:34:12.731 [main] INFO  [c.c.auth.AuthServiceApplication] - ===========================================
2026-06-18 11:34:12.732 [main] INFO  [c.c.auth.AuthServiceApplication] -   CivicDesk Auth Service — STARTED
2026-06-18 11:34:12.732 [main] INFO  [c.c.auth.AuthServiceApplication] -   Swagger UI: http://localhost:8081/swagger-ui.html
2026-06-18 11:34:12.732 [main] INFO  [c.c.auth.AuthServiceApplication] - ===========================================
2026-06-18 11:35:39.020 [http-nio-8081-exec-1] INFO  [o.a.c.c.C.[.[localhost].[/civicDesk]] - Initializing Spring DispatcherServlet 'dispatcherServlet'
2026-06-18 11:35:39.022 [http-nio-8081-exec-1] INFO  [o.s.web.servlet.DispatcherServlet] - Initializing Servlet 'dispatcherServlet'
2026-06-18 11:35:39.027 [http-nio-8081-exec-1] INFO  [o.s.web.servlet.DispatcherServlet] - Completed initialization in 4 ms
2026-06-18 11:49:58.722 [SpringApplicationShutdownHook] INFO  [o.s.o.j.LocalContainerEntityManagerFactoryBean] - Closing JPA EntityManagerFactory for persistence unit 'default'
2026-06-18 11:49:58.728 [SpringApplicationShutdownHook] INFO  [com.zaxxer.hikari.HikariDataSource] - HikariPool-1 - Shutdown initiated...
2026-06-18 11:49:58.747 [SpringApplicationShutdownHook] INFO  [com.zaxxer.hikari.HikariDataSource] - HikariPool-1 - Shutdown completed.
2026-06-18 11:50:05.727 [background-preinit] INFO  [o.h.validator.internal.util.Version] - HV000001: Hibernate Validator 8.0.1.Final
2026-06-18 11:50:05.865 [main] INFO  [c.c.auth.AuthServiceApplication] - Starting AuthServiceApplication using Java 21.0.2 with PID 29456 (C:\Users\2506602\Downloads\civicdesk (1)\auth-service\target\classes started by 2506602 in C:\Users\2506602\Downloads\civicdesk (1))
2026-06-18 11:50:05.867 [main] DEBUG [c.c.auth.AuthServiceApplication] - Running with Spring Boot v3.2.5, Spring v6.1.6
2026-06-18 11:50:05.868 [main] INFO  [c.c.auth.AuthServiceApplication] - No active profile set, falling back to 1 default profile: "default"
2026-06-18 11:50:08.040 [main] INFO  [o.s.d.r.c.RepositoryConfigurationDelegate] - Bootstrapping Spring Data JPA repositories in DEFAULT mode.
2026-06-18 11:50:08.224 [main] INFO  [o.s.d.r.c.RepositoryConfigurationDelegate] - Finished Spring Data repository scanning in 168 ms. Found 3 JPA repository interfaces.
2026-06-18 11:50:09.716 [main] INFO  [o.s.b.w.e.tomcat.TomcatWebServer] - Tomcat initialized with port 8081 (http)
2026-06-18 11:50:09.736 [main] INFO  [o.a.coyote.http11.Http11NioProtocol] - Initializing ProtocolHandler ["http-nio-8081"]
2026-06-18 11:50:09.740 [main] INFO  [o.a.catalina.core.StandardService] - Starting service [Tomcat]
2026-06-18 11:50:09.741 [main] INFO  [o.a.catalina.core.StandardEngine] - Starting Servlet engine: [Apache Tomcat/10.1.20]
2026-06-18 11:50:09.910 [main] INFO  [o.a.c.c.C.[.[localhost].[/civicDesk]] - Initializing Spring embedded WebApplicationContext
2026-06-18 11:50:09.912 [main] INFO  [o.s.b.w.s.c.ServletWebServerApplicationContext] - Root WebApplicationContext: initialization completed in 3895 ms
2026-06-18 11:50:10.070 [main] DEBUG [c.c.auth.security.JwtAuthFilter] - Filter 'jwtAuthFilter' configured for use
2026-06-18 11:50:10.373 [main] INFO  [o.h.jpa.internal.util.LogHelper] - HHH000204: Processing PersistenceUnitInfo [name: default]
2026-06-18 11:50:10.601 [main] INFO  [org.hibernate.Version] - HHH000412: Hibernate ORM core version 6.4.4.Final
2026-06-18 11:50:10.768 [main] INFO  [o.h.c.i.RegionFactoryInitiator] - HHH000026: Second-level cache disabled
2026-06-18 11:50:11.347 [main] INFO  [o.s.o.j.p.SpringPersistenceUnitInfo] - No LoadTimeWeaver setup: ignoring JPA class transformer
2026-06-18 11:50:11.418 [main] INFO  [com.zaxxer.hikari.HikariDataSource] - HikariPool-1 - Starting...
2026-06-18 11:50:11.815 [main] INFO  [com.zaxxer.hikari.pool.HikariPool] - HikariPool-1 - Added connection com.mysql.cj.jdbc.ConnectionImpl@2d4e99de
2026-06-18 11:50:11.818 [main] INFO  [com.zaxxer.hikari.HikariDataSource] - HikariPool-1 - Start completed.
2026-06-18 11:50:11.975 [main] WARN  [org.hibernate.orm.deprecation] - HHH90000025: MySQLDialect does not need to be specified explicitly using 'hibernate.dialect' (remove the property setting and it will be selected by default)
2026-06-18 11:50:14.594 [main] INFO  [o.h.e.t.j.p.i.JtaPlatformInitiator] - HHH000489: No JTA platform available (set 'hibernate.transaction.jta.platform' to enable JTA platform integration)
2026-06-18 11:50:15.384 [main] INFO  [o.s.o.j.LocalContainerEntityManagerFactoryBean] - Initialized JPA EntityManagerFactory for persistence unit 'default'
2026-06-18 11:50:16.902 [main] WARN  [o.s.b.a.o.j.JpaBaseConfiguration$JpaWebConfiguration] - spring.jpa.open-in-view is enabled by default. Therefore, database queries may be performed during view rendering. Explicitly configure spring.jpa.open-in-view to disable this warning
2026-06-18 11:50:16.968 [main] WARN  [o.s.b.a.s.s.UserDetailsServiceAutoConfiguration] - 

Using generated security password: 8a292585-ad6a-4645-84cb-f2fa5f2ba3f6

This generated password is for development use only. Your security configuration must be updated before running your application in production.

2026-06-18 11:50:17.724 [main] INFO  [o.s.s.web.DefaultSecurityFilterChain] - Will secure any request with [org.springframework.security.web.session.DisableEncodeUrlFilter@bafc754, org.springframework.security.web.context.request.async.WebAsyncManagerIntegrationFilter@5e8684a3, org.springframework.security.web.context.SecurityContextHolderFilter@4f7da3a2, org.springframework.security.web.header.HeaderWriterFilter@24ccc91b, org.springframework.web.filter.CorsFilter@590ab84, org.springframework.security.web.authentication.logout.LogoutFilter@4a15d5f5, com.civicdesk.auth.security.JwtAuthFilter@ea00de, org.springframework.security.web.savedrequest.RequestCacheAwareFilter@76055d02, org.springframework.security.web.servletapi.SecurityContextHolderAwareRequestFilter@31c800a5, org.springframework.security.web.authentication.AnonymousAuthenticationFilter@8a8cab8, org.springframework.security.web.session.SessionManagementFilter@52a3eba3, org.springframework.security.web.access.ExceptionTranslationFilter@1da5635e, org.springframework.security.web.access.intercept.AuthorizationFilter@1b89debc]
2026-06-18 11:50:18.573 [main] INFO  [o.a.coyote.http11.Http11NioProtocol] - Starting ProtocolHandler ["http-nio-8081"]
2026-06-18 11:50:18.623 [main] INFO  [o.s.b.w.e.tomcat.TomcatWebServer] - Tomcat started on port 8081 (http) with context path '/civicDesk'
2026-06-18 11:50:18.638 [main] INFO  [c.c.auth.AuthServiceApplication] - Started AuthServiceApplication in 14.46 seconds (process running for 15.902)
2026-06-18 11:50:19.442 [main] INFO  [c.civicdesk.auth.config.DataSeeder] - Seeded department 'Infrastructure' as 'DPT01'.
2026-06-18 11:50:19.477 [main] INFO  [c.civicdesk.auth.config.DataSeeder] - Seeded department 'Public Health' as 'DPT02'.
2026-06-18 11:50:19.501 [main] INFO  [c.civicdesk.auth.config.DataSeeder] - Seeded department 'Licensing & Compliance' as 'DPT03'.
2026-06-18 11:50:19.525 [main] INFO  [c.civicdesk.auth.config.DataSeeder] - Seeded department 'Citizen Services' as 'DPT04'.
2026-06-18 11:50:19.553 [main] INFO  [c.civicdesk.auth.config.DataSeeder] - Seeded department 'Administration' as 'DPT05'.
2026-06-18 11:50:19.575 [main] INFO  [c.civicdesk.auth.config.DataSeeder] - Seeded department 'Compliance & Audit' as 'DPT06'.
2026-06-18 11:50:19.863 [main] INFO  [c.civicdesk.auth.config.DataSeeder] - Seeded default ADM account 'admin@civicdesk.gov'.
2026-06-18 11:50:19.864 [main] INFO  [c.c.auth.AuthServiceApplication] - ===========================================
2026-06-18 11:50:19.864 [main] INFO  [c.c.auth.AuthServiceApplication] -   CivicDesk Auth Service — STARTED
2026-06-18 11:50:19.864 [main] INFO  [c.c.auth.AuthServiceApplication] -   Swagger UI: http://localhost:8081/swagger-ui.html
2026-06-18 11:50:19.865 [main] INFO  [c.c.auth.AuthServiceApplication] - ===========================================
2026-06-18 11:52:47.205 [http-nio-8081-exec-1] INFO  [o.a.c.c.C.[.[localhost].[/civicDesk]] - Initializing Spring DispatcherServlet 'dispatcherServlet'
2026-06-18 11:52:47.206 [http-nio-8081-exec-1] INFO  [o.s.web.servlet.DispatcherServlet] - Initializing Servlet 'dispatcherServlet'
2026-06-18 11:52:47.211 [http-nio-8081-exec-1] INFO  [o.s.web.servlet.DispatcherServlet] - Completed initialization in 4 ms
2026-06-18 12:12:18.356 [SpringApplicationShutdownHook] INFO  [o.s.o.j.LocalContainerEntityManagerFactoryBean] - Closing JPA EntityManagerFactory for persistence unit 'default'
2026-06-18 12:12:18.364 [SpringApplicationShutdownHook] INFO  [com.zaxxer.hikari.HikariDataSource] - HikariPool-1 - Shutdown initiated...
2026-06-18 12:12:18.387 [SpringApplicationShutdownHook] INFO  [com.zaxxer.hikari.HikariDataSource] - HikariPool-1 - Shutdown completed.
2026-06-18 12:12:24.371 [background-preinit] INFO  [o.h.validator.internal.util.Version] - HV000001: Hibernate Validator 8.0.1.Final
2026-06-18 12:12:24.446 [main] INFO  [c.c.auth.AuthServiceApplication] - Starting AuthServiceApplication using Java 21.0.2 with PID 33400 (C:\Users\2506602\Downloads\civicdesk (1)\auth-service\target\classes started by 2506602 in C:\Users\2506602\Downloads\civicdesk (1))
2026-06-18 12:12:24.447 [main] DEBUG [c.c.auth.AuthServiceApplication] - Running with Spring Boot v3.2.5, Spring v6.1.6
2026-06-18 12:12:24.448 [main] INFO  [c.c.auth.AuthServiceApplication] - No active profile set, falling back to 1 default profile: "default"
2026-06-18 12:12:26.932 [main] INFO  [o.s.d.r.c.RepositoryConfigurationDelegate] - Bootstrapping Spring Data JPA repositories in DEFAULT mode.
2026-06-18 12:12:27.166 [main] INFO  [o.s.d.r.c.RepositoryConfigurationDelegate] - Finished Spring Data repository scanning in 210 ms. Found 3 JPA repository interfaces.
2026-06-18 12:12:28.766 [main] INFO  [o.s.b.w.e.tomcat.TomcatWebServer] - Tomcat initialized with port 8081 (http)
2026-06-18 12:12:28.794 [main] INFO  [o.a.coyote.http11.Http11NioProtocol] - Initializing ProtocolHandler ["http-nio-8081"]
2026-06-18 12:12:28.802 [main] INFO  [o.a.catalina.core.StandardService] - Starting service [Tomcat]
2026-06-18 12:12:28.802 [main] INFO  [o.a.catalina.core.StandardEngine] - Starting Servlet engine: [Apache Tomcat/10.1.20]
2026-06-18 12:12:29.026 [main] INFO  [o.a.c.c.C.[.[localhost].[/civicDesk]] - Initializing Spring embedded WebApplicationContext
2026-06-18 12:12:29.028 [main] INFO  [o.s.b.w.s.c.ServletWebServerApplicationContext] - Root WebApplicationContext: initialization completed in 4456 ms
2026-06-18 12:12:29.181 [main] DEBUG [c.c.auth.security.JwtAuthFilter] - Filter 'jwtAuthFilter' configured for use
2026-06-18 12:12:29.546 [main] INFO  [o.h.jpa.internal.util.LogHelper] - HHH000204: Processing PersistenceUnitInfo [name: default]
2026-06-18 12:12:29.772 [main] INFO  [org.hibernate.Version] - HHH000412: Hibernate ORM core version 6.4.4.Final
2026-06-18 12:12:29.888 [main] INFO  [o.h.c.i.RegionFactoryInitiator] - HHH000026: Second-level cache disabled
2026-06-18 12:12:30.629 [main] INFO  [o.s.o.j.p.SpringPersistenceUnitInfo] - No LoadTimeWeaver setup: ignoring JPA class transformer
2026-06-18 12:12:30.690 [main] INFO  [com.zaxxer.hikari.HikariDataSource] - HikariPool-1 - Starting...
2026-06-18 12:12:31.111 [main] INFO  [com.zaxxer.hikari.pool.HikariPool] - HikariPool-1 - Added connection com.mysql.cj.jdbc.ConnectionImpl@63e70bf9
2026-06-18 12:12:31.117 [main] INFO  [com.zaxxer.hikari.HikariDataSource] - HikariPool-1 - Start completed.
2026-06-18 12:12:31.301 [main] WARN  [org.hibernate.orm.deprecation] - HHH90000025: MySQLDialect does not need to be specified explicitly using 'hibernate.dialect' (remove the property setting and it will be selected by default)
2026-06-18 12:12:34.353 [main] INFO  [o.h.e.t.j.p.i.JtaPlatformInitiator] - HHH000489: No JTA platform available (set 'hibernate.transaction.jta.platform' to enable JTA platform integration)
2026-06-18 12:12:34.575 [main] INFO  [o.s.o.j.LocalContainerEntityManagerFactoryBean] - Initialized JPA EntityManagerFactory for persistence unit 'default'
2026-06-18 12:12:36.091 [main] WARN  [o.s.b.a.o.j.JpaBaseConfiguration$JpaWebConfiguration] - spring.jpa.open-in-view is enabled by default. Therefore, database queries may be performed during view rendering. Explicitly configure spring.jpa.open-in-view to disable this warning
2026-06-18 12:12:36.187 [main] WARN  [o.s.b.a.s.s.UserDetailsServiceAutoConfiguration] - 

Using generated security password: 84f21a94-0d16-4228-b025-e5c9b05991d9

This generated password is for development use only. Your security configuration must be updated before running your application in production.

2026-06-18 12:12:37.057 [main] INFO  [o.s.s.web.DefaultSecurityFilterChain] - Will secure any request with [org.springframework.security.web.session.DisableEncodeUrlFilter@bafc754, org.springframework.security.web.context.request.async.WebAsyncManagerIntegrationFilter@5e8684a3, org.springframework.security.web.context.SecurityContextHolderFilter@4f7da3a2, org.springframework.security.web.header.HeaderWriterFilter@24ccc91b, org.springframework.web.filter.CorsFilter@590ab84, org.springframework.security.web.authentication.logout.LogoutFilter@4a15d5f5, com.civicdesk.auth.security.JwtAuthFilter@63fd4dda, org.springframework.security.web.savedrequest.RequestCacheAwareFilter@76055d02, org.springframework.security.web.servletapi.SecurityContextHolderAwareRequestFilter@31c800a5, org.springframework.security.web.authentication.AnonymousAuthenticationFilter@8a8cab8, org.springframework.security.web.session.SessionManagementFilter@52a3eba3, org.springframework.security.web.access.ExceptionTranslationFilter@1da5635e, org.springframework.security.web.access.intercept.AuthorizationFilter@1b89debc]
2026-06-18 12:12:37.872 [main] INFO  [o.a.coyote.http11.Http11NioProtocol] - Starting ProtocolHandler ["http-nio-8081"]
2026-06-18 12:12:37.933 [main] INFO  [o.s.b.w.e.tomcat.TomcatWebServer] - Tomcat started on port 8081 (http) with context path '/civicDesk'
2026-06-18 12:12:37.963 [main] INFO  [c.c.auth.AuthServiceApplication] - Started AuthServiceApplication in 14.692 seconds (process running for 15.543)
2026-06-18 12:12:38.431 [main] INFO  [c.civicdesk.auth.config.DataSeeder] - Default ADM 'admin@civicdesk.gov' already present — skipping seed.
2026-06-18 12:12:38.433 [main] INFO  [c.c.auth.AuthServiceApplication] - ===========================================
2026-06-18 12:12:38.433 [main] INFO  [c.c.auth.AuthServiceApplication] -   CivicDesk Auth Service — STARTED
2026-06-18 12:12:38.433 [main] INFO  [c.c.auth.AuthServiceApplication] -   Swagger UI: http://localhost:8081/swagger-ui.html
2026-06-18 12:12:38.433 [main] INFO  [c.c.auth.AuthServiceApplication] - ===========================================
2026-06-18 12:24:49.716 [http-nio-8081-exec-2] INFO  [o.a.c.c.C.[.[localhost].[/civicDesk]] - Initializing Spring DispatcherServlet 'dispatcherServlet'
2026-06-18 12:24:49.718 [http-nio-8081-exec-2] INFO  [o.s.web.servlet.DispatcherServlet] - Initializing Servlet 'dispatcherServlet'
2026-06-18 12:24:49.723 [http-nio-8081-exec-2] INFO  [o.s.web.servlet.DispatcherServlet] - Completed initialization in 4 ms
2026-06-18 14:06:30.329 [HikariPool-1 housekeeper] WARN  [com.zaxxer.hikari.pool.HikariPool] - HikariPool-1 - Thread starvation or clock leap detected (housekeeper delta=1h1m55s545ms109µs).
2026-06-18 14:32:58.688 [HikariPool-1 housekeeper] WARN  [com.zaxxer.hikari.pool.HikariPool] - HikariPool-1 - Thread starvation or clock leap detected (housekeeper delta=55s653ms670µs100ns).
2026-06-18 15:22:24.957 [HikariPool-1 housekeeper] WARN  [com.zaxxer.hikari.pool.HikariPool] - HikariPool-1 - Thread starvation or clock leap detected (housekeeper delta=2m25s405ms161µs).
2026-06-18 15:37:58.430 [SpringApplicationShutdownHook] INFO  [o.s.o.j.LocalContainerEntityManagerFactoryBean] - Closing JPA EntityManagerFactory for persistence unit 'default'
2026-06-18 15:37:58.882 [SpringApplicationShutdownHook] INFO  [com.zaxxer.hikari.HikariDataSource] - HikariPool-1 - Shutdown initiated...
2026-06-18 15:37:59.067 [SpringApplicationShutdownHook] INFO  [com.zaxxer.hikari.HikariDataSource] - HikariPool-1 - Shutdown completed.
2026-07-04 21:57:51.609 [background-preinit] INFO  [o.h.validator.internal.util.Version] - HV000001: Hibernate Validator 8.0.1.Final
2026-07-04 21:57:51.779 [main] INFO  [c.c.auth.AuthServiceApplication] - Starting AuthServiceApplication using Java 21.0.2 with PID 912 (C:\Users\2506484\Documents\civicDesk-1\auth-service\target\classes started by 2506484 in C:\Users\2506484\Documents\civicDesk-1)
2026-07-04 21:57:51.781 [main] DEBUG [c.c.auth.AuthServiceApplication] - Running with Spring Boot v3.2.5, Spring v6.1.6
2026-07-04 21:57:51.784 [main] INFO  [c.c.auth.AuthServiceApplication] - No active profile set, falling back to 1 default profile: "default"
2026-07-04 21:57:55.736 [main] INFO  [o.s.d.r.c.RepositoryConfigurationDelegate] - Bootstrapping Spring Data JPA repositories in DEFAULT mode.
2026-07-04 21:57:55.954 [main] INFO  [o.s.d.r.c.RepositoryConfigurationDelegate] - Finished Spring Data repository scanning in 182 ms. Found 5 JPA repository interfaces.
2026-07-04 21:57:58.619 [main] INFO  [o.s.b.w.e.tomcat.TomcatWebServer] - Tomcat initialized with port 8081 (http)
2026-07-04 21:57:58.680 [main] INFO  [o.a.coyote.http11.Http11NioProtocol] - Initializing ProtocolHandler ["http-nio-8081"]
2026-07-04 21:57:58.688 [main] INFO  [o.a.catalina.core.StandardService] - Starting service [Tomcat]
2026-07-04 21:57:58.690 [main] INFO  [o.a.catalina.core.StandardEngine] - Starting Servlet engine: [Apache Tomcat/10.1.20]
2026-07-04 21:57:59.005 [main] INFO  [o.a.c.c.C.[.[localhost].[/civicDesk]] - Initializing Spring embedded WebApplicationContext
2026-07-04 21:57:59.006 [main] INFO  [o.s.b.w.s.c.ServletWebServerApplicationContext] - Root WebApplicationContext: initialization completed in 7043 ms
2026-07-04 21:57:59.946 [main] INFO  [o.h.jpa.internal.util.LogHelper] - HHH000204: Processing PersistenceUnitInfo [name: default]
2026-07-04 21:58:00.257 [main] INFO  [org.hibernate.Version] - HHH000412: Hibernate ORM core version 6.4.4.Final
2026-07-04 21:58:00.416 [main] INFO  [o.h.c.i.RegionFactoryInitiator] - HHH000026: Second-level cache disabled
2026-07-04 21:58:00.849 [main] INFO  [o.s.o.j.p.SpringPersistenceUnitInfo] - No LoadTimeWeaver setup: ignoring JPA class transformer
2026-07-04 21:58:00.898 [main] INFO  [com.zaxxer.hikari.HikariDataSource] - HikariPool-1 - Starting...
2026-07-04 21:58:01.267 [main] INFO  [com.zaxxer.hikari.pool.HikariPool] - HikariPool-1 - Added connection com.mysql.cj.jdbc.ConnectionImpl@342dc040
2026-07-04 21:58:01.270 [main] INFO  [com.zaxxer.hikari.HikariDataSource] - HikariPool-1 - Start completed.
2026-07-04 21:58:01.371 [main] WARN  [org.hibernate.orm.deprecation] - HHH90000025: MySQLDialect does not need to be specified explicitly using 'hibernate.dialect' (remove the property setting and it will be selected by default)
2026-07-04 21:58:03.159 [main] INFO  [o.h.e.t.j.p.i.JtaPlatformInitiator] - HHH000489: No JTA platform available (set 'hibernate.transaction.jta.platform' to enable JTA platform integration)
2026-07-04 21:58:04.138 [main] INFO  [o.s.o.j.LocalContainerEntityManagerFactoryBean] - Initialized JPA EntityManagerFactory for persistence unit 'default'
2026-07-04 21:58:04.971 [main] DEBUG [c.c.auth.security.JwtAuthFilter] - Filter 'jwtAuthFilter' configured for use
2026-07-04 21:58:06.309 [main] WARN  [o.s.b.a.o.j.JpaBaseConfiguration$JpaWebConfiguration] - spring.jpa.open-in-view is enabled by default. Therefore, database queries may be performed during view rendering. Explicitly configure spring.jpa.open-in-view to disable this warning
2026-07-04 21:58:06.462 [main] WARN  [o.s.b.a.s.s.UserDetailsServiceAutoConfiguration] - 

Using generated security password: fe4ccb4e-7a99-4283-84b9-c909e32b1343

This generated password is for development use only. Your security configuration must be updated before running your application in production.

2026-07-04 21:58:07.781 [main] INFO  [o.s.b.a.e.web.EndpointLinksResolver] - Exposing 4 endpoint(s) beneath base path '/actuator'
2026-07-04 21:58:07.942 [main] INFO  [o.s.s.web.DefaultSecurityFilterChain] - Will secure any request with [org.springframework.security.web.session.DisableEncodeUrlFilter@199549a5, org.springframework.security.web.context.request.async.WebAsyncManagerIntegrationFilter@5edeb83e, org.springframework.security.web.context.SecurityContextHolderFilter@1a034bbc, org.springframework.security.web.header.HeaderWriterFilter@de06f28, org.springframework.web.filter.CorsFilter@4844cbe4, org.springframework.security.web.authentication.logout.LogoutFilter@727eae52, com.civicdesk.auth.security.JwtAuthFilter@73ab649f, org.springframework.security.web.savedrequest.RequestCacheAwareFilter@2c62f56f, org.springframework.security.web.servletapi.SecurityContextHolderAwareRequestFilter@da09b52, org.springframework.security.web.authentication.AnonymousAuthenticationFilter@4c752425, org.springframework.security.web.session.SessionManagementFilter@7db53694, org.springframework.security.web.access.ExceptionTranslationFilter@64df3f4b, org.springframework.security.web.access.intercept.AuthorizationFilter@3c3d2a80]
2026-07-04 21:58:09.502 [RMI TCP Connection(2)-127.0.0.1] INFO  [o.a.c.c.C.[.[localhost].[/civicDesk]] - Initializing Spring DispatcherServlet 'dispatcherServlet'
2026-07-04 21:58:09.503 [RMI TCP Connection(2)-127.0.0.1] INFO  [o.s.web.servlet.DispatcherServlet] - Initializing Servlet 'dispatcherServlet'
2026-07-04 21:58:09.507 [RMI TCP Connection(2)-127.0.0.1] INFO  [o.s.web.servlet.DispatcherServlet] - Completed initialization in 3 ms
2026-07-04 21:58:09.577 [main] INFO  [o.a.coyote.http11.Http11NioProtocol] - Starting ProtocolHandler ["http-nio-8081"]
2026-07-04 21:58:09.673 [main] INFO  [o.s.b.w.e.tomcat.TomcatWebServer] - Tomcat started on port 8081 (http) with context path '/civicDesk'
2026-07-04 21:58:09.681 [main] INFO  [c.c.auth.AuthServiceApplication] - Started AuthServiceApplication in 18.936 seconds (process running for 20.399)
2026-07-04 21:58:10.644 [main] INFO  [c.civicdesk.auth.config.DataSeeder] - Seeded department 'Infrastructure' as 'DPT01'.
2026-07-04 21:58:10.670 [main] INFO  [c.civicdesk.auth.config.DataSeeder] - Seeded department 'Public Health' as 'DPT02'.
2026-07-04 21:58:10.689 [main] INFO  [c.civicdesk.auth.config.DataSeeder] - Seeded department 'Licensing & Compliance' as 'DPT03'.
2026-07-04 21:58:10.750 [main] INFO  [c.civicdesk.auth.config.DataSeeder] - Seeded department 'Citizen Services' as 'DPT04'.
2026-07-04 21:58:10.799 [main] INFO  [c.civicdesk.auth.config.DataSeeder] - Seeded department 'Administration' as 'DPT05'.
2026-07-04 21:58:10.841 [main] INFO  [c.civicdesk.auth.config.DataSeeder] - Seeded department 'Compliance & Audit' as 'DPT06'.
2026-07-04 21:58:11.051 [main] INFO  [c.civicdesk.auth.config.DataSeeder] - Seeded default ADM account 'admin@civicdesk.gov'.
2026-07-04 21:58:11.053 [main] INFO  [c.c.auth.AuthServiceApplication] - ===========================================
2026-07-04 21:58:11.054 [main] INFO  [c.c.auth.AuthServiceApplication] -   CivicDesk Auth Service — STARTED
2026-07-04 21:58:11.055 [main] INFO  [c.c.auth.AuthServiceApplication] -   Swagger UI: http://localhost:8081/swagger-ui.html
2026-07-04 21:58:11.056 [main] INFO  [c.c.auth.AuthServiceApplication] - ===========================================
2026-07-04 22:06:47.142 [http-nio-8081-exec-6] INFO  [o.s.api.AbstractOpenApiResource] - Init duration for springdoc-openapi is: 1704 ms
2026-07-06 17:57:29.403 [background-preinit] INFO  [o.h.validator.internal.util.Version] - HV000001: Hibernate Validator 8.0.1.Final
2026-07-06 17:57:29.583 [main] INFO  [c.c.auth.AuthServiceApplication] - Starting AuthServiceApplication using Java 21.0.2 with PID 1756 (C:\Users\2506484\Documents\civicDesk-1\auth-service\target\classes started by 2506484 in C:\Users\2506484\Documents\civicDesk-1)
2026-07-06 17:57:29.583 [main] DEBUG [c.c.auth.AuthServiceApplication] - Running with Spring Boot v3.2.5, Spring v6.1.6
2026-07-06 17:57:29.589 [main] INFO  [c.c.auth.AuthServiceApplication] - No active profile set, falling back to 1 default profile: "default"
2026-07-06 17:57:33.227 [main] INFO  [o.s.d.r.c.RepositoryConfigurationDelegate] - Bootstrapping Spring Data JPA repositories in DEFAULT mode.
2026-07-06 17:57:33.541 [main] INFO  [o.s.d.r.c.RepositoryConfigurationDelegate] - Finished Spring Data repository scanning in 288 ms. Found 5 JPA repository interfaces.
2026-07-06 17:57:35.654 [main] INFO  [o.s.b.w.e.tomcat.TomcatWebServer] - Tomcat initialized with port 8081 (http)
2026-07-06 17:57:35.693 [main] INFO  [o.a.coyote.http11.Http11NioProtocol] - Initializing ProtocolHandler ["http-nio-8081"]
2026-07-06 17:57:35.703 [main] INFO  [o.a.catalina.core.StandardService] - Starting service [Tomcat]
2026-07-06 17:57:35.704 [main] INFO  [o.a.catalina.core.StandardEngine] - Starting Servlet engine: [Apache Tomcat/10.1.20]
2026-07-06 17:57:35.910 [main] INFO  [o.a.c.c.C.[.[localhost].[/civicDesk]] - Initializing Spring embedded WebApplicationContext
2026-07-06 17:57:35.912 [main] INFO  [o.s.b.w.s.c.ServletWebServerApplicationContext] - Root WebApplicationContext: initialization completed in 6167 ms
2026-07-06 17:57:37.154 [main] INFO  [o.h.jpa.internal.util.LogHelper] - HHH000204: Processing PersistenceUnitInfo [name: default]
2026-07-06 17:57:37.515 [main] INFO  [org.hibernate.Version] - HHH000412: Hibernate ORM core version 6.4.4.Final
2026-07-06 17:57:37.806 [main] INFO  [o.h.c.i.RegionFactoryInitiator] - HHH000026: Second-level cache disabled
2026-07-06 17:57:38.844 [main] INFO  [o.s.o.j.p.SpringPersistenceUnitInfo] - No LoadTimeWeaver setup: ignoring JPA class transformer
2026-07-06 17:57:38.957 [main] INFO  [com.zaxxer.hikari.HikariDataSource] - HikariPool-1 - Starting...
2026-07-06 17:57:39.444 [main] INFO  [com.zaxxer.hikari.pool.HikariPool] - HikariPool-1 - Added connection com.mysql.cj.jdbc.ConnectionImpl@7affee54
2026-07-06 17:57:39.450 [main] INFO  [com.zaxxer.hikari.HikariDataSource] - HikariPool-1 - Start completed.
2026-07-06 17:57:39.566 [main] WARN  [org.hibernate.orm.deprecation] - HHH90000025: MySQLDialect does not need to be specified explicitly using 'hibernate.dialect' (remove the property setting and it will be selected by default)
2026-07-06 17:57:42.143 [main] INFO  [o.h.e.t.j.p.i.JtaPlatformInitiator] - HHH000489: No JTA platform available (set 'hibernate.transaction.jta.platform' to enable JTA platform integration)
2026-07-06 17:57:42.299 [main] INFO  [o.s.o.j.LocalContainerEntityManagerFactoryBean] - Initialized JPA EntityManagerFactory for persistence unit 'default'
2026-07-06 17:57:43.084 [main] DEBUG [c.c.auth.security.JwtAuthFilter] - Filter 'jwtAuthFilter' configured for use
2026-07-06 17:57:44.195 [main] WARN  [o.s.b.a.o.j.JpaBaseConfiguration$JpaWebConfiguration] - spring.jpa.open-in-view is enabled by default. Therefore, database queries may be performed during view rendering. Explicitly configure spring.jpa.open-in-view to disable this warning
2026-07-06 17:57:44.324 [main] WARN  [o.s.b.a.s.s.UserDetailsServiceAutoConfiguration] - 

Using generated security password: 6df5dbe8-3e7b-42d0-9ed8-6ebb55f4a1ca

This generated password is for development use only. Your security configuration must be updated before running your application in production.

2026-07-06 17:57:45.652 [main] INFO  [o.s.b.a.e.web.EndpointLinksResolver] - Exposing 4 endpoint(s) beneath base path '/actuator'
2026-07-06 17:57:45.832 [main] INFO  [o.s.s.web.DefaultSecurityFilterChain] - Will secure any request with [org.springframework.security.web.session.DisableEncodeUrlFilter@5d0ea2af, org.springframework.security.web.context.request.async.WebAsyncManagerIntegrationFilter@7fec354, org.springframework.security.web.context.SecurityContextHolderFilter@5d8edf2, org.springframework.security.web.header.HeaderWriterFilter@2e3c5ecc, org.springframework.web.filter.CorsFilter@1828eff, org.springframework.security.web.authentication.logout.LogoutFilter@32b5b8f8, com.civicdesk.auth.security.JwtAuthFilter@5b132063, org.springframework.security.web.savedrequest.RequestCacheAwareFilter@7d4bb16b, org.springframework.security.web.servletapi.SecurityContextHolderAwareRequestFilter@35307365, org.springframework.security.web.authentication.AnonymousAuthenticationFilter@5118c7fb, org.springframework.security.web.session.SessionManagementFilter@18bd3135, org.springframework.security.web.access.ExceptionTranslationFilter@cb29b75, org.springframework.security.web.access.intercept.AuthorizationFilter@1925b113]
2026-07-06 17:57:48.056 [main] INFO  [o.a.coyote.http11.Http11NioProtocol] - Starting ProtocolHandler ["http-nio-8081"]
2026-07-06 17:57:48.116 [main] INFO  [o.s.b.w.e.tomcat.TomcatWebServer] - Tomcat started on port 8081 (http) with context path '/civicDesk'
2026-07-06 17:57:48.145 [main] INFO  [c.c.auth.AuthServiceApplication] - Started AuthServiceApplication in 19.918 seconds (process running for 21.902)
2026-07-06 17:57:48.584 [main] INFO  [c.civicdesk.auth.config.DataSeeder] - Default ADM 'admin@civicdesk.gov' already present — skipping seed.
2026-07-06 17:57:48.589 [main] INFO  [c.c.auth.AuthServiceApplication] - ===========================================
2026-07-06 17:57:48.590 [main] INFO  [c.c.auth.AuthServiceApplication] -   CivicDesk Auth Service — STARTED
2026-07-06 17:57:48.591 [main] INFO  [c.c.auth.AuthServiceApplication] -   Swagger UI: http://localhost:8081/swagger-ui.html
2026-07-06 17:57:48.591 [main] INFO  [c.c.auth.AuthServiceApplication] - ===========================================
2026-07-06 17:57:49.478 [RMI TCP Connection(2)-127.0.0.1] INFO  [o.a.c.c.C.[.[localhost].[/civicDesk]] - Initializing Spring DispatcherServlet 'dispatcherServlet'
2026-07-06 17:57:49.479 [RMI TCP Connection(2)-127.0.0.1] INFO  [o.s.web.servlet.DispatcherServlet] - Initializing Servlet 'dispatcherServlet'
2026-07-06 17:57:49.481 [RMI TCP Connection(2)-127.0.0.1] INFO  [o.s.web.servlet.DispatcherServlet] - Completed initialization in 2 ms
2026-07-06 21:54:13.459 [background-preinit] INFO  [o.h.validator.internal.util.Version] - HV000001: Hibernate Validator 8.0.1.Final
2026-07-06 21:54:13.765 [main] INFO  [c.c.auth.AuthServiceApplication] - Starting AuthServiceApplication using Java 21.0.2 with PID 23064 (C:\Users\2506484\Documents\civicDesk-1\auth-service\target\classes started by 2506484 in C:\Users\2506484\Documents\civicDesk-1)
2026-07-06 21:54:13.770 [main] DEBUG [c.c.auth.AuthServiceApplication] - Running with Spring Boot v3.2.5, Spring v6.1.6
2026-07-06 21:54:13.784 [main] INFO  [c.c.auth.AuthServiceApplication] - No active profile set, falling back to 1 default profile: "default"
2026-07-06 21:54:19.838 [main] INFO  [o.s.d.r.c.RepositoryConfigurationDelegate] - Bootstrapping Spring Data JPA repositories in DEFAULT mode.
2026-07-06 21:54:20.237 [main] INFO  [o.s.d.r.c.RepositoryConfigurationDelegate] - Finished Spring Data repository scanning in 355 ms. Found 5 JPA repository interfaces.
2026-07-06 21:54:24.256 [main] INFO  [o.s.b.w.e.tomcat.TomcatWebServer] - Tomcat initialized with port 8081 (http)
2026-07-06 21:54:24.306 [main] INFO  [o.a.coyote.http11.Http11NioProtocol] - Initializing ProtocolHandler ["http-nio-8081"]
2026-07-06 21:54:24.313 [main] INFO  [o.a.catalina.core.StandardService] - Starting service [Tomcat]
2026-07-06 21:54:24.314 [main] INFO  [o.a.catalina.core.StandardEngine] - Starting Servlet engine: [Apache Tomcat/10.1.20]
2026-07-06 21:54:24.651 [main] INFO  [o.a.c.c.C.[.[localhost].[/civicDesk]] - Initializing Spring embedded WebApplicationContext
2026-07-06 21:54:24.652 [main] INFO  [o.s.b.w.s.c.ServletWebServerApplicationContext] - Root WebApplicationContext: initialization completed in 10595 ms
2026-07-06 21:54:26.340 [main] INFO  [o.h.jpa.internal.util.LogHelper] - HHH000204: Processing PersistenceUnitInfo [name: default]
2026-07-06 21:54:26.727 [main] INFO  [org.hibernate.Version] - HHH000412: Hibernate ORM core version 6.4.4.Final
2026-07-06 21:54:27.033 [main] INFO  [o.h.c.i.RegionFactoryInitiator] - HHH000026: Second-level cache disabled
2026-07-06 21:54:28.746 [main] INFO  [o.s.o.j.p.SpringPersistenceUnitInfo] - No LoadTimeWeaver setup: ignoring JPA class transformer
2026-07-06 21:54:29.062 [main] INFO  [com.zaxxer.hikari.HikariDataSource] - HikariPool-1 - Starting...
2026-07-06 21:54:30.094 [main] INFO  [com.zaxxer.hikari.pool.HikariPool] - HikariPool-1 - Added connection com.mysql.cj.jdbc.ConnectionImpl@6e355249
2026-07-06 21:54:30.110 [main] INFO  [com.zaxxer.hikari.HikariDataSource] - HikariPool-1 - Start completed.
2026-07-06 21:54:30.599 [main] WARN  [org.hibernate.orm.deprecation] - HHH90000025: MySQLDialect does not need to be specified explicitly using 'hibernate.dialect' (remove the property setting and it will be selected by default)
2026-07-06 21:54:36.141 [main] INFO  [o.h.e.t.j.p.i.JtaPlatformInitiator] - HHH000489: No JTA platform available (set 'hibernate.transaction.jta.platform' to enable JTA platform integration)
2026-07-06 21:54:36.424 [main] INFO  [o.s.o.j.LocalContainerEntityManagerFactoryBean] - Initialized JPA EntityManagerFactory for persistence unit 'default'
2026-07-06 21:54:38.969 [main] DEBUG [c.c.auth.security.JwtAuthFilter] - Filter 'jwtAuthFilter' configured for use
2026-07-06 21:54:44.144 [main] WARN  [o.s.b.a.o.j.JpaBaseConfiguration$JpaWebConfiguration] - spring.jpa.open-in-view is enabled by default. Therefore, database queries may be performed during view rendering. Explicitly configure spring.jpa.open-in-view to disable this warning
2026-07-06 21:54:44.809 [main] WARN  [o.s.b.a.s.s.UserDetailsServiceAutoConfiguration] - 

Using generated security password: a81da93e-a14a-4ef0-b1ac-3ad555f052b3

This generated password is for development use only. Your security configuration must be updated before running your application in production.

2026-07-06 21:54:50.907 [main] INFO  [o.s.b.a.e.web.EndpointLinksResolver] - Exposing 4 endpoint(s) beneath base path '/actuator'
2026-07-06 21:54:52.069 [main] INFO  [o.s.s.web.DefaultSecurityFilterChain] - Will secure any request with [org.springframework.security.web.session.DisableEncodeUrlFilter@628fa8ea, org.springframework.security.web.context.request.async.WebAsyncManagerIntegrationFilter@2ab4c4e, org.springframework.security.web.context.SecurityContextHolderFilter@63a833c5, org.springframework.security.web.header.HeaderWriterFilter@41a940a9, org.springframework.web.filter.CorsFilter@1cad8bce, org.springframework.security.web.authentication.logout.LogoutFilter@4a6dd88e, com.civicdesk.auth.security.JwtAuthFilter@21252bef, org.springframework.security.web.savedrequest.RequestCacheAwareFilter@77a27356, org.springframework.security.web.servletapi.SecurityContextHolderAwareRequestFilter@1964a3f, org.springframework.security.web.authentication.AnonymousAuthenticationFilter@ba77dc6, org.springframework.security.web.session.SessionManagementFilter@35307365, org.springframework.security.web.access.ExceptionTranslationFilter@269fe2fe, org.springframework.security.web.access.intercept.AuthorizationFilter@2b8106fa]
2026-07-06 21:54:55.596 [main] INFO  [o.a.coyote.http11.Http11NioProtocol] - Starting ProtocolHandler ["http-nio-8081"]
2026-07-06 21:54:55.726 [main] INFO  [o.s.b.w.e.tomcat.TomcatWebServer] - Tomcat started on port 8081 (http) with context path '/civicDesk'
2026-07-06 21:54:55.942 [main] INFO  [c.c.auth.AuthServiceApplication] - Started AuthServiceApplication in 44.762 seconds (process running for 47.321)
2026-07-06 21:54:57.273 [main] INFO  [c.civicdesk.auth.config.DataSeeder] - Default ADM 'admin@civicdesk.gov' already present — skipping seed.
2026-07-06 21:54:57.277 [main] INFO  [c.c.auth.AuthServiceApplication] - ===========================================
2026-07-06 21:54:57.288 [main] INFO  [c.c.auth.AuthServiceApplication] -   CivicDesk Auth Service — STARTED
2026-07-06 21:54:57.294 [main] INFO  [c.c.auth.AuthServiceApplication] -   Swagger UI: http://localhost:8081/swagger-ui.html
2026-07-06 21:54:57.312 [main] INFO  [c.c.auth.AuthServiceApplication] - ===========================================
2026-07-06 21:57:50.032 [http-nio-8081-exec-1] INFO  [o.a.c.c.C.[.[localhost].[/civicDesk]] - Initializing Spring DispatcherServlet 'dispatcherServlet'
2026-07-06 21:57:50.037 [http-nio-8081-exec-1] INFO  [o.s.web.servlet.DispatcherServlet] - Initializing Servlet 'dispatcherServlet'
2026-07-06 21:57:50.039 [http-nio-8081-exec-1] INFO  [o.s.web.servlet.DispatcherServlet] - Completed initialization in 0 ms
