2026-06-18 08:56:57.190 [background-preinit] INFO  [o.h.validator.internal.util.Version] - HV000001: Hibernate Validator 8.0.1.Final
2026-06-18 08:56:57.324 [main] INFO  [c.c.c.CitizenServiceApplication] - Starting CitizenServiceApplication using Java 21.0.2 with PID 16164 (C:\Users\2506602\Downloads\civicdesk (1)\citizen-service\target\classes started by 2506602 in C:\Users\2506602\Downloads\civicdesk (1))
2026-06-18 08:56:57.326 [main] DEBUG [c.c.c.CitizenServiceApplication] - Running with Spring Boot v3.2.5, Spring v6.1.6
2026-06-18 08:56:57.328 [main] INFO  [c.c.c.CitizenServiceApplication] - No active profile set, falling back to 1 default profile: "default"
2026-06-18 08:57:00.116 [main] INFO  [o.s.d.r.c.RepositoryConfigurationDelegate] - Bootstrapping Spring Data JPA repositories in DEFAULT mode.
2026-06-18 08:57:00.246 [main] INFO  [o.s.d.r.c.RepositoryConfigurationDelegate] - Finished Spring Data repository scanning in 114 ms. Found 2 JPA repository interfaces.
2026-06-18 08:57:01.897 [main] INFO  [o.s.b.w.e.tomcat.TomcatWebServer] - Tomcat initialized with port 8082 (http)
2026-06-18 08:57:01.927 [main] INFO  [o.a.coyote.http11.Http11NioProtocol] - Initializing ProtocolHandler ["http-nio-8082"]
2026-06-18 08:57:01.929 [main] INFO  [o.a.catalina.core.StandardService] - Starting service [Tomcat]
2026-06-18 08:57:01.931 [main] INFO  [o.a.catalina.core.StandardEngine] - Starting Servlet engine: [Apache Tomcat/10.1.20]
2026-06-18 08:57:02.119 [main] INFO  [o.a.c.c.C.[Tomcat].[localhost].[/]] - Initializing Spring embedded WebApplicationContext
2026-06-18 08:57:02.124 [main] INFO  [o.s.b.w.s.c.ServletWebServerApplicationContext] - Root WebApplicationContext: initialization completed in 4603 ms
2026-06-18 08:57:02.262 [main] DEBUG [c.c.citizen.security.JwtAuthFilter] - Filter 'jwtAuthFilter' configured for use
2026-06-18 08:57:02.443 [main] INFO  [o.h.jpa.internal.util.LogHelper] - HHH000204: Processing PersistenceUnitInfo [name: default]
2026-06-18 08:57:02.526 [main] INFO  [org.hibernate.Version] - HHH000412: Hibernate ORM core version 6.4.4.Final
2026-06-18 08:57:02.584 [main] INFO  [o.h.c.i.RegionFactoryInitiator] - HHH000026: Second-level cache disabled
2026-06-18 08:57:03.149 [main] INFO  [o.s.o.j.p.SpringPersistenceUnitInfo] - No LoadTimeWeaver setup: ignoring JPA class transformer
2026-06-18 08:57:03.193 [main] INFO  [com.zaxxer.hikari.HikariDataSource] - HikariPool-1 - Starting...
2026-06-18 08:57:03.523 [main] INFO  [com.zaxxer.hikari.pool.HikariPool] - HikariPool-1 - Added connection com.mysql.cj.jdbc.ConnectionImpl@2c0dca15
2026-06-18 08:57:03.529 [main] INFO  [com.zaxxer.hikari.HikariDataSource] - HikariPool-1 - Start completed.
2026-06-18 08:57:03.710 [main] WARN  [org.hibernate.orm.deprecation] - HHH90000025: MySQLDialect does not need to be specified explicitly using 'hibernate.dialect' (remove the property setting and it will be selected by default)
2026-06-18 08:57:06.042 [main] INFO  [o.h.e.t.j.p.i.JtaPlatformInitiator] - HHH000489: No JTA platform available (set 'hibernate.transaction.jta.platform' to enable JTA platform integration)
2026-06-18 08:57:06.190 [main] INFO  [o.s.o.j.LocalContainerEntityManagerFactoryBean] - Initialized JPA EntityManagerFactory for persistence unit 'default'
2026-06-18 08:57:07.134 [main] WARN  [o.s.b.a.o.j.JpaBaseConfiguration$JpaWebConfiguration] - spring.jpa.open-in-view is enabled by default. Therefore, database queries may be performed during view rendering. Explicitly configure spring.jpa.open-in-view to disable this warning
2026-06-18 08:57:07.169 [main] WARN  [o.s.b.a.s.s.UserDetailsServiceAutoConfiguration] - 

Using generated security password: a852046c-efcf-4ede-a6d3-79ae85893448

This generated password is for development use only. Your security configuration must be updated before running your application in production.

2026-06-18 08:57:07.662 [main] INFO  [o.s.s.web.DefaultSecurityFilterChain] - Will secure any request with [org.springframework.security.web.session.DisableEncodeUrlFilter@3ed3e66d, org.springframework.security.web.context.request.async.WebAsyncManagerIntegrationFilter@e9947af, org.springframework.security.web.context.SecurityContextHolderFilter@18b88f7, org.springframework.security.web.header.HeaderWriterFilter@31d791c0, org.springframework.web.filter.CorsFilter@d60aa4, org.springframework.security.web.authentication.logout.LogoutFilter@5dfb65d5, com.civicdesk.citizen.security.JwtAuthFilter@d54d0f5, org.springframework.security.web.savedrequest.RequestCacheAwareFilter@34128fed, org.springframework.security.web.servletapi.SecurityContextHolderAwareRequestFilter@10efb806, org.springframework.security.web.authentication.AnonymousAuthenticationFilter@30942f54, org.springframework.security.web.session.SessionManagementFilter@37c49a55, org.springframework.security.web.access.ExceptionTranslationFilter@671c71e8, org.springframework.security.web.access.intercept.AuthorizationFilter@579cfcc4]
2026-06-18 08:57:08.212 [main] INFO  [o.a.coyote.http11.Http11NioProtocol] - Starting ProtocolHandler ["http-nio-8082"]
2026-06-18 08:57:08.243 [main] INFO  [o.s.b.w.e.tomcat.TomcatWebServer] - Tomcat started on port 8082 (http) with context path ''
2026-06-18 08:57:08.264 [main] INFO  [c.c.c.CitizenServiceApplication] - Started CitizenServiceApplication in 12.12 seconds (process running for 13.201)
2026-06-18 08:57:08.272 [main] INFO  [c.c.c.CitizenServiceApplication] - ===========================================
2026-06-18 08:57:08.274 [main] INFO  [c.c.c.CitizenServiceApplication] -   CivicDesk Citizen Service — STARTED
2026-06-18 08:57:08.274 [main] INFO  [c.c.c.CitizenServiceApplication] -   Swagger UI: http://localhost:8082/swagger-ui.html
2026-06-18 08:57:08.274 [main] INFO  [c.c.c.CitizenServiceApplication] - ===========================================
2026-06-18 09:34:12.171 [SpringApplicationShutdownHook] INFO  [o.s.o.j.LocalContainerEntityManagerFactoryBean] - Closing JPA EntityManagerFactory for persistence unit 'default'
2026-06-18 09:34:12.569 [SpringApplicationShutdownHook] INFO  [com.zaxxer.hikari.HikariDataSource] - HikariPool-1 - Shutdown initiated...
2026-06-18 09:34:12.653 [SpringApplicationShutdownHook] INFO  [com.zaxxer.hikari.HikariDataSource] - HikariPool-1 - Shutdown completed.
2026-06-18 09:37:14.303 [background-preinit] INFO  [o.h.validator.internal.util.Version] - HV000001: Hibernate Validator 8.0.1.Final
2026-06-18 09:37:14.406 [main] INFO  [c.c.c.CitizenServiceApplication] - Starting CitizenServiceApplication using Java 21.0.2 with PID 6220 (C:\Users\2506602\Downloads\civicdesk (1)\citizen-service\target\classes started by 2506602 in C:\Users\2506602\Downloads\civicdesk (1))
2026-06-18 09:37:14.411 [main] DEBUG [c.c.c.CitizenServiceApplication] - Running with Spring Boot v3.2.5, Spring v6.1.6
2026-06-18 09:37:14.411 [main] INFO  [c.c.c.CitizenServiceApplication] - No active profile set, falling back to 1 default profile: "default"
2026-06-18 09:37:16.123 [main] INFO  [o.s.d.r.c.RepositoryConfigurationDelegate] - Bootstrapping Spring Data JPA repositories in DEFAULT mode.
2026-06-18 09:37:16.272 [main] INFO  [o.s.d.r.c.RepositoryConfigurationDelegate] - Finished Spring Data repository scanning in 136 ms. Found 2 JPA repository interfaces.
2026-06-18 09:37:17.193 [main] INFO  [o.s.b.w.e.tomcat.TomcatWebServer] - Tomcat initialized with port 8082 (http)
2026-06-18 09:37:17.212 [main] INFO  [o.a.coyote.http11.Http11NioProtocol] - Initializing ProtocolHandler ["http-nio-8082"]
2026-06-18 09:37:17.218 [main] INFO  [o.a.catalina.core.StandardService] - Starting service [Tomcat]
2026-06-18 09:37:17.218 [main] INFO  [o.a.catalina.core.StandardEngine] - Starting Servlet engine: [Apache Tomcat/10.1.20]
2026-06-18 09:37:17.345 [main] INFO  [o.a.c.c.C.[Tomcat].[localhost].[/]] - Initializing Spring embedded WebApplicationContext
2026-06-18 09:37:17.345 [main] INFO  [o.s.b.w.s.c.ServletWebServerApplicationContext] - Root WebApplicationContext: initialization completed in 2852 ms
2026-06-18 09:37:17.442 [main] DEBUG [c.c.citizen.security.JwtAuthFilter] - Filter 'jwtAuthFilter' configured for use
2026-06-18 09:37:17.586 [main] INFO  [o.h.jpa.internal.util.LogHelper] - HHH000204: Processing PersistenceUnitInfo [name: default]
2026-06-18 09:37:17.683 [main] INFO  [org.hibernate.Version] - HHH000412: Hibernate ORM core version 6.4.4.Final
2026-06-18 09:37:17.722 [main] INFO  [o.h.c.i.RegionFactoryInitiator] - HHH000026: Second-level cache disabled
2026-06-18 09:37:18.086 [main] INFO  [o.s.o.j.p.SpringPersistenceUnitInfo] - No LoadTimeWeaver setup: ignoring JPA class transformer
2026-06-18 09:37:18.112 [main] INFO  [com.zaxxer.hikari.HikariDataSource] - HikariPool-1 - Starting...
2026-06-18 09:37:18.356 [main] INFO  [com.zaxxer.hikari.pool.HikariPool] - HikariPool-1 - Added connection com.mysql.cj.jdbc.ConnectionImpl@377e573a
2026-06-18 09:37:18.360 [main] INFO  [com.zaxxer.hikari.HikariDataSource] - HikariPool-1 - Start completed.
2026-06-18 09:37:18.428 [main] WARN  [org.hibernate.orm.deprecation] - HHH90000025: MySQLDialect does not need to be specified explicitly using 'hibernate.dialect' (remove the property setting and it will be selected by default)
2026-06-18 09:37:20.126 [main] INFO  [o.h.e.t.j.p.i.JtaPlatformInitiator] - HHH000489: No JTA platform available (set 'hibernate.transaction.jta.platform' to enable JTA platform integration)
2026-06-18 09:37:20.315 [main] INFO  [o.s.o.j.LocalContainerEntityManagerFactoryBean] - Initialized JPA EntityManagerFactory for persistence unit 'default'
2026-06-18 09:37:21.257 [main] WARN  [o.s.b.a.o.j.JpaBaseConfiguration$JpaWebConfiguration] - spring.jpa.open-in-view is enabled by default. Therefore, database queries may be performed during view rendering. Explicitly configure spring.jpa.open-in-view to disable this warning
2026-06-18 09:37:21.317 [main] WARN  [o.s.b.a.s.s.UserDetailsServiceAutoConfiguration] - 

Using generated security password: ae3719da-3ed7-48f0-9f28-d1c22c98b007

This generated password is for development use only. Your security configuration must be updated before running your application in production.

2026-06-18 09:37:21.866 [main] INFO  [o.s.s.web.DefaultSecurityFilterChain] - Will secure any request with [org.springframework.security.web.session.DisableEncodeUrlFilter@65067d37, org.springframework.security.web.context.request.async.WebAsyncManagerIntegrationFilter@74f9004c, org.springframework.security.web.context.SecurityContextHolderFilter@a3f1f32, org.springframework.security.web.header.HeaderWriterFilter@24347d8b, org.springframework.web.filter.CorsFilter@4f2a0909, org.springframework.security.web.authentication.logout.LogoutFilter@3d6c7152, com.civicdesk.citizen.security.JwtAuthFilter@10980560, org.springframework.security.web.savedrequest.RequestCacheAwareFilter@580a5b6e, org.springframework.security.web.servletapi.SecurityContextHolderAwareRequestFilter@66450129, org.springframework.security.web.authentication.AnonymousAuthenticationFilter@34947355, org.springframework.security.web.session.SessionManagementFilter@10efb806, org.springframework.security.web.access.ExceptionTranslationFilter@1d6ed085, org.springframework.security.web.access.intercept.AuthorizationFilter@30942f54]
2026-06-18 09:37:22.394 [main] INFO  [o.a.coyote.http11.Http11NioProtocol] - Starting ProtocolHandler ["http-nio-8082"]
2026-06-18 09:37:22.432 [main] INFO  [o.s.b.w.e.tomcat.TomcatWebServer] - Tomcat started on port 8082 (http) with context path ''
2026-06-18 09:37:22.444 [main] INFO  [c.c.c.CitizenServiceApplication] - Started CitizenServiceApplication in 9.339 seconds (process running for 10.531)
2026-06-18 09:37:22.449 [main] INFO  [c.c.c.CitizenServiceApplication] - ===========================================
2026-06-18 09:37:22.449 [main] INFO  [c.c.c.CitizenServiceApplication] -   CivicDesk Citizen Service — STARTED
2026-06-18 09:37:22.449 [main] INFO  [c.c.c.CitizenServiceApplication] -   Swagger UI: http://localhost:8082/swagger-ui.html
2026-06-18 09:37:22.449 [main] INFO  [c.c.c.CitizenServiceApplication] - ===========================================
2026-06-18 10:10:24.614 [SpringApplicationShutdownHook] INFO  [o.s.o.j.LocalContainerEntityManagerFactoryBean] - Closing JPA EntityManagerFactory for persistence unit 'default'
2026-06-18 10:10:24.739 [SpringApplicationShutdownHook] INFO  [com.zaxxer.hikari.HikariDataSource] - HikariPool-1 - Shutdown initiated...
2026-06-18 10:10:24.766 [SpringApplicationShutdownHook] INFO  [com.zaxxer.hikari.HikariDataSource] - HikariPool-1 - Shutdown completed.
2026-06-18 10:10:57.769 [background-preinit] INFO  [o.h.validator.internal.util.Version] - HV000001: Hibernate Validator 8.0.1.Final
2026-06-18 10:10:57.899 [main] INFO  [c.c.c.CitizenServiceApplication] - Starting CitizenServiceApplication using Java 21.0.2 with PID 24000 (C:\Users\2506602\Downloads\civicdesk (1)\citizen-service\target\classes started by 2506602 in C:\Users\2506602\Downloads\civicdesk (1))
2026-06-18 10:10:57.901 [main] DEBUG [c.c.c.CitizenServiceApplication] - Running with Spring Boot v3.2.5, Spring v6.1.6
2026-06-18 10:10:57.903 [main] INFO  [c.c.c.CitizenServiceApplication] - No active profile set, falling back to 1 default profile: "default"
2026-06-18 10:11:00.735 [main] INFO  [o.s.d.r.c.RepositoryConfigurationDelegate] - Bootstrapping Spring Data JPA repositories in DEFAULT mode.
2026-06-18 10:11:00.919 [main] INFO  [o.s.d.r.c.RepositoryConfigurationDelegate] - Finished Spring Data repository scanning in 161 ms. Found 2 JPA repository interfaces.
2026-06-18 10:11:02.486 [main] INFO  [o.s.b.w.e.tomcat.TomcatWebServer] - Tomcat initialized with port 8082 (http)
2026-06-18 10:11:02.510 [main] INFO  [o.a.coyote.http11.Http11NioProtocol] - Initializing ProtocolHandler ["http-nio-8082"]
2026-06-18 10:11:02.516 [main] INFO  [o.a.catalina.core.StandardService] - Starting service [Tomcat]
2026-06-18 10:11:02.516 [main] INFO  [o.a.catalina.core.StandardEngine] - Starting Servlet engine: [Apache Tomcat/10.1.20]
2026-06-18 10:11:02.687 [main] INFO  [o.a.c.c.C.[Tomcat].[localhost].[/]] - Initializing Spring embedded WebApplicationContext
2026-06-18 10:11:02.687 [main] INFO  [o.s.b.w.s.c.ServletWebServerApplicationContext] - Root WebApplicationContext: initialization completed in 4592 ms
2026-06-18 10:11:02.878 [main] DEBUG [c.c.citizen.security.JwtAuthFilter] - Filter 'jwtAuthFilter' configured for use
2026-06-18 10:11:03.135 [main] INFO  [o.h.jpa.internal.util.LogHelper] - HHH000204: Processing PersistenceUnitInfo [name: default]
2026-06-18 10:11:03.305 [main] INFO  [org.hibernate.Version] - HHH000412: Hibernate ORM core version 6.4.4.Final
2026-06-18 10:11:03.403 [main] INFO  [o.h.c.i.RegionFactoryInitiator] - HHH000026: Second-level cache disabled
2026-06-18 10:11:04.074 [main] INFO  [o.s.o.j.p.SpringPersistenceUnitInfo] - No LoadTimeWeaver setup: ignoring JPA class transformer
2026-06-18 10:11:04.139 [main] INFO  [com.zaxxer.hikari.HikariDataSource] - HikariPool-1 - Starting...
2026-06-18 10:11:04.441 [main] INFO  [com.zaxxer.hikari.pool.HikariPool] - HikariPool-1 - Added connection com.mysql.cj.jdbc.ConnectionImpl@17d816b3
2026-06-18 10:11:04.457 [main] INFO  [com.zaxxer.hikari.HikariDataSource] - HikariPool-1 - Start completed.
2026-06-18 10:11:04.603 [main] WARN  [org.hibernate.orm.deprecation] - HHH90000025: MySQLDialect does not need to be specified explicitly using 'hibernate.dialect' (remove the property setting and it will be selected by default)
2026-06-18 10:11:07.260 [main] INFO  [o.h.e.t.j.p.i.JtaPlatformInitiator] - HHH000489: No JTA platform available (set 'hibernate.transaction.jta.platform' to enable JTA platform integration)
2026-06-18 10:11:07.483 [main] INFO  [o.s.o.j.LocalContainerEntityManagerFactoryBean] - Initialized JPA EntityManagerFactory for persistence unit 'default'
2026-06-18 10:11:09.062 [main] WARN  [o.s.b.a.o.j.JpaBaseConfiguration$JpaWebConfiguration] - spring.jpa.open-in-view is enabled by default. Therefore, database queries may be performed during view rendering. Explicitly configure spring.jpa.open-in-view to disable this warning
2026-06-18 10:11:09.105 [main] WARN  [o.s.b.a.s.s.UserDetailsServiceAutoConfiguration] - 

Using generated security password: 59ad9ad1-ab2b-40f0-95df-e5a5e5a47302

This generated password is for development use only. Your security configuration must be updated before running your application in production.

2026-06-18 10:11:10.091 [main] INFO  [o.s.s.web.DefaultSecurityFilterChain] - Will secure any request with [org.springframework.security.web.session.DisableEncodeUrlFilter@d60aa4, org.springframework.security.web.context.request.async.WebAsyncManagerIntegrationFilter@30942f54, org.springframework.security.web.context.SecurityContextHolderFilter@34128fed, org.springframework.security.web.header.HeaderWriterFilter@66ab3716, org.springframework.web.filter.CorsFilter@11d557a5, org.springframework.security.web.authentication.logout.LogoutFilter@713c8cbb, com.civicdesk.citizen.security.JwtAuthFilter@73ca34e7, org.springframework.security.web.savedrequest.RequestCacheAwareFilter@4dfe56dc, org.springframework.security.web.servletapi.SecurityContextHolderAwareRequestFilter@2a728076, org.springframework.security.web.authentication.AnonymousAuthenticationFilter@55b5ce0f, org.springframework.security.web.session.SessionManagementFilter@4f5d7091, org.springframework.security.web.access.ExceptionTranslationFilter@31d791c0, org.springframework.security.web.access.intercept.AuthorizationFilter@490f2fad]
2026-06-18 10:11:10.989 [main] INFO  [o.a.coyote.http11.Http11NioProtocol] - Starting ProtocolHandler ["http-nio-8082"]
2026-06-18 10:11:11.045 [main] INFO  [o.s.b.w.e.tomcat.TomcatWebServer] - Tomcat started on port 8082 (http) with context path ''
2026-06-18 10:11:11.065 [main] INFO  [c.c.c.CitizenServiceApplication] - Started CitizenServiceApplication in 14.857 seconds (process running for 16.253)
2026-06-18 10:11:11.065 [main] INFO  [c.c.c.CitizenServiceApplication] - ===========================================
2026-06-18 10:11:11.065 [main] INFO  [c.c.c.CitizenServiceApplication] -   CivicDesk Citizen Service — STARTED
2026-06-18 10:11:11.065 [main] INFO  [c.c.c.CitizenServiceApplication] -   Swagger UI: http://localhost:8082/swagger-ui.html
2026-06-18 10:11:11.065 [main] INFO  [c.c.c.CitizenServiceApplication] - ===========================================
2026-06-18 10:47:03.033 [HikariPool-1 housekeeper] WARN  [com.zaxxer.hikari.pool.HikariPool] - HikariPool-1 - Thread starvation or clock leap detected (housekeeper delta=1m22s516ms817µs500ns).
2026-06-18 11:30:43.164 [SpringApplicationShutdownHook] INFO  [o.s.o.j.LocalContainerEntityManagerFactoryBean] - Closing JPA EntityManagerFactory for persistence unit 'default'
2026-06-18 11:30:43.444 [SpringApplicationShutdownHook] INFO  [com.zaxxer.hikari.HikariDataSource] - HikariPool-1 - Shutdown initiated...
2026-06-18 11:30:43.523 [SpringApplicationShutdownHook] INFO  [com.zaxxer.hikari.HikariDataSource] - HikariPool-1 - Shutdown completed.
2026-06-18 11:33:43.475 [background-preinit] INFO  [o.h.validator.internal.util.Version] - HV000001: Hibernate Validator 8.0.1.Final
2026-06-18 11:33:43.616 [main] INFO  [c.c.c.CitizenServiceApplication] - Starting CitizenServiceApplication using Java 21.0.2 with PID 27684 (C:\Users\2506602\Downloads\civicdesk (1)\citizen-service\target\classes started by 2506602 in C:\Users\2506602\Downloads\civicdesk (1))
2026-06-18 11:33:43.617 [main] DEBUG [c.c.c.CitizenServiceApplication] - Running with Spring Boot v3.2.5, Spring v6.1.6
2026-06-18 11:33:43.619 [main] INFO  [c.c.c.CitizenServiceApplication] - No active profile set, falling back to 1 default profile: "default"
2026-06-18 11:33:45.870 [main] INFO  [o.s.d.r.c.RepositoryConfigurationDelegate] - Bootstrapping Spring Data JPA repositories in DEFAULT mode.
2026-06-18 11:33:45.977 [main] INFO  [o.s.d.r.c.RepositoryConfigurationDelegate] - Finished Spring Data repository scanning in 95 ms. Found 2 JPA repository interfaces.
2026-06-18 11:33:47.197 [main] INFO  [o.s.b.w.e.tomcat.TomcatWebServer] - Tomcat initialized with port 8082 (http)
2026-06-18 11:33:47.226 [main] INFO  [o.a.coyote.http11.Http11NioProtocol] - Initializing ProtocolHandler ["http-nio-8082"]
2026-06-18 11:33:47.233 [main] INFO  [o.a.catalina.core.StandardService] - Starting service [Tomcat]
2026-06-18 11:33:47.235 [main] INFO  [o.a.catalina.core.StandardEngine] - Starting Servlet engine: [Apache Tomcat/10.1.20]
2026-06-18 11:33:47.396 [main] INFO  [o.a.c.c.C.[Tomcat].[localhost].[/]] - Initializing Spring embedded WebApplicationContext
2026-06-18 11:33:47.398 [main] INFO  [o.s.b.w.s.c.ServletWebServerApplicationContext] - Root WebApplicationContext: initialization completed in 3655 ms
2026-06-18 11:33:47.527 [main] DEBUG [c.c.citizen.security.JwtAuthFilter] - Filter 'jwtAuthFilter' configured for use
2026-06-18 11:33:47.717 [main] INFO  [o.h.jpa.internal.util.LogHelper] - HHH000204: Processing PersistenceUnitInfo [name: default]
2026-06-18 11:33:47.803 [main] INFO  [org.hibernate.Version] - HHH000412: Hibernate ORM core version 6.4.4.Final
2026-06-18 11:33:47.861 [main] INFO  [o.h.c.i.RegionFactoryInitiator] - HHH000026: Second-level cache disabled
2026-06-18 11:33:48.289 [main] INFO  [o.s.o.j.p.SpringPersistenceUnitInfo] - No LoadTimeWeaver setup: ignoring JPA class transformer
2026-06-18 11:33:48.341 [main] INFO  [com.zaxxer.hikari.HikariDataSource] - HikariPool-1 - Starting...
2026-06-18 11:33:48.641 [main] INFO  [com.zaxxer.hikari.pool.HikariPool] - HikariPool-1 - Added connection com.mysql.cj.jdbc.ConnectionImpl@377e573a
2026-06-18 11:33:48.645 [main] INFO  [com.zaxxer.hikari.HikariDataSource] - HikariPool-1 - Start completed.
2026-06-18 11:33:48.727 [main] WARN  [org.hibernate.orm.deprecation] - HHH90000025: MySQLDialect does not need to be specified explicitly using 'hibernate.dialect' (remove the property setting and it will be selected by default)
2026-06-18 11:33:51.060 [main] INFO  [o.h.e.t.j.p.i.JtaPlatformInitiator] - HHH000489: No JTA platform available (set 'hibernate.transaction.jta.platform' to enable JTA platform integration)
2026-06-18 11:33:51.233 [main] INFO  [o.s.o.j.LocalContainerEntityManagerFactoryBean] - Initialized JPA EntityManagerFactory for persistence unit 'default'
2026-06-18 11:33:52.187 [main] WARN  [o.s.b.a.o.j.JpaBaseConfiguration$JpaWebConfiguration] - spring.jpa.open-in-view is enabled by default. Therefore, database queries may be performed during view rendering. Explicitly configure spring.jpa.open-in-view to disable this warning
2026-06-18 11:33:52.243 [main] WARN  [o.s.b.a.s.s.UserDetailsServiceAutoConfiguration] - 

Using generated security password: 248ec6f5-a00b-4139-a619-6e445f56dccd

This generated password is for development use only. Your security configuration must be updated before running your application in production.

2026-06-18 11:33:52.909 [main] INFO  [o.s.s.web.DefaultSecurityFilterChain] - Will secure any request with [org.springframework.security.web.session.DisableEncodeUrlFilter@45e49d3d, org.springframework.security.web.context.request.async.WebAsyncManagerIntegrationFilter@72e5206, org.springframework.security.web.context.SecurityContextHolderFilter@60c68c7b, org.springframework.security.web.header.HeaderWriterFilter@10efb806, org.springframework.web.filter.CorsFilter@4615bc00, org.springframework.security.web.authentication.logout.LogoutFilter@30942f54, com.civicdesk.citizen.security.JwtAuthFilter@10980560, org.springframework.security.web.savedrequest.RequestCacheAwareFilter@7a79a5d6, org.springframework.security.web.servletapi.SecurityContextHolderAwareRequestFilter@4a5eb613, org.springframework.security.web.authentication.AnonymousAuthenticationFilter@37f75ebf, org.springframework.security.web.session.SessionManagementFilter@16eca98a, org.springframework.security.web.access.ExceptionTranslationFilter@128ebca1, org.springframework.security.web.access.intercept.AuthorizationFilter@56728f48]
2026-06-18 11:33:53.578 [main] INFO  [o.a.coyote.http11.Http11NioProtocol] - Starting ProtocolHandler ["http-nio-8082"]
2026-06-18 11:33:53.616 [main] INFO  [o.s.b.w.e.tomcat.TomcatWebServer] - Tomcat started on port 8082 (http) with context path ''
2026-06-18 11:33:53.631 [main] INFO  [c.c.c.CitizenServiceApplication] - Started CitizenServiceApplication in 11.334 seconds (process running for 12.534)
2026-06-18 11:33:53.635 [main] INFO  [c.c.c.CitizenServiceApplication] - ===========================================
2026-06-18 11:33:53.636 [main] INFO  [c.c.c.CitizenServiceApplication] -   CivicDesk Citizen Service — STARTED
2026-06-18 11:33:53.636 [main] INFO  [c.c.c.CitizenServiceApplication] -   Swagger UI: http://localhost:8082/swagger-ui.html
2026-06-18 11:33:53.636 [main] INFO  [c.c.c.CitizenServiceApplication] - ===========================================
2026-06-18 11:50:42.659 [SpringApplicationShutdownHook] INFO  [o.s.o.j.LocalContainerEntityManagerFactoryBean] - Closing JPA EntityManagerFactory for persistence unit 'default'
2026-06-18 11:50:42.668 [SpringApplicationShutdownHook] INFO  [com.zaxxer.hikari.HikariDataSource] - HikariPool-1 - Shutdown initiated...
2026-06-18 11:50:42.709 [SpringApplicationShutdownHook] INFO  [com.zaxxer.hikari.HikariDataSource] - HikariPool-1 - Shutdown completed.
2026-06-18 11:50:47.555 [background-preinit] INFO  [o.h.validator.internal.util.Version] - HV000001: Hibernate Validator 8.0.1.Final
2026-06-18 11:50:47.674 [main] INFO  [c.c.c.CitizenServiceApplication] - Starting CitizenServiceApplication using Java 21.0.2 with PID 22744 (C:\Users\2506602\Downloads\civicdesk (1)\citizen-service\target\classes started by 2506602 in C:\Users\2506602\Downloads\civicdesk (1))
2026-06-18 11:50:47.675 [main] DEBUG [c.c.c.CitizenServiceApplication] - Running with Spring Boot v3.2.5, Spring v6.1.6
2026-06-18 11:50:47.676 [main] INFO  [c.c.c.CitizenServiceApplication] - No active profile set, falling back to 1 default profile: "default"
2026-06-18 11:50:50.431 [main] INFO  [o.s.d.r.c.RepositoryConfigurationDelegate] - Bootstrapping Spring Data JPA repositories in DEFAULT mode.
2026-06-18 11:50:50.579 [main] INFO  [o.s.d.r.c.RepositoryConfigurationDelegate] - Finished Spring Data repository scanning in 128 ms. Found 2 JPA repository interfaces.
2026-06-18 11:50:51.992 [main] INFO  [o.s.b.w.e.tomcat.TomcatWebServer] - Tomcat initialized with port 8082 (http)
2026-06-18 11:50:52.011 [main] INFO  [o.a.coyote.http11.Http11NioProtocol] - Initializing ProtocolHandler ["http-nio-8082"]
2026-06-18 11:50:52.017 [main] INFO  [o.a.catalina.core.StandardService] - Starting service [Tomcat]
2026-06-18 11:50:52.018 [main] INFO  [o.a.catalina.core.StandardEngine] - Starting Servlet engine: [Apache Tomcat/10.1.20]
2026-06-18 11:50:52.213 [main] INFO  [o.a.c.c.C.[Tomcat].[localhost].[/]] - Initializing Spring embedded WebApplicationContext
2026-06-18 11:50:52.214 [main] INFO  [o.s.b.w.s.c.ServletWebServerApplicationContext] - Root WebApplicationContext: initialization completed in 4389 ms
2026-06-18 11:50:52.322 [main] DEBUG [c.c.citizen.security.JwtAuthFilter] - Filter 'jwtAuthFilter' configured for use
2026-06-18 11:50:52.547 [main] INFO  [o.h.jpa.internal.util.LogHelper] - HHH000204: Processing PersistenceUnitInfo [name: default]
2026-06-18 11:50:52.782 [main] INFO  [org.hibernate.Version] - HHH000412: Hibernate ORM core version 6.4.4.Final
2026-06-18 11:50:52.886 [main] INFO  [o.h.c.i.RegionFactoryInitiator] - HHH000026: Second-level cache disabled
2026-06-18 11:50:53.614 [main] INFO  [o.s.o.j.p.SpringPersistenceUnitInfo] - No LoadTimeWeaver setup: ignoring JPA class transformer
2026-06-18 11:50:53.733 [main] INFO  [com.zaxxer.hikari.HikariDataSource] - HikariPool-1 - Starting...
2026-06-18 11:50:54.213 [main] INFO  [com.zaxxer.hikari.pool.HikariPool] - HikariPool-1 - Added connection com.mysql.cj.jdbc.ConnectionImpl@7d626f2
2026-06-18 11:50:54.220 [main] INFO  [com.zaxxer.hikari.HikariDataSource] - HikariPool-1 - Start completed.
2026-06-18 11:50:54.364 [main] WARN  [org.hibernate.orm.deprecation] - HHH90000025: MySQLDialect does not need to be specified explicitly using 'hibernate.dialect' (remove the property setting and it will be selected by default)
2026-06-18 11:50:56.717 [main] INFO  [o.h.e.t.j.p.i.JtaPlatformInitiator] - HHH000489: No JTA platform available (set 'hibernate.transaction.jta.platform' to enable JTA platform integration)
2026-06-18 11:50:57.282 [main] INFO  [o.s.o.j.LocalContainerEntityManagerFactoryBean] - Initialized JPA EntityManagerFactory for persistence unit 'default'
2026-06-18 11:50:58.502 [main] WARN  [o.s.b.a.o.j.JpaBaseConfiguration$JpaWebConfiguration] - spring.jpa.open-in-view is enabled by default. Therefore, database queries may be performed during view rendering. Explicitly configure spring.jpa.open-in-view to disable this warning
2026-06-18 11:50:58.552 [main] WARN  [o.s.b.a.s.s.UserDetailsServiceAutoConfiguration] - 

Using generated security password: cad4dba9-63ce-4a5e-86a7-f1365a7b49a5

This generated password is for development use only. Your security configuration must be updated before running your application in production.

2026-06-18 11:50:59.253 [main] INFO  [o.s.s.web.DefaultSecurityFilterChain] - Will secure any request with [org.springframework.security.web.session.DisableEncodeUrlFilter@55b5ce0f, org.springframework.security.web.context.request.async.WebAsyncManagerIntegrationFilter@65067d37, org.springframework.security.web.context.SecurityContextHolderFilter@2a728076, org.springframework.security.web.header.HeaderWriterFilter@1b18fa79, org.springframework.web.filter.CorsFilter@74f9004c, org.springframework.security.web.authentication.logout.LogoutFilter@282079b9, com.civicdesk.citizen.security.JwtAuthFilter@10980560, org.springframework.security.web.savedrequest.RequestCacheAwareFilter@67fda9fb, org.springframework.security.web.servletapi.SecurityContextHolderAwareRequestFilter@580a5b6e, org.springframework.security.web.authentication.AnonymousAuthenticationFilter@4f2a0909, org.springframework.security.web.session.SessionManagementFilter@34128fed, org.springframework.security.web.access.ExceptionTranslationFilter@103a1ad3, org.springframework.security.web.access.intercept.AuthorizationFilter@d60aa4]
2026-06-18 11:51:00.020 [main] INFO  [o.a.coyote.http11.Http11NioProtocol] - Starting ProtocolHandler ["http-nio-8082"]
2026-06-18 11:51:00.232 [main] INFO  [o.s.b.w.e.tomcat.TomcatWebServer] - Tomcat started on port 8082 (http) with context path ''
2026-06-18 11:51:00.626 [main] INFO  [c.c.c.CitizenServiceApplication] - Started CitizenServiceApplication in 14.096 seconds (process running for 14.808)
2026-06-18 11:51:00.636 [main] INFO  [c.c.c.CitizenServiceApplication] - ===========================================
2026-06-18 11:51:00.636 [main] INFO  [c.c.c.CitizenServiceApplication] -   CivicDesk Citizen Service — STARTED
2026-06-18 11:51:00.645 [main] INFO  [c.c.c.CitizenServiceApplication] -   Swagger UI: http://localhost:8082/swagger-ui.html
2026-06-18 11:51:00.657 [main] INFO  [c.c.c.CitizenServiceApplication] - ===========================================
2026-06-18 14:06:51.185 [HikariPool-1 housekeeper] WARN  [com.zaxxer.hikari.pool.HikariPool] - HikariPool-1 - Thread starvation or clock leap detected (housekeeper delta=1h1m55s281ms320µs300ns).
2026-06-18 14:08:00.830 [HikariPool-1 housekeeper] WARN  [com.zaxxer.hikari.pool.HikariPool] - HikariPool-1 - Thread starvation or clock leap detected (housekeeper delta=1m10s755ms792µs900ns).
2026-06-18 14:09:50.062 [HikariPool-1 housekeeper] WARN  [com.zaxxer.hikari.pool.HikariPool] - HikariPool-1 - Thread starvation or clock leap detected (housekeeper delta=1m49s231ms240µs300ns).
2026-06-18 14:32:46.452 [HikariPool-1 housekeeper] WARN  [com.zaxxer.hikari.pool.HikariPool] - HikariPool-1 - Thread starvation or clock leap detected (housekeeper delta=55s672ms453µs100ns).
2026-06-18 15:22:14.897 [HikariPool-1 housekeeper] WARN  [com.zaxxer.hikari.pool.HikariPool] - HikariPool-1 - Thread starvation or clock leap detected (housekeeper delta=2m25s392ms952µs).
2026-06-18 15:38:01.365 [SpringApplicationShutdownHook] INFO  [o.s.o.j.LocalContainerEntityManagerFactoryBean] - Closing JPA EntityManagerFactory for persistence unit 'default'
2026-06-18 15:38:02.027 [SpringApplicationShutdownHook] INFO  [com.zaxxer.hikari.HikariDataSource] - HikariPool-1 - Shutdown initiated...
2026-06-18 15:38:02.226 [SpringApplicationShutdownHook] INFO  [com.zaxxer.hikari.HikariDataSource] - HikariPool-1 - Shutdown completed.
2026-07-06 11:52:07.663 [background-preinit] INFO  [o.h.validator.internal.util.Version] - HV000001: Hibernate Validator 8.0.1.Final
2026-07-06 11:52:07.742 [main] INFO  [c.c.c.CitizenServiceApplication] - Starting CitizenServiceApplication using Java 21.0.2 with PID 21036 (C:\Users\2506602\OneDrive - Cognizant\Desktop\civicDesk microservice\civicDesk\citizen-service\target\classes started by 2506602 in C:\Users\2506602\OneDrive - Cognizant\Desktop\civicDesk microservice\civicDesk)
2026-07-06 11:52:07.742 [main] DEBUG [c.c.c.CitizenServiceApplication] - Running with Spring Boot v3.2.5, Spring v6.1.6
2026-07-06 11:52:07.743 [main] INFO  [c.c.c.CitizenServiceApplication] - No active profile set, falling back to 1 default profile: "default"
2026-07-06 11:52:09.086 [main] INFO  [o.s.d.r.c.RepositoryConfigurationDelegate] - Bootstrapping Spring Data JPA repositories in DEFAULT mode.
2026-07-06 11:52:09.150 [main] INFO  [o.s.d.r.c.RepositoryConfigurationDelegate] - Finished Spring Data repository scanning in 55 ms. Found 2 JPA repository interfaces.
2026-07-06 11:52:09.719 [main] INFO  [o.s.b.w.e.tomcat.TomcatWebServer] - Tomcat initialized with port 8082 (http)
2026-07-06 11:52:09.730 [main] INFO  [o.a.coyote.http11.Http11NioProtocol] - Initializing ProtocolHandler ["http-nio-8082"]
2026-07-06 11:52:09.733 [main] INFO  [o.a.catalina.core.StandardService] - Starting service [Tomcat]
2026-07-06 11:52:09.733 [main] INFO  [o.a.catalina.core.StandardEngine] - Starting Servlet engine: [Apache Tomcat/10.1.20]
2026-07-06 11:52:09.804 [main] INFO  [o.a.c.c.C.[Tomcat].[localhost].[/]] - Initializing Spring embedded WebApplicationContext
2026-07-06 11:52:09.805 [main] INFO  [o.s.b.w.s.c.ServletWebServerApplicationContext] - Root WebApplicationContext: initialization completed in 1959 ms
2026-07-06 11:52:09.856 [main] DEBUG [c.c.citizen.security.JwtAuthFilter] - Filter 'jwtAuthFilter' configured for use
2026-07-06 11:52:09.979 [main] INFO  [o.h.jpa.internal.util.LogHelper] - HHH000204: Processing PersistenceUnitInfo [name: default]
2026-07-06 11:52:10.035 [main] INFO  [org.hibernate.Version] - HHH000412: Hibernate ORM core version 6.4.4.Final
2026-07-06 11:52:10.067 [main] INFO  [o.h.c.i.RegionFactoryInitiator] - HHH000026: Second-level cache disabled
2026-07-06 11:52:10.324 [main] INFO  [o.s.o.j.p.SpringPersistenceUnitInfo] - No LoadTimeWeaver setup: ignoring JPA class transformer
2026-07-06 11:52:10.355 [main] INFO  [com.zaxxer.hikari.HikariDataSource] - HikariPool-1 - Starting...
2026-07-06 11:52:10.518 [main] INFO  [com.zaxxer.hikari.pool.HikariPool] - HikariPool-1 - Added connection com.mysql.cj.jdbc.ConnectionImpl@17d816b3
2026-07-06 11:52:10.521 [main] INFO  [com.zaxxer.hikari.HikariDataSource] - HikariPool-1 - Start completed.
2026-07-06 11:52:10.589 [main] WARN  [org.hibernate.orm.deprecation] - HHH90000025: MySQLDialect does not need to be specified explicitly using 'hibernate.dialect' (remove the property setting and it will be selected by default)
2026-07-06 11:52:11.725 [main] INFO  [o.h.e.t.j.p.i.JtaPlatformInitiator] - HHH000489: No JTA platform available (set 'hibernate.transaction.jta.platform' to enable JTA platform integration)
2026-07-06 11:52:11.810 [main] INFO  [o.s.o.j.LocalContainerEntityManagerFactoryBean] - Initialized JPA EntityManagerFactory for persistence unit 'default'
2026-07-06 11:52:12.375 [main] WARN  [o.s.b.a.o.j.JpaBaseConfiguration$JpaWebConfiguration] - spring.jpa.open-in-view is enabled by default. Therefore, database queries may be performed during view rendering. Explicitly configure spring.jpa.open-in-view to disable this warning
2026-07-06 11:52:12.396 [main] WARN  [o.s.b.a.s.s.UserDetailsServiceAutoConfiguration] - 

Using generated security password: 77b10245-703b-4976-8679-700f8517b872

This generated password is for development use only. Your security configuration must be updated before running your application in production.

2026-07-06 11:52:12.779 [main] INFO  [o.s.s.web.DefaultSecurityFilterChain] - Will secure any request with [org.springframework.security.web.session.DisableEncodeUrlFilter@d60aa4, org.springframework.security.web.context.request.async.WebAsyncManagerIntegrationFilter@30942f54, org.springframework.security.web.context.SecurityContextHolderFilter@34128fed, org.springframework.security.web.header.HeaderWriterFilter@66ab3716, org.springframework.web.filter.CorsFilter@11d557a5, org.springframework.security.web.authentication.logout.LogoutFilter@713c8cbb, com.civicdesk.citizen.security.JwtAuthFilter@73ca34e7, org.springframework.security.web.savedrequest.RequestCacheAwareFilter@4dfe56dc, org.springframework.security.web.servletapi.SecurityContextHolderAwareRequestFilter@2a728076, org.springframework.security.web.authentication.AnonymousAuthenticationFilter@55b5ce0f, org.springframework.security.web.session.SessionManagementFilter@4f5d7091, org.springframework.security.web.access.ExceptionTranslationFilter@31d791c0, org.springframework.security.web.access.intercept.AuthorizationFilter@490f2fad]
2026-07-06 11:52:13.180 [main] INFO  [o.a.coyote.http11.Http11NioProtocol] - Starting ProtocolHandler ["http-nio-8082"]
2026-07-06 11:52:13.210 [main] INFO  [o.s.b.w.e.tomcat.TomcatWebServer] - Tomcat started on port 8082 (http) with context path ''
2026-07-06 11:52:13.218 [main] INFO  [c.c.c.CitizenServiceApplication] - Started CitizenServiceApplication in 6.509 seconds (process running for 7.69)
2026-07-06 11:52:13.221 [main] INFO  [c.c.c.CitizenServiceApplication] - ===========================================
2026-07-06 11:52:13.221 [main] INFO  [c.c.c.CitizenServiceApplication] -   CivicDesk Citizen Service — STARTED
2026-07-06 11:52:13.221 [main] INFO  [c.c.c.CitizenServiceApplication] -   Swagger UI: http://localhost:8082/swagger-ui.html
2026-07-06 11:52:13.221 [main] INFO  [c.c.c.CitizenServiceApplication] - ===========================================
2026-07-06 11:52:30.553 [http-nio-8082-exec-1] INFO  [o.a.c.c.C.[Tomcat].[localhost].[/]] - Initializing Spring DispatcherServlet 'dispatcherServlet'
2026-07-06 11:52:30.555 [http-nio-8082-exec-1] INFO  [o.s.web.servlet.DispatcherServlet] - Initializing Servlet 'dispatcherServlet'
2026-07-06 11:52:30.557 [http-nio-8082-exec-1] INFO  [o.s.web.servlet.DispatcherServlet] - Completed initialization in 2 ms
2026-07-06 11:52:32.782 [http-nio-8082-exec-10] INFO  [o.s.api.AbstractOpenApiResource] - Init duration for springdoc-openapi is: 1525 ms
2026-07-06 12:20:47.794 [HikariPool-1 housekeeper] WARN  [com.zaxxer.hikari.pool.HikariPool] - HikariPool-1 - Thread starvation or clock leap detected (housekeeper delta=5m6s773ms808µs100ns).
2026-07-06 13:41:56.617 [HikariPool-1 housekeeper] WARN  [com.zaxxer.hikari.pool.HikariPool] - HikariPool-1 - Thread starvation or clock leap detected (housekeeper delta=1h9m8s678ms202µs).
2026-07-06 13:48:42.443 [HikariPool-1 housekeeper] WARN  [com.zaxxer.hikari.pool.HikariPool] - HikariPool-1 - Thread starvation or clock leap detected (housekeeper delta=6m45s826ms186µs800ns).
2026-07-06 14:56:25.706 [SpringApplicationShutdownHook] INFO  [o.s.o.j.LocalContainerEntityManagerFactoryBean] - Closing JPA EntityManagerFactory for persistence unit 'default'
2026-07-06 14:56:25.821 [SpringApplicationShutdownHook] INFO  [com.zaxxer.hikari.HikariDataSource] - HikariPool-1 - Shutdown initiated...
2026-07-06 14:56:25.850 [SpringApplicationShutdownHook] INFO  [com.zaxxer.hikari.HikariDataSource] - HikariPool-1 - Shutdown completed.
2026-07-06 15:44:49.755 [background-preinit] INFO  [o.h.validator.internal.util.Version] - HV000001: Hibernate Validator 8.0.1.Final
2026-07-06 15:44:49.859 [main] INFO  [c.c.c.CitizenServiceApplication] - Starting CitizenServiceApplication using Java 21.0.2 with PID 29648 (C:\Users\2506602\OneDrive - Cognizant\Desktop\civicDesk microservice\civicDesk\citizen-service\target\classes started by 2506602 in C:\Users\2506602\OneDrive - Cognizant\Desktop\civicDesk microservice\civicDesk)
2026-07-06 15:44:49.861 [main] DEBUG [c.c.c.CitizenServiceApplication] - Running with Spring Boot v3.2.5, Spring v6.1.6
2026-07-06 15:44:49.864 [main] INFO  [c.c.c.CitizenServiceApplication] - No active profile set, falling back to 1 default profile: "default"
2026-07-06 15:44:52.138 [main] INFO  [o.s.d.r.c.RepositoryConfigurationDelegate] - Bootstrapping Spring Data JPA repositories in DEFAULT mode.
2026-07-06 15:44:52.359 [main] INFO  [o.s.d.r.c.RepositoryConfigurationDelegate] - Finished Spring Data repository scanning in 178 ms. Found 2 JPA repository interfaces.
2026-07-06 15:44:53.580 [main] INFO  [o.s.b.w.e.tomcat.TomcatWebServer] - Tomcat initialized with port 8082 (http)
2026-07-06 15:44:53.605 [main] INFO  [o.a.coyote.http11.Http11NioProtocol] - Initializing ProtocolHandler ["http-nio-8082"]
2026-07-06 15:44:53.609 [main] INFO  [o.a.catalina.core.StandardService] - Starting service [Tomcat]
2026-07-06 15:44:53.610 [main] INFO  [o.a.catalina.core.StandardEngine] - Starting Servlet engine: [Apache Tomcat/10.1.20]
2026-07-06 15:44:53.756 [main] INFO  [o.a.c.c.C.[Tomcat].[localhost].[/]] - Initializing Spring embedded WebApplicationContext
2026-07-06 15:44:53.781 [main] INFO  [o.s.b.w.s.c.ServletWebServerApplicationContext] - Root WebApplicationContext: initialization completed in 3741 ms
2026-07-06 15:44:53.925 [main] DEBUG [c.c.citizen.security.JwtAuthFilter] - Filter 'jwtAuthFilter' configured for use
2026-07-06 15:44:54.173 [main] INFO  [o.h.jpa.internal.util.LogHelper] - HHH000204: Processing PersistenceUnitInfo [name: default]
2026-07-06 15:44:54.320 [main] INFO  [org.hibernate.Version] - HHH000412: Hibernate ORM core version 6.4.4.Final
2026-07-06 15:44:54.395 [main] INFO  [o.h.c.i.RegionFactoryInitiator] - HHH000026: Second-level cache disabled
2026-07-06 15:44:55.002 [main] INFO  [o.s.o.j.p.SpringPersistenceUnitInfo] - No LoadTimeWeaver setup: ignoring JPA class transformer
2026-07-06 15:44:55.104 [main] INFO  [com.zaxxer.hikari.HikariDataSource] - HikariPool-1 - Starting...
2026-07-06 15:44:55.509 [main] INFO  [com.zaxxer.hikari.pool.HikariPool] - HikariPool-1 - Added connection com.mysql.cj.jdbc.ConnectionImpl@31e7afde
2026-07-06 15:44:55.514 [main] INFO  [com.zaxxer.hikari.HikariDataSource] - HikariPool-1 - Start completed.
2026-07-06 15:44:55.614 [main] WARN  [org.hibernate.orm.deprecation] - HHH90000025: MySQLDialect does not need to be specified explicitly using 'hibernate.dialect' (remove the property setting and it will be selected by default)
2026-07-06 15:44:57.612 [main] INFO  [o.h.e.t.j.p.i.JtaPlatformInitiator] - HHH000489: No JTA platform available (set 'hibernate.transaction.jta.platform' to enable JTA platform integration)
2026-07-06 15:44:57.765 [main] INFO  [o.s.o.j.LocalContainerEntityManagerFactoryBean] - Initialized JPA EntityManagerFactory for persistence unit 'default'
2026-07-06 15:44:58.733 [main] WARN  [o.s.b.a.o.j.JpaBaseConfiguration$JpaWebConfiguration] - spring.jpa.open-in-view is enabled by default. Therefore, database queries may be performed during view rendering. Explicitly configure spring.jpa.open-in-view to disable this warning
2026-07-06 15:44:58.778 [main] WARN  [o.s.b.a.s.s.UserDetailsServiceAutoConfiguration] - 

Using generated security password: c907e58a-aea4-443d-9117-626a8128724c

This generated password is for development use only. Your security configuration must be updated before running your application in production.

2026-07-06 15:44:59.397 [main] INFO  [o.s.s.web.DefaultSecurityFilterChain] - Will secure any request with [org.springframework.security.web.session.DisableEncodeUrlFilter@1e834a5b, org.springframework.security.web.context.request.async.WebAsyncManagerIntegrationFilter@7fda84cf, org.springframework.security.web.context.SecurityContextHolderFilter@23ee31b8, org.springframework.security.web.header.HeaderWriterFilter@445d878c, org.springframework.web.filter.CorsFilter@313a3af8, org.springframework.security.web.authentication.logout.LogoutFilter@5e528476, com.civicdesk.citizen.security.JwtAuthFilter@1953bc95, org.springframework.security.web.savedrequest.RequestCacheAwareFilter@16422f27, org.springframework.security.web.servletapi.SecurityContextHolderAwareRequestFilter@5dfb65d5, org.springframework.security.web.authentication.AnonymousAuthenticationFilter@19240b9, org.springframework.security.web.session.SessionManagementFilter@4f466207, org.springframework.security.web.access.ExceptionTranslationFilter@14927cd4, org.springframework.security.web.access.intercept.AuthorizationFilter@4ad57db1]
2026-07-06 15:44:59.953 [main] INFO  [o.a.coyote.http11.Http11NioProtocol] - Starting ProtocolHandler ["http-nio-8082"]
2026-07-06 15:44:59.963 [main] WARN  [o.s.b.w.s.c.AnnotationConfigServletWebServerApplicationContext] - Exception encountered during context initialization - cancelling refresh attempt: org.springframework.context.ApplicationContextException: Failed to start bean 'webServerStartStop'
2026-07-06 15:44:59.966 [main] INFO  [o.s.o.j.LocalContainerEntityManagerFactoryBean] - Closing JPA EntityManagerFactory for persistence unit 'default'
2026-07-06 15:44:59.970 [main] INFO  [com.zaxxer.hikari.HikariDataSource] - HikariPool-1 - Shutdown initiated...
2026-07-06 15:44:59.978 [main] INFO  [com.zaxxer.hikari.HikariDataSource] - HikariPool-1 - Shutdown completed.
2026-07-06 15:45:00.001 [main] INFO  [o.s.b.a.l.ConditionEvaluationReportLogger] - 

Error starting ApplicationContext. To display the condition evaluation report re-run your application with 'debug' enabled.
2026-07-06 15:45:00.057 [main] ERROR [o.s.b.d.LoggingFailureAnalysisReporter] - 

***************************
APPLICATION FAILED TO START
***************************

Description:

Web server failed to start. Port 8082 was already in use.

Action:

Identify and stop the process that's listening on port 8082 or configure this application to listen on another port.

