2026-06-17 12:53:05.931 [background-preinit] INFO  [o.h.validator.internal.util.Version] - HV000001: Hibernate Validator 8.0.1.Final
2026-06-17 12:53:06.006 [main] INFO  [c.c.c.CitizenServiceApplication] - Starting CitizenServiceApplication using Java 21.0.2 with PID 24556 (C:\Users\2506602\Downloads\civicdesk (1)\citizen-service\target\classes started by 2506602 in C:\Users\2506602\Downloads\civicdesk (1))
2026-06-17 12:53:06.007 [main] DEBUG [c.c.c.CitizenServiceApplication] - Running with Spring Boot v3.2.5, Spring v6.1.6
2026-06-17 12:53:06.008 [main] INFO  [c.c.c.CitizenServiceApplication] - No active profile set, falling back to 1 default profile: "default"
2026-06-17 12:53:07.620 [main] INFO  [o.s.d.r.c.RepositoryConfigurationDelegate] - Bootstrapping Spring Data JPA repositories in DEFAULT mode.
2026-06-17 12:53:07.703 [main] INFO  [o.s.d.r.c.RepositoryConfigurationDelegate] - Finished Spring Data repository scanning in 74 ms. Found 2 JPA repository interfaces.
2026-06-17 12:53:08.592 [main] INFO  [o.s.b.w.e.tomcat.TomcatWebServer] - Tomcat initialized with port 8082 (http)
2026-06-17 12:53:08.611 [main] INFO  [o.a.coyote.http11.Http11NioProtocol] - Initializing ProtocolHandler ["http-nio-8082"]
2026-06-17 12:53:08.615 [main] INFO  [o.a.catalina.core.StandardService] - Starting service [Tomcat]
2026-06-17 12:53:08.616 [main] INFO  [o.a.catalina.core.StandardEngine] - Starting Servlet engine: [Apache Tomcat/10.1.20]
2026-06-17 12:53:08.736 [main] INFO  [o.a.c.c.C.[Tomcat].[localhost].[/]] - Initializing Spring embedded WebApplicationContext
2026-06-17 12:53:08.738 [main] INFO  [o.s.b.w.s.c.ServletWebServerApplicationContext] - Root WebApplicationContext: initialization completed in 2594 ms
2026-06-17 12:53:08.869 [main] DEBUG [c.c.citizen.security.JwtAuthFilter] - Filter 'jwtAuthFilter' configured for use
2026-06-17 12:53:09.051 [main] INFO  [o.h.jpa.internal.util.LogHelper] - HHH000204: Processing PersistenceUnitInfo [name: default]
2026-06-17 12:53:09.165 [main] INFO  [org.hibernate.Version] - HHH000412: Hibernate ORM core version 6.4.4.Final
2026-06-17 12:53:09.242 [main] INFO  [o.h.c.i.RegionFactoryInitiator] - HHH000026: Second-level cache disabled
2026-06-17 12:53:09.803 [main] INFO  [o.s.o.j.p.SpringPersistenceUnitInfo] - No LoadTimeWeaver setup: ignoring JPA class transformer
2026-06-17 12:53:09.860 [main] INFO  [com.zaxxer.hikari.HikariDataSource] - HikariPool-1 - Starting...
2026-06-17 12:53:10.275 [main] INFO  [com.zaxxer.hikari.pool.HikariPool] - HikariPool-1 - Added connection com.mysql.cj.jdbc.ConnectionImpl@3e39f08c
2026-06-17 12:53:10.280 [main] INFO  [com.zaxxer.hikari.HikariDataSource] - HikariPool-1 - Start completed.
2026-06-17 12:53:10.379 [main] WARN  [org.hibernate.orm.deprecation] - HHH90000025: MySQLDialect does not need to be specified explicitly using 'hibernate.dialect' (remove the property setting and it will be selected by default)
2026-06-17 12:53:12.502 [main] INFO  [o.h.e.t.j.p.i.JtaPlatformInitiator] - HHH000489: No JTA platform available (set 'hibernate.transaction.jta.platform' to enable JTA platform integration)
2026-06-17 12:53:12.935 [main] INFO  [o.s.o.j.LocalContainerEntityManagerFactoryBean] - Initialized JPA EntityManagerFactory for persistence unit 'default'
2026-06-17 12:53:14.132 [main] WARN  [o.s.b.a.o.j.JpaBaseConfiguration$JpaWebConfiguration] - spring.jpa.open-in-view is enabled by default. Therefore, database queries may be performed during view rendering. Explicitly configure spring.jpa.open-in-view to disable this warning
2026-06-17 12:53:14.164 [main] WARN  [o.s.b.a.s.s.UserDetailsServiceAutoConfiguration] - 

Using generated security password: e1579882-08de-4495-8117-da31974469a3

This generated password is for development use only. Your security configuration must be updated before running your application in production.

2026-06-17 12:53:14.837 [main] INFO  [o.s.s.web.DefaultSecurityFilterChain] - Will secure any request with [org.springframework.security.web.session.DisableEncodeUrlFilter@6bbd4048, org.springframework.security.web.context.request.async.WebAsyncManagerIntegrationFilter@5f815f93, org.springframework.security.web.context.SecurityContextHolderFilter@4e773b8a, org.springframework.security.web.header.HeaderWriterFilter@7aa62a90, org.springframework.web.filter.CorsFilter@7a8e484b, org.springframework.security.web.authentication.logout.LogoutFilter@53bc6492, com.civicdesk.citizen.security.JwtAuthFilter@66ec4409, org.springframework.security.web.savedrequest.RequestCacheAwareFilter@57eb2555, org.springframework.security.web.servletapi.SecurityContextHolderAwareRequestFilter@490f2fad, org.springframework.security.web.authentication.AnonymousAuthenticationFilter@643f8ebe, org.springframework.security.web.session.SessionManagementFilter@23974cac, org.springframework.security.web.access.ExceptionTranslationFilter@4f466207, org.springframework.security.web.access.intercept.AuthorizationFilter@7dd92a36]
2026-06-17 12:53:15.580 [main] INFO  [o.a.coyote.http11.Http11NioProtocol] - Starting ProtocolHandler ["http-nio-8082"]
2026-06-17 12:53:15.621 [main] INFO  [o.s.b.w.e.tomcat.TomcatWebServer] - Tomcat started on port 8082 (http) with context path ''
2026-06-17 12:53:15.633 [main] INFO  [c.c.c.CitizenServiceApplication] - Started CitizenServiceApplication in 10.572 seconds (process running for 11.612)
2026-06-17 12:53:15.639 [main] INFO  [c.c.c.CitizenServiceApplication] - ===========================================
2026-06-17 12:53:15.639 [main] INFO  [c.c.c.CitizenServiceApplication] -   CivicDesk Citizen Service — STARTED
2026-06-17 12:53:15.639 [main] INFO  [c.c.c.CitizenServiceApplication] -   Swagger UI: http://localhost:8082/swagger-ui.html
2026-06-17 12:53:15.640 [main] INFO  [c.c.c.CitizenServiceApplication] - ===========================================
2026-06-17 13:21:57.798 [HikariPool-1 housekeeper] WARN  [com.zaxxer.hikari.pool.HikariPool] - HikariPool-1 - Thread starvation or clock leap detected (housekeeper delta=18m16s192ms306µs700ns).
2026-06-17 14:12:17.229 [SpringApplicationShutdownHook] INFO  [o.s.o.j.LocalContainerEntityManagerFactoryBean] - Closing JPA EntityManagerFactory for persistence unit 'default'
2026-06-17 14:12:17.343 [SpringApplicationShutdownHook] INFO  [com.zaxxer.hikari.HikariDataSource] - HikariPool-1 - Shutdown initiated...
2026-06-17 14:12:17.370 [SpringApplicationShutdownHook] INFO  [com.zaxxer.hikari.HikariDataSource] - HikariPool-1 - Shutdown completed.
2026-06-17 14:12:47.305 [background-preinit] INFO  [o.h.validator.internal.util.Version] - HV000001: Hibernate Validator 8.0.1.Final
2026-06-17 14:12:47.424 [main] INFO  [c.c.c.CitizenServiceApplication] - Starting CitizenServiceApplication using Java 21.0.2 with PID 15968 (C:\Users\2506602\Downloads\civicdesk (1)\citizen-service\target\classes started by 2506602 in C:\Users\2506602\Downloads\civicdesk (1))
2026-06-17 14:12:47.425 [main] DEBUG [c.c.c.CitizenServiceApplication] - Running with Spring Boot v3.2.5, Spring v6.1.6
2026-06-17 14:12:47.427 [main] INFO  [c.c.c.CitizenServiceApplication] - No active profile set, falling back to 1 default profile: "default"
2026-06-17 14:12:49.848 [main] INFO  [o.s.d.r.c.RepositoryConfigurationDelegate] - Bootstrapping Spring Data JPA repositories in DEFAULT mode.
2026-06-17 14:12:50.020 [main] INFO  [o.s.d.r.c.RepositoryConfigurationDelegate] - Finished Spring Data repository scanning in 153 ms. Found 2 JPA repository interfaces.
2026-06-17 14:12:51.317 [main] INFO  [o.s.b.w.e.tomcat.TomcatWebServer] - Tomcat initialized with port 8082 (http)
2026-06-17 14:12:51.337 [main] INFO  [o.a.coyote.http11.Http11NioProtocol] - Initializing ProtocolHandler ["http-nio-8082"]
2026-06-17 14:12:51.342 [main] INFO  [o.a.catalina.core.StandardService] - Starting service [Tomcat]
2026-06-17 14:12:51.343 [main] INFO  [o.a.catalina.core.StandardEngine] - Starting Servlet engine: [Apache Tomcat/10.1.20]
2026-06-17 14:12:51.479 [main] INFO  [o.a.c.c.C.[Tomcat].[localhost].[/]] - Initializing Spring embedded WebApplicationContext
2026-06-17 14:12:51.481 [main] INFO  [o.s.b.w.s.c.ServletWebServerApplicationContext] - Root WebApplicationContext: initialization completed in 3904 ms
2026-06-17 14:12:51.639 [main] DEBUG [c.c.citizen.security.JwtAuthFilter] - Filter 'jwtAuthFilter' configured for use
2026-06-17 14:12:51.919 [main] INFO  [o.h.jpa.internal.util.LogHelper] - HHH000204: Processing PersistenceUnitInfo [name: default]
2026-06-17 14:12:52.072 [main] INFO  [org.hibernate.Version] - HHH000412: Hibernate ORM core version 6.4.4.Final
2026-06-17 14:12:52.161 [main] INFO  [o.h.c.i.RegionFactoryInitiator] - HHH000026: Second-level cache disabled
2026-06-17 14:12:52.718 [main] INFO  [o.s.o.j.p.SpringPersistenceUnitInfo] - No LoadTimeWeaver setup: ignoring JPA class transformer
2026-06-17 14:12:52.766 [main] INFO  [com.zaxxer.hikari.HikariDataSource] - HikariPool-1 - Starting...
2026-06-17 14:12:53.121 [main] INFO  [com.zaxxer.hikari.pool.HikariPool] - HikariPool-1 - Added connection com.mysql.cj.jdbc.ConnectionImpl@652b3733
2026-06-17 14:12:53.124 [main] INFO  [com.zaxxer.hikari.HikariDataSource] - HikariPool-1 - Start completed.
2026-06-17 14:12:53.217 [main] WARN  [org.hibernate.orm.deprecation] - HHH90000025: MySQLDialect does not need to be specified explicitly using 'hibernate.dialect' (remove the property setting and it will be selected by default)
2026-06-17 14:12:56.080 [main] INFO  [o.h.e.t.j.p.i.JtaPlatformInitiator] - HHH000489: No JTA platform available (set 'hibernate.transaction.jta.platform' to enable JTA platform integration)
2026-06-17 14:12:56.407 [main] INFO  [o.s.o.j.LocalContainerEntityManagerFactoryBean] - Initialized JPA EntityManagerFactory for persistence unit 'default'
2026-06-17 14:12:57.988 [main] WARN  [o.s.b.a.o.j.JpaBaseConfiguration$JpaWebConfiguration] - spring.jpa.open-in-view is enabled by default. Therefore, database queries may be performed during view rendering. Explicitly configure spring.jpa.open-in-view to disable this warning
2026-06-17 14:12:58.051 [main] WARN  [o.s.b.a.s.s.UserDetailsServiceAutoConfiguration] - 

Using generated security password: afbbcda8-20f9-4357-b726-1300786c0762

This generated password is for development use only. Your security configuration must be updated before running your application in production.

2026-06-17 14:12:58.897 [main] INFO  [o.s.s.web.DefaultSecurityFilterChain] - Will secure any request with [org.springframework.security.web.session.DisableEncodeUrlFilter@7680beac, org.springframework.security.web.context.request.async.WebAsyncManagerIntegrationFilter@7053a864, org.springframework.security.web.context.SecurityContextHolderFilter@103a1ad3, org.springframework.security.web.header.HeaderWriterFilter@4c90fc3b, org.springframework.web.filter.CorsFilter@282079b9, org.springframework.security.web.authentication.logout.LogoutFilter@7a79a5d6, com.civicdesk.citizen.security.JwtAuthFilter@50b46e24, org.springframework.security.web.savedrequest.RequestCacheAwareFilter@1b18fa79, org.springframework.security.web.servletapi.SecurityContextHolderAwareRequestFilter@24347d8b, org.springframework.security.web.authentication.AnonymousAuthenticationFilter@3d6c7152, org.springframework.security.web.session.SessionManagementFilter@31d791c0, org.springframework.security.web.access.ExceptionTranslationFilter@63767d, org.springframework.security.web.access.intercept.AuthorizationFilter@5dfb65d5]
2026-06-17 14:12:59.762 [main] INFO  [o.a.coyote.http11.Http11NioProtocol] - Starting ProtocolHandler ["http-nio-8082"]
2026-06-17 14:12:59.817 [main] INFO  [o.s.b.w.e.tomcat.TomcatWebServer] - Tomcat started on port 8082 (http) with context path ''
2026-06-17 14:12:59.838 [main] INFO  [c.c.c.CitizenServiceApplication] - Started CitizenServiceApplication in 13.772 seconds (process running for 14.926)
2026-06-17 14:12:59.847 [main] INFO  [c.c.c.CitizenServiceApplication] - ===========================================
2026-06-17 14:12:59.847 [main] INFO  [c.c.c.CitizenServiceApplication] -   CivicDesk Citizen Service — STARTED
2026-06-17 14:12:59.848 [main] INFO  [c.c.c.CitizenServiceApplication] -   Swagger UI: http://localhost:8082/swagger-ui.html
2026-06-17 14:12:59.848 [main] INFO  [c.c.c.CitizenServiceApplication] - ===========================================
2026-06-17 15:39:19.594 [SpringApplicationShutdownHook] INFO  [o.s.o.j.LocalContainerEntityManagerFactoryBean] - Closing JPA EntityManagerFactory for persistence unit 'default'
2026-06-17 15:39:19.900 [SpringApplicationShutdownHook] INFO  [com.zaxxer.hikari.HikariDataSource] - HikariPool-1 - Shutdown initiated...
2026-06-17 15:39:19.987 [SpringApplicationShutdownHook] INFO  [com.zaxxer.hikari.HikariDataSource] - HikariPool-1 - Shutdown completed.
2026-06-17 23:34:42.901 [background-preinit] INFO  [o.h.validator.internal.util.Version] - HV000001: Hibernate Validator 8.0.1.Final
2026-06-17 23:34:43.037 [main] INFO  [c.c.c.CitizenServiceApplication] - Starting CitizenServiceApplication using Java 21.0.2 with PID 19736 (C:\Users\2506602\Downloads\civicdesk (1)\citizen-service\target\classes started by 2506602 in C:\Users\2506602\Downloads\civicdesk (1))
2026-06-17 23:34:43.037 [main] DEBUG [c.c.c.CitizenServiceApplication] - Running with Spring Boot v3.2.5, Spring v6.1.6
2026-06-17 23:34:43.039 [main] INFO  [c.c.c.CitizenServiceApplication] - No active profile set, falling back to 1 default profile: "default"
2026-06-17 23:34:45.256 [main] INFO  [o.s.d.r.c.RepositoryConfigurationDelegate] - Bootstrapping Spring Data JPA repositories in DEFAULT mode.
2026-06-17 23:34:45.414 [main] INFO  [o.s.d.r.c.RepositoryConfigurationDelegate] - Finished Spring Data repository scanning in 141 ms. Found 2 JPA repository interfaces.
2026-06-17 23:34:46.890 [main] INFO  [o.s.b.w.e.tomcat.TomcatWebServer] - Tomcat initialized with port 8082 (http)
2026-06-17 23:34:46.916 [main] INFO  [o.a.coyote.http11.Http11NioProtocol] - Initializing ProtocolHandler ["http-nio-8082"]
2026-06-17 23:34:46.918 [main] INFO  [o.a.catalina.core.StandardService] - Starting service [Tomcat]
2026-06-17 23:34:46.922 [main] INFO  [o.a.catalina.core.StandardEngine] - Starting Servlet engine: [Apache Tomcat/10.1.20]
2026-06-17 23:34:47.100 [main] INFO  [o.a.c.c.C.[Tomcat].[localhost].[/]] - Initializing Spring embedded WebApplicationContext
2026-06-17 23:34:47.100 [main] INFO  [o.s.b.w.s.c.ServletWebServerApplicationContext] - Root WebApplicationContext: initialization completed in 3890 ms
2026-06-17 23:34:47.252 [main] DEBUG [c.c.citizen.security.JwtAuthFilter] - Filter 'jwtAuthFilter' configured for use
2026-06-17 23:34:47.488 [main] INFO  [o.h.jpa.internal.util.LogHelper] - HHH000204: Processing PersistenceUnitInfo [name: default]
2026-06-17 23:34:47.586 [main] INFO  [org.hibernate.Version] - HHH000412: Hibernate ORM core version 6.4.4.Final
2026-06-17 23:34:47.651 [main] INFO  [o.h.c.i.RegionFactoryInitiator] - HHH000026: Second-level cache disabled
2026-06-17 23:34:48.064 [main] INFO  [o.s.o.j.p.SpringPersistenceUnitInfo] - No LoadTimeWeaver setup: ignoring JPA class transformer
2026-06-17 23:34:48.109 [main] INFO  [com.zaxxer.hikari.HikariDataSource] - HikariPool-1 - Starting...
2026-06-17 23:34:48.422 [main] INFO  [com.zaxxer.hikari.pool.HikariPool] - HikariPool-1 - Added connection com.mysql.cj.jdbc.ConnectionImpl@17d816b3
2026-06-17 23:34:48.429 [main] INFO  [com.zaxxer.hikari.HikariDataSource] - HikariPool-1 - Start completed.
2026-06-17 23:34:48.599 [main] WARN  [org.hibernate.orm.deprecation] - HHH90000025: MySQLDialect does not need to be specified explicitly using 'hibernate.dialect' (remove the property setting and it will be selected by default)
2026-06-17 23:34:50.648 [main] INFO  [o.h.e.t.j.p.i.JtaPlatformInitiator] - HHH000489: No JTA platform available (set 'hibernate.transaction.jta.platform' to enable JTA platform integration)
2026-06-17 23:34:50.845 [main] INFO  [o.s.o.j.LocalContainerEntityManagerFactoryBean] - Initialized JPA EntityManagerFactory for persistence unit 'default'
2026-06-17 23:34:51.829 [main] WARN  [o.s.b.a.o.j.JpaBaseConfiguration$JpaWebConfiguration] - spring.jpa.open-in-view is enabled by default. Therefore, database queries may be performed during view rendering. Explicitly configure spring.jpa.open-in-view to disable this warning
2026-06-17 23:34:51.866 [main] WARN  [o.s.b.a.s.s.UserDetailsServiceAutoConfiguration] - 

Using generated security password: 183eb81a-e635-4e38-a829-a4073af6b2d9

This generated password is for development use only. Your security configuration must be updated before running your application in production.

2026-06-17 23:34:52.369 [main] INFO  [o.s.s.web.DefaultSecurityFilterChain] - Will secure any request with [org.springframework.security.web.session.DisableEncodeUrlFilter@57eb2555, org.springframework.security.web.context.request.async.WebAsyncManagerIntegrationFilter@490f2fad, org.springframework.security.web.context.SecurityContextHolderFilter@13e6ab86, org.springframework.security.web.header.HeaderWriterFilter@671c71e8, org.springframework.web.filter.CorsFilter@3ed3e66d, org.springframework.security.web.authentication.logout.LogoutFilter@5fc42998, com.civicdesk.citizen.security.JwtAuthFilter@681c0ae6, org.springframework.security.web.savedrequest.RequestCacheAwareFilter@18b88f7, org.springframework.security.web.servletapi.SecurityContextHolderAwareRequestFilter@128ebca1, org.springframework.security.web.authentication.AnonymousAuthenticationFilter@e9947af, org.springframework.security.web.session.SessionManagementFilter@54d116d5, org.springframework.security.web.access.ExceptionTranslationFilter@3ede428e, org.springframework.security.web.access.intercept.AuthorizationFilter@56e9126f]
2026-06-17 23:34:52.970 [main] INFO  [o.a.coyote.http11.Http11NioProtocol] - Starting ProtocolHandler ["http-nio-8082"]
2026-06-17 23:34:53.014 [main] INFO  [o.s.b.w.e.tomcat.TomcatWebServer] - Tomcat started on port 8082 (http) with context path ''
2026-06-17 23:34:53.031 [main] INFO  [c.c.c.CitizenServiceApplication] - Started CitizenServiceApplication in 11.442 seconds (process running for 12.746)
2026-06-17 23:34:53.031 [main] INFO  [c.c.c.CitizenServiceApplication] - ===========================================
2026-06-17 23:34:53.031 [main] INFO  [c.c.c.CitizenServiceApplication] -   CivicDesk Citizen Service — STARTED
2026-06-17 23:34:53.031 [main] INFO  [c.c.c.CitizenServiceApplication] -   Swagger UI: http://localhost:8082/swagger-ui.html
2026-06-17 23:34:53.031 [main] INFO  [c.c.c.CitizenServiceApplication] - ===========================================
2026-06-17 23:49:44.514 [SpringApplicationShutdownHook] INFO  [o.s.o.j.LocalContainerEntityManagerFactoryBean] - Closing JPA EntityManagerFactory for persistence unit 'default'
2026-06-17 23:49:44.534 [SpringApplicationShutdownHook] INFO  [com.zaxxer.hikari.HikariDataSource] - HikariPool-1 - Shutdown initiated...
2026-06-17 23:49:44.561 [SpringApplicationShutdownHook] INFO  [com.zaxxer.hikari.HikariDataSource] - HikariPool-1 - Shutdown completed.
